TID: [-1234] [] [2025-05-26 08:36:51,269] [a3c92189-e050-4dee-a795-1cb50760cd0d]  WARN {org.wso2.carbon.identity.application.authentication.framework.CommonAuthenticationHandler} - Session nonce cookie validation has failed for the sessionDataKey: 0574a8ec-dd35-41e1-8f02-fc740743f058. Hence, restarting the login flow.
TID: [-1234] [] [2025-05-26 08:51:19,295] [a0d919b8-3eb7-43b5-b5ed-f464e00c0df2] ERROR {org.wso2.carbon.identity.application.authentication.framework.handler.request.impl.DefaultRequestCoordinator} - Exception in Authentication Framework org.wso2.carbon.identity.application.authentication.framework.exception.FrameworkException: No authenticator can handle the request in step :  1
	at org.wso2.carbon.identity.application.authentication.framework.handler.step.impl.DefaultStepHandler.handleResponse(DefaultStepHandler.java:662)
	at org.wso2.carbon.identity.application.authentication.framework.handler.step.impl.DefaultStepHandler.handle(DefaultStepHandler.java:242)
	at org.wso2.carbon.identity.application.authentication.framework.handler.sequence.impl.GraphBasedSequenceHandler.handleAuthenticationStep(GraphBasedSequenceHandler.java:506)
	at org.wso2.carbon.identity.application.authentication.framework.handler.sequence.impl.GraphBasedSequenceHandler.handleNode(GraphBasedSequenceHandler.java:202)
	at org.wso2.carbon.identity.application.authentication.framework.handler.sequence.impl.GraphBasedSequenceHandler.handle(GraphBasedSequenceHandler.java:152)
	at org.wso2.carbon.identity.application.authentication.framework.handler.request.impl.DefaultAuthenticationRequestHandler.handle(DefaultAuthenticationRequestHandler.java:202)
	at org.wso2.carbon.identity.application.authentication.framework.handler.request.impl.DefaultRequestCoordinator.handle(DefaultRequestCoordinator.java:346)
	at org.wso2.carbon.identity.application.authentication.framework.CommonAuthenticationHandler.doPost(CommonAuthenticationHandler.java:57)
	at org.wso2.carbon.identity.application.authentication.framework.CommonAuthenticationHandler.doGet(CommonAuthenticationHandler.java:46)
	at org.wso2.carbon.identity.application.authentication.framework.servlet.CommonAuthenticationServlet.doPost(CommonAuthenticationServlet.java:54)
	at javax.servlet.http.HttpServlet.service(HttpServlet.java:681)
	at javax.servlet.http.HttpServlet.service(HttpServlet.java:764)
	at org.eclipse.equinox.http.helper.ContextPathServletAdaptor.service(ContextPathServletAdaptor.java:37)
	at org.eclipse.equinox.http.servlet.internal.ServletRegistration.service(ServletRegistration.java:61)
	at org.eclipse.equinox.http.servlet.internal.ProxyServlet.processAlias(ProxyServlet.java:128)
	at org.eclipse.equinox.http.servlet.internal.ProxyServlet.service(ProxyServlet.java:60)
	at javax.servlet.http.HttpServlet.service(HttpServlet.java:764)
	at org.wso2.carbon.tomcat.ext.servlet.DelegationServlet.service(DelegationServlet.java:68)
	at org.apache.catalina.core.ApplicationFilterChain.internalDoFilter(ApplicationFilterChain.java:227)
	at org.apache.catalina.core.ApplicationFilterChain.doFilter(ApplicationFilterChain.java:162)
	at org.apache.tomcat.websocket.server.WsFilter.doFilter(WsFilter.java:53)
	at org.apache.catalina.core.ApplicationFilterChain.internalDoFilter(ApplicationFilterChain.java:189)
	at org.apache.catalina.core.ApplicationFilterChain.doFilter(ApplicationFilterChain.java:162)
	at org.wso2.carbon.identity.custom.header.filter.CustomHeaderFilter.doFilter(CustomHeaderFilter.java:32)
	at org.apache.catalina.core.ApplicationFilterChain.internalDoFilter(ApplicationFilterChain.java:189)
	at org.apache.catalina.core.ApplicationFilterChain.doFilter(ApplicationFilterChain.java:162)
	at org.apache.catalina.filters.HttpHeaderSecurityFilter.doFilter(HttpHeaderSecurityFilter.java:126)
	at org.apache.catalina.core.ApplicationFilterChain.internalDoFilter(ApplicationFilterChain.java:189)
	at org.apache.catalina.core.ApplicationFilterChain.doFilter(ApplicationFilterChain.java:162)
	at org.owasp.csrfguard.CsrfGuardFilter.doFilter(CsrfGuardFilter.java:72)
	at org.apache.catalina.core.ApplicationFilterChain.internalDoFilter(ApplicationFilterChain.java:189)
	at org.apache.catalina.core.ApplicationFilterChain.doFilter(ApplicationFilterChain.java:162)
	at org.apache.catalina.filters.HttpHeaderSecurityFilter.doFilter(HttpHeaderSecurityFilter.java:126)
	at org.apache.catalina.core.ApplicationFilterChain.internalDoFilter(ApplicationFilterChain.java:189)
	at org.apache.catalina.core.ApplicationFilterChain.doFilter(ApplicationFilterChain.java:162)
	at org.wso2.carbon.tomcat.ext.filter.CharacterSetFilter.doFilter(CharacterSetFilter.java:65)
	at org.apache.catalina.core.ApplicationFilterChain.internalDoFilter(ApplicationFilterChain.java:189)
	at org.apache.catalina.core.ApplicationFilterChain.doFilter(ApplicationFilterChain.java:162)
	at org.apache.catalina.filters.HttpHeaderSecurityFilter.doFilter(HttpHeaderSecurityFilter.java:126)
	at org.apache.catalina.core.ApplicationFilterChain.internalDoFilter(ApplicationFilterChain.java:189)
	at org.apache.catalina.core.ApplicationFilterChain.doFilter(ApplicationFilterChain.java:162)
	at org.apache.catalina.core.StandardWrapperValve.invoke(StandardWrapperValve.java:197)
	at org.apache.catalina.core.StandardContextValve.invoke(StandardContextValve.java:97)
	at org.apache.catalina.authenticator.AuthenticatorBase.invoke(AuthenticatorBase.java:540)
	at org.apache.catalina.core.StandardHostValve.invoke(StandardHostValve.java:135)
	at org.apache.catalina.valves.ErrorReportValve.invoke(ErrorReportValve.java:92)
	at org.wso2.carbon.identity.context.rewrite.valve.TenantContextRewriteValve.invoke(TenantContextRewriteValve.java:119)
	at org.wso2.carbon.identity.context.rewrite.valve.OrganizationContextRewriteValve.invoke(OrganizationContextRewriteValve.java:115)
	at org.wso2.carbon.tomcat.ext.valves.SameSiteCookieValve.invoke(SameSiteCookieValve.java:38)
	at org.wso2.carbon.identity.cors.valve.CORSValve.invoke(CORSValve.java:83)
	at org.wso2.carbon.identity.authz.valve.AuthorizationValve.invoke(AuthorizationValve.java:185)
	at org.wso2.carbon.identity.auth.valve.AuthenticationValve.invoke(AuthenticationValve.java:120)
	at org.wso2.carbon.tomcat.ext.valves.CompositeValve.continueInvocation(CompositeValve.java:110)
	at org.wso2.carbon.tomcat.ext.valves.TomcatValveContainer.invokeValves(TomcatValveContainer.java:49)
	at org.wso2.carbon.tomcat.ext.valves.CompositeValve.invoke(CompositeValve.java:71)
	at org.wso2.carbon.tomcat.ext.valves.CarbonStuckThreadDetectionValve.invoke(CarbonStuckThreadDetectionValve.java:152)
	at org.apache.catalina.valves.AbstractAccessLogValve.invoke(AbstractAccessLogValve.java:687)
	at org.wso2.carbon.tomcat.ext.valves.CarbonContextCreatorValve.invoke(CarbonContextCreatorValve.java:63)
	at org.wso2.carbon.tomcat.ext.valves.RequestEncodingValve.invoke(RequestEncodingValve.java:49)
	at org.wso2.carbon.tomcat.ext.valves.RequestCorrelationIdValve.invoke(RequestCorrelationIdValve.java:137)
	at org.apache.catalina.core.StandardEngineValve.invoke(StandardEngineValve.java:78)
	at org.apache.catalina.connector.CoyoteAdapter.service(CoyoteAdapter.java:359)
	at org.apache.coyote.http11.Http11Processor.service(Http11Processor.java:399)
	at org.apache.coyote.AbstractProcessorLight.process(AbstractProcessorLight.java:65)
	at org.apache.coyote.AbstractProtocol$ConnectionHandler.process(AbstractProtocol.java:889)
	at org.apache.tomcat.util.net.NioEndpoint$SocketProcessor.doRun(NioEndpoint.java:1735)
	at org.apache.tomcat.util.net.SocketProcessorBase.run(SocketProcessorBase.java:49)
	at org.apache.tomcat.util.threads.ThreadPoolExecutor.runWorker(ThreadPoolExecutor.java:1191)
	at org.apache.tomcat.util.threads.ThreadPoolExecutor$Worker.run(ThreadPoolExecutor.java:659)
	at org.apache.tomcat.util.threads.TaskThread$WrappingRunnable.run(TaskThread.java:61)
	at java.base/java.lang.Thread.run(Thread.java:834)

TID: [-1234] [authenticationendpoint] [2025-05-26 08:59:17,134] [37be5ca9-76df-46bf-852e-e79d71eba3e1] ERROR {org.apache.catalina.core.ContainerBase.[Catalina].[localhost].[/authenticationendpoint].[default]} - Servlet.service() for servlet [default] in context with path [/authenticationendpoint] threw exception java.util.ConcurrentModificationException
	at java.base/java.util.HashMap$HashIterator.nextNode(HashMap.java:1510)
	at java.base/java.util.HashMap$EntryIterator.next(HashMap.java:1543)
	at java.base/java.util.HashMap$EntryIterator.next(HashMap.java:1541)
	at org.wso2.carbon.identity.custom.header.filter.CustomHeaderFilter.doFilter(CustomHeaderFilter.java:29)
	at org.apache.catalina.core.ApplicationFilterChain.internalDoFilter(ApplicationFilterChain.java:189)
	at org.apache.catalina.core.ApplicationFilterChain.doFilter(ApplicationFilterChain.java:162)
	at org.apache.catalina.filters.HttpHeaderSecurityFilter.doFilter(HttpHeaderSecurityFilter.java:126)
	at org.apache.catalina.core.ApplicationFilterChain.internalDoFilter(ApplicationFilterChain.java:189)
	at org.apache.catalina.core.ApplicationFilterChain.doFilter(ApplicationFilterChain.java:162)
	at org.wso2.carbon.tomcat.ext.filter.ContentTypeBasedCachePreventionFilter.doFilter(ContentTypeBasedCachePreventionFilter.java:51)
	at org.apache.catalina.core.ApplicationFilterChain.internalDoFilter(ApplicationFilterChain.java:189)
	at org.apache.catalina.core.ApplicationFilterChain.doFilter(ApplicationFilterChain.java:162)
	at org.wso2.carbon.identity.application.authentication.endpoint.util.filter.AuthenticationEndpointFilter.doFilter(AuthenticationEndpointFilter.java:190)
	at org.apache.catalina.core.ApplicationFilterChain.internalDoFilter(ApplicationFilterChain.java:189)
	at org.apache.catalina.core.ApplicationFilterChain.doFilter(ApplicationFilterChain.java:162)
	at org.wso2.carbon.identity.application.authentication.endpoint.util.filter.AuthParameterFilter.doFilter(AuthParameterFilter.java:98)
	at org.apache.catalina.core.ApplicationFilterChain.internalDoFilter(ApplicationFilterChain.java:189)
	at org.apache.catalina.core.ApplicationFilterChain.doFilter(ApplicationFilterChain.java:162)
	at org.apache.catalina.filters.HttpHeaderSecurityFilter.doFilter(HttpHeaderSecurityFilter.java:126)
	at org.apache.catalina.core.ApplicationFilterChain.internalDoFilter(ApplicationFilterChain.java:189)
	at org.apache.catalina.core.ApplicationFilterChain.doFilter(ApplicationFilterChain.java:162)
	at org.apache.catalina.core.StandardWrapperValve.invoke(StandardWrapperValve.java:197)
	at org.apache.catalina.core.StandardContextValve.invoke(StandardContextValve.java:97)
	at org.apache.catalina.authenticator.AuthenticatorBase.invoke(AuthenticatorBase.java:540)
	at org.apache.catalina.core.StandardHostValve.invoke(StandardHostValve.java:135)
	at org.apache.catalina.valves.ErrorReportValve.invoke(ErrorReportValve.java:92)
	at org.wso2.carbon.identity.context.rewrite.valve.TenantContextRewriteValve.invoke(TenantContextRewriteValve.java:119)
	at org.wso2.carbon.identity.context.rewrite.valve.OrganizationContextRewriteValve.invoke(OrganizationContextRewriteValve.java:115)
	at org.wso2.carbon.tomcat.ext.valves.SameSiteCookieValve.invoke(SameSiteCookieValve.java:38)
	at org.wso2.carbon.identity.cors.valve.CORSValve.invoke(CORSValve.java:83)
	at org.wso2.carbon.identity.authz.valve.AuthorizationValve.invoke(AuthorizationValve.java:185)
	at org.wso2.carbon.identity.auth.valve.AuthenticationValve.invoke(AuthenticationValve.java:120)
	at org.wso2.carbon.tomcat.ext.valves.CompositeValve.continueInvocation(CompositeValve.java:110)
	at org.wso2.carbon.tomcat.ext.valves.TomcatValveContainer.invokeValves(TomcatValveContainer.java:49)
	at org.wso2.carbon.tomcat.ext.valves.CompositeValve.invoke(CompositeValve.java:71)
	at org.wso2.carbon.tomcat.ext.valves.CarbonStuckThreadDetectionValve.invoke(CarbonStuckThreadDetectionValve.java:152)
	at org.apache.catalina.valves.AbstractAccessLogValve.invoke(AbstractAccessLogValve.java:687)
	at org.wso2.carbon.tomcat.ext.valves.CarbonContextCreatorValve.invoke(CarbonContextCreatorValve.java:63)
	at org.wso2.carbon.tomcat.ext.valves.RequestEncodingValve.invoke(RequestEncodingValve.java:49)
	at org.wso2.carbon.tomcat.ext.valves.RequestCorrelationIdValve.invoke(RequestCorrelationIdValve.java:137)
	at org.apache.catalina.core.StandardEngineValve.invoke(StandardEngineValve.java:78)
	at org.apache.catalina.connector.CoyoteAdapter.service(CoyoteAdapter.java:359)
	at org.apache.coyote.http11.Http11Processor.service(Http11Processor.java:399)
	at org.apache.coyote.AbstractProcessorLight.process(AbstractProcessorLight.java:65)
	at org.apache.coyote.AbstractProtocol$ConnectionHandler.process(AbstractProtocol.java:889)
	at org.apache.tomcat.util.net.NioEndpoint$SocketProcessor.doRun(NioEndpoint.java:1735)
	at org.apache.tomcat.util.net.SocketProcessorBase.run(SocketProcessorBase.java:49)
	at org.apache.tomcat.util.threads.ThreadPoolExecutor.runWorker(ThreadPoolExecutor.java:1191)
	at org.apache.tomcat.util.threads.ThreadPoolExecutor$Worker.run(ThreadPoolExecutor.java:659)
	at org.apache.tomcat.util.threads.TaskThread$WrappingRunnable.run(TaskThread.java:61)
	at java.base/java.lang.Thread.run(Thread.java:834)

TID: [-1234] [] [2025-05-26 09:45:42,973] [cbd3e1ab-16f9-4a6b-a0a6-d05331d9ddf2] ERROR {org.wso2.carbon.identity.sample.local.authenticator.global.defaultotp.DefaultOtpAuthenticator} - 

===========================================

{
  "type": "ERROR",
  "author": "wso2.carbon.identity.sample.local.authenticator",
  "logName": "wso2.carbon.identity.sample.local.authenticator_Custom Authenticator",
  "title": "DEFAULT_OTP_AUTHENTICATION_FAILED",
  "message": "DEFAULT_OTP_AUTHENTICATION_FAILED"
}

===========================================


TID: [-1234] [oauth2] [2025-05-26 10:05:13,186] [35423f8c-56bc-45b3-9953-eceb027cfd0c]  WARN {org.wso2.carbon.identity.oauth2.authz.validators.AbstractResponseTypeRequestValidator} - Provided Callback URL does not match with the registered one.
TID: [-1234] [oauth2] [2025-05-26 13:35:50,798] [228d18aa-e737-43c6-a79f-90ccc5786dde] ERROR {org.wso2.carbon.identity.oauth2.authz.handlers.util.ResponseTypeHandlerUtil} - Oauth post token issue listener org.wso2.carbon.identity.oauth2.IdentityOAuth2Exception: Error while persisting token to session mapping for sessionId: a639c39f6372d52d34fccce543cbd1c3e50cf41a8bd47b657fb669d4392bc218
	at org.wso2.carbon.identity.oauth2.dao.AccessTokenDAOImpl.storeTokenToSessionMapping(AccessTokenDAOImpl.java:1172)
	at org.wso2.carbon.identity.oauth.listener.OAuthTokenSessionMappingEventHandler.persistTokenToSessionMapping(OAuthTokenSessionMappingEventHandler.java:282)
	at org.wso2.carbon.identity.oauth.listener.OAuthTokenSessionMappingEventHandler.onPostTokenIssue(OAuthTokenSessionMappingEventHandler.java:172)
	at org.wso2.carbon.identity.data.publisher.oauth.OAuthInterceptorHandlerProxy.onPostTokenIssue(OAuthInterceptorHandlerProxy.java:91)
	at org.wso2.carbon.identity.oauth2.authz.handlers.util.ResponseTypeHandlerUtil.triggerPostListeners(ResponseTypeHandlerUtil.java:105)
	at org.wso2.carbon.identity.oauth2.authz.handlers.IDTokenTokenResponseTypeHandler.issue(IDTokenTokenResponseTypeHandler.java:46)
	at org.wso2.carbon.identity.oauth2.authz.AuthorizationHandlerManager.handleAuthorization(AuthorizationHandlerManager.java:254)
	at org.wso2.carbon.identity.oauth2.OAuth2Service.authorize(OAuth2Service.java:156)
	at org.wso2.carbon.identity.oauth.endpoint.authz.OAuth2AuthzEndpoint.authorize(OAuth2AuthzEndpoint.java:3429)
	at org.wso2.carbon.identity.oauth.endpoint.authz.OAuth2AuthzEndpoint.handleUserConsent(OAuth2AuthzEndpoint.java:1411)
	at org.wso2.carbon.identity.oauth.endpoint.authz.OAuth2AuthzEndpoint.handleConsent(OAuth2AuthzEndpoint.java:2791)
	at org.wso2.carbon.identity.oauth.endpoint.authz.OAuth2AuthzEndpoint.doUserAuthorization(OAuth2AuthzEndpoint.java:2737)
	at org.wso2.carbon.identity.oauth.endpoint.authz.OAuth2AuthzEndpoint.handleSuccessfulAuthentication(OAuth2AuthzEndpoint.java:1085)
	at org.wso2.carbon.identity.oauth.endpoint.authz.OAuth2AuthzEndpoint.handleAuthenticationResponse(OAuth2AuthzEndpoint.java:1037)
	at org.wso2.carbon.identity.oauth.endpoint.authz.OAuth2AuthzEndpoint.authorize(OAuth2AuthzEndpoint.java:305)
	at org.wso2.carbon.identity.oauth.endpoint.authz.OAuth2AuthzEndpoint.handleAuthFlowThroughFramework(OAuth2AuthzEndpoint.java:3623)
	at org.wso2.carbon.identity.oauth.endpoint.authz.OAuth2AuthzEndpoint.handleInitialAuthorizationRequest(OAuth2AuthzEndpoint.java:1269)
	at org.wso2.carbon.identity.oauth.endpoint.authz.OAuth2AuthzEndpoint.authorize(OAuth2AuthzEndpoint.java:303)
	at jdk.internal.reflect.GeneratedMethodAccessor224.invoke(Unknown Source)
	at java.base/jdk.internal.reflect.DelegatingMethodAccessorImpl.invoke(DelegatingMethodAccessorImpl.java:43)
	at java.base/java.lang.reflect.Method.invoke(Method.java:566)
	at org.apache.cxf.service.invoker.AbstractInvoker.performInvocation(AbstractInvoker.java:179)
	at org.apache.cxf.service.invoker.AbstractInvoker.invoke(AbstractInvoker.java:96)
	at org.apache.cxf.jaxrs.JAXRSInvoker.invoke(JAXRSInvoker.java:201)
	at org.apache.cxf.jaxrs.JAXRSInvoker.invoke(JAXRSInvoker.java:104)
	at org.apache.cxf.interceptor.ServiceInvokerInterceptor$1.run(ServiceInvokerInterceptor.java:59)
	at org.apache.cxf.interceptor.ServiceInvokerInterceptor.handleMessage(ServiceInvokerInterceptor.java:96)
	at org.apache.cxf.phase.PhaseInterceptorChain.doIntercept(PhaseInterceptorChain.java:307)
	at org.apache.cxf.transport.ChainInitiationObserver.onMessage(ChainInitiationObserver.java:121)
	at org.apache.cxf.transport.http.AbstractHTTPDestination.invoke(AbstractHTTPDestination.java:265)
	at org.apache.cxf.transport.servlet.ServletController.invokeDestination(ServletController.java:234)
	at org.apache.cxf.transport.servlet.ServletController.invoke(ServletController.java:208)
	at org.apache.cxf.transport.servlet.ServletController.invoke(ServletController.java:160)
	at org.apache.cxf.transport.servlet.CXFNonSpringServlet.invoke(CXFNonSpringServlet.java:225)
	at org.apache.cxf.transport.servlet.AbstractHTTPServlet.handleRequest(AbstractHTTPServlet.java:304)
	at org.apache.cxf.transport.servlet.AbstractHTTPServlet.doGet(AbstractHTTPServlet.java:222)
	at javax.servlet.http.HttpServlet.service(HttpServlet.java:655)
	at org.apache.cxf.transport.servlet.AbstractHTTPServlet.service(AbstractHTTPServlet.java:279)
	at org.apache.catalina.core.ApplicationFilterChain.internalDoFilter(ApplicationFilterChain.java:227)
	at org.apache.catalina.core.ApplicationFilterChain.doFilter(ApplicationFilterChain.java:162)
	at org.apache.tomcat.websocket.server.WsFilter.doFilter(WsFilter.java:53)
	at org.apache.catalina.core.ApplicationFilterChain.internalDoFilter(ApplicationFilterChain.java:189)
	at org.apache.catalina.core.ApplicationFilterChain.doFilter(ApplicationFilterChain.java:162)
	at org.apache.catalina.filters.HttpHeaderSecurityFilter.doFilter(HttpHeaderSecurityFilter.java:126)
	at org.apache.catalina.core.ApplicationFilterChain.internalDoFilter(ApplicationFilterChain.java:189)
	at org.apache.catalina.core.ApplicationFilterChain.doFilter(ApplicationFilterChain.java:162)
	at org.wso2.carbon.identity.custom.header.filter.CustomHeaderFilter.doFilter(CustomHeaderFilter.java:32)
	at org.apache.catalina.core.ApplicationFilterChain.internalDoFilter(ApplicationFilterChain.java:189)
	at org.apache.catalina.core.ApplicationFilterChain.doFilter(ApplicationFilterChain.java:162)
	at org.wso2.carbon.webapp.mgt.filter.AuthorizationHeaderFilter.doFilter(AuthorizationHeaderFilter.java:85)
	at org.apache.catalina.core.ApplicationFilterChain.internalDoFilter(ApplicationFilterChain.java:189)
	at org.apache.catalina.core.ApplicationFilterChain.doFilter(ApplicationFilterChain.java:162)
	at org.wso2.carbon.tomcat.ext.filter.ContentTypeBasedCachePreventionFilter.doFilter(ContentTypeBasedCachePreventionFilter.java:51)
	at org.apache.catalina.core.ApplicationFilterChain.internalDoFilter(ApplicationFilterChain.java:189)
	at org.apache.catalina.core.ApplicationFilterChain.doFilter(ApplicationFilterChain.java:162)
	at org.apache.catalina.filters.HttpHeaderSecurityFilter.doFilter(HttpHeaderSecurityFilter.java:126)
	at org.apache.catalina.core.ApplicationFilterChain.internalDoFilter(ApplicationFilterChain.java:189)
	at org.apache.catalina.core.ApplicationFilterChain.doFilter(ApplicationFilterChain.java:162)
	at org.apache.catalina.core.StandardWrapperValve.invoke(StandardWrapperValve.java:197)
	at org.apache.catalina.core.StandardContextValve.invoke(StandardContextValve.java:97)
	at org.apache.catalina.authenticator.AuthenticatorBase.invoke(AuthenticatorBase.java:540)
	at org.apache.catalina.core.StandardHostValve.invoke(StandardHostValve.java:135)
	at org.apache.catalina.valves.ErrorReportValve.invoke(ErrorReportValve.java:92)
	at org.wso2.carbon.identity.context.rewrite.valve.TenantContextRewriteValve.invoke(TenantContextRewriteValve.java:119)
	at org.wso2.carbon.identity.context.rewrite.valve.OrganizationContextRewriteValve.invoke(OrganizationContextRewriteValve.java:115)
	at org.wso2.carbon.tomcat.ext.valves.SameSiteCookieValve.invoke(SameSiteCookieValve.java:38)
	at org.wso2.carbon.identity.cors.valve.CORSValve.invoke(CORSValve.java:83)
	at org.wso2.carbon.identity.authz.valve.AuthorizationValve.invoke(AuthorizationValve.java:185)
	at org.wso2.carbon.identity.auth.valve.AuthenticationValve.invoke(AuthenticationValve.java:120)
	at org.wso2.carbon.tomcat.ext.valves.CompositeValve.continueInvocation(CompositeValve.java:110)
	at org.wso2.carbon.tomcat.ext.valves.TomcatValveContainer.invokeValves(TomcatValveContainer.java:49)
	at org.wso2.carbon.tomcat.ext.valves.CompositeValve.invoke(CompositeValve.java:71)
	at org.wso2.carbon.tomcat.ext.valves.CarbonStuckThreadDetectionValve.invoke(CarbonStuckThreadDetectionValve.java:152)
	at org.apache.catalina.valves.AbstractAccessLogValve.invoke(AbstractAccessLogValve.java:687)
	at org.wso2.carbon.tomcat.ext.valves.CarbonContextCreatorValve.invoke(CarbonContextCreatorValve.java:63)
	at org.wso2.carbon.tomcat.ext.valves.RequestEncodingValve.invoke(RequestEncodingValve.java:49)
	at org.wso2.carbon.tomcat.ext.valves.RequestCorrelationIdValve.invoke(RequestCorrelationIdValve.java:137)
	at org.apache.catalina.core.StandardEngineValve.invoke(StandardEngineValve.java:78)
	at org.apache.catalina.connector.CoyoteAdapter.service(CoyoteAdapter.java:359)
	at org.apache.coyote.http11.Http11Processor.service(Http11Processor.java:399)
	at org.apache.coyote.AbstractProcessorLight.process(AbstractProcessorLight.java:65)
	at org.apache.coyote.AbstractProtocol$ConnectionHandler.process(AbstractProtocol.java:889)
	at org.apache.tomcat.util.net.NioEndpoint$SocketProcessor.doRun(NioEndpoint.java:1735)
	at org.apache.tomcat.util.net.SocketProcessorBase.run(SocketProcessorBase.java:49)
	at org.apache.tomcat.util.threads.ThreadPoolExecutor.runWorker(ThreadPoolExecutor.java:1191)
	at org.apache.tomcat.util.threads.ThreadPoolExecutor$Worker.run(ThreadPoolExecutor.java:659)
	at org.apache.tomcat.util.threads.TaskThread$WrappingRunnable.run(TaskThread.java:61)
	at java.base/java.lang.Thread.run(Thread.java:834)
Caused by: com.microsoft.sqlserver.jdbc.SQLServerException: The INSERT statement conflicted with the FOREIGN KEY constraint "FK__IDN_OAUTH__TOKEN__440B1D61". The conflict occurred in database "IDENTITY_DB", table "dbo.IDN_OAUTH2_ACCESS_TOKEN", column 'TOKEN_ID'.
	at com.microsoft.sqlserver.jdbc.SQLServerException.makeFromDatabaseError(SQLServerException.java:265)
	at com.microsoft.sqlserver.jdbc.SQLServerStatement.getNextResult(SQLServerStatement.java:1676)
	at com.microsoft.sqlserver.jdbc.SQLServerPreparedStatement.doExecutePreparedStatement(SQLServerPreparedStatement.java:615)
	at com.microsoft.sqlserver.jdbc.SQLServerPreparedStatement$PrepStmtExecCmd.doExecute(SQLServerPreparedStatement.java:537)
	at com.microsoft.sqlserver.jdbc.TDSCommand.execute(IOBuffer.java:7730)
	at com.microsoft.sqlserver.jdbc.SQLServerConnection.executeCommand(SQLServerConnection.java:3786)
	at com.microsoft.sqlserver.jdbc.SQLServerStatement.executeCommand(SQLServerStatement.java:268)
	at com.microsoft.sqlserver.jdbc.SQLServerStatement.executeStatement(SQLServerStatement.java:242)
	at com.microsoft.sqlserver.jdbc.SQLServerPreparedStatement.execute(SQLServerPreparedStatement.java:515)
	at jdk.internal.reflect.GeneratedMethodAccessor152.invoke(Unknown Source)
	at java.base/jdk.internal.reflect.DelegatingMethodAccessorImpl.invoke(DelegatingMethodAccessorImpl.java:43)
	at java.base/java.lang.reflect.Method.invoke(Method.java:566)
	at org.apache.tomcat.jdbc.pool.StatementFacade$StatementProxy.invoke(StatementFacade.java:118)
	at com.sun.proxy.$Proxy54.execute(Unknown Source)
	at org.wso2.carbon.identity.oauth2.dao.AccessTokenDAOImpl.storeTokenToSessionMapping(AccessTokenDAOImpl.java:1165)
	... 87 more

TID: [-1234] [] [2025-05-26 13:40:58,472] [76e73e9c-8d94-4482-a80b-f96c6f4ee742] ERROR {org.wso2.carbon.identity.application.authentication.framework.handler.request.impl.DefaultRequestCoordinator} - Exception in Authentication Framework org.wso2.carbon.identity.application.authentication.framework.exception.FrameworkException: No authenticator can handle the request in step :  1
	at org.wso2.carbon.identity.application.authentication.framework.handler.step.impl.DefaultStepHandler.handleResponse(DefaultStepHandler.java:662)
	at org.wso2.carbon.identity.application.authentication.framework.handler.step.impl.DefaultStepHandler.handle(DefaultStepHandler.java:242)
	at org.wso2.carbon.identity.application.authentication.framework.handler.sequence.impl.GraphBasedSequenceHandler.handleAuthenticationStep(GraphBasedSequenceHandler.java:506)
	at org.wso2.carbon.identity.application.authentication.framework.handler.sequence.impl.GraphBasedSequenceHandler.handleNode(GraphBasedSequenceHandler.java:202)
	at org.wso2.carbon.identity.application.authentication.framework.handler.sequence.impl.GraphBasedSequenceHandler.handle(GraphBasedSequenceHandler.java:152)
	at org.wso2.carbon.identity.application.authentication.framework.handler.request.impl.DefaultAuthenticationRequestHandler.handle(DefaultAuthenticationRequestHandler.java:202)
	at org.wso2.carbon.identity.application.authentication.framework.handler.request.impl.DefaultRequestCoordinator.handle(DefaultRequestCoordinator.java:346)
	at org.wso2.carbon.identity.application.authentication.framework.CommonAuthenticationHandler.doPost(CommonAuthenticationHandler.java:57)
	at org.wso2.carbon.identity.application.authentication.framework.CommonAuthenticationHandler.doGet(CommonAuthenticationHandler.java:46)
	at org.wso2.carbon.identity.application.authentication.framework.servlet.CommonAuthenticationServlet.doPost(CommonAuthenticationServlet.java:54)
	at javax.servlet.http.HttpServlet.service(HttpServlet.java:681)
	at javax.servlet.http.HttpServlet.service(HttpServlet.java:764)
	at org.eclipse.equinox.http.helper.ContextPathServletAdaptor.service(ContextPathServletAdaptor.java:37)
	at org.eclipse.equinox.http.servlet.internal.ServletRegistration.service(ServletRegistration.java:61)
	at org.eclipse.equinox.http.servlet.internal.ProxyServlet.processAlias(ProxyServlet.java:128)
	at org.eclipse.equinox.http.servlet.internal.ProxyServlet.service(ProxyServlet.java:60)
	at javax.servlet.http.HttpServlet.service(HttpServlet.java:764)
	at org.wso2.carbon.tomcat.ext.servlet.DelegationServlet.service(DelegationServlet.java:68)
	at org.apache.catalina.core.ApplicationFilterChain.internalDoFilter(ApplicationFilterChain.java:227)
	at org.apache.catalina.core.ApplicationFilterChain.doFilter(ApplicationFilterChain.java:162)
	at org.apache.tomcat.websocket.server.WsFilter.doFilter(WsFilter.java:53)
	at org.apache.catalina.core.ApplicationFilterChain.internalDoFilter(ApplicationFilterChain.java:189)
	at org.apache.catalina.core.ApplicationFilterChain.doFilter(ApplicationFilterChain.java:162)
	at org.wso2.carbon.identity.custom.header.filter.CustomHeaderFilter.doFilter(CustomHeaderFilter.java:32)
	at org.apache.catalina.core.ApplicationFilterChain.internalDoFilter(ApplicationFilterChain.java:189)
	at org.apache.catalina.core.ApplicationFilterChain.doFilter(ApplicationFilterChain.java:162)
	at org.apache.catalina.filters.HttpHeaderSecurityFilter.doFilter(HttpHeaderSecurityFilter.java:126)
	at org.apache.catalina.core.ApplicationFilterChain.internalDoFilter(ApplicationFilterChain.java:189)
	at org.apache.catalina.core.ApplicationFilterChain.doFilter(ApplicationFilterChain.java:162)
	at org.owasp.csrfguard.CsrfGuardFilter.doFilter(CsrfGuardFilter.java:72)
	at org.apache.catalina.core.ApplicationFilterChain.internalDoFilter(ApplicationFilterChain.java:189)
	at org.apache.catalina.core.ApplicationFilterChain.doFilter(ApplicationFilterChain.java:162)
	at org.apache.catalina.filters.HttpHeaderSecurityFilter.doFilter(HttpHeaderSecurityFilter.java:126)
	at org.apache.catalina.core.ApplicationFilterChain.internalDoFilter(ApplicationFilterChain.java:189)
	at org.apache.catalina.core.ApplicationFilterChain.doFilter(ApplicationFilterChain.java:162)
	at org.wso2.carbon.tomcat.ext.filter.CharacterSetFilter.doFilter(CharacterSetFilter.java:65)
	at org.apache.catalina.core.ApplicationFilterChain.internalDoFilter(ApplicationFilterChain.java:189)
	at org.apache.catalina.core.ApplicationFilterChain.doFilter(ApplicationFilterChain.java:162)
	at org.apache.catalina.filters.HttpHeaderSecurityFilter.doFilter(HttpHeaderSecurityFilter.java:126)
	at org.apache.catalina.core.ApplicationFilterChain.internalDoFilter(ApplicationFilterChain.java:189)
	at org.apache.catalina.core.ApplicationFilterChain.doFilter(ApplicationFilterChain.java:162)
	at org.apache.catalina.core.StandardWrapperValve.invoke(StandardWrapperValve.java:197)
	at org.apache.catalina.core.StandardContextValve.invoke(StandardContextValve.java:97)
	at org.apache.catalina.authenticator.AuthenticatorBase.invoke(AuthenticatorBase.java:540)
	at org.apache.catalina.core.StandardHostValve.invoke(StandardHostValve.java:135)
	at org.apache.catalina.valves.ErrorReportValve.invoke(ErrorReportValve.java:92)
	at org.wso2.carbon.identity.context.rewrite.valve.TenantContextRewriteValve.invoke(TenantContextRewriteValve.java:119)
	at org.wso2.carbon.identity.context.rewrite.valve.OrganizationContextRewriteValve.invoke(OrganizationContextRewriteValve.java:115)
	at org.wso2.carbon.tomcat.ext.valves.SameSiteCookieValve.invoke(SameSiteCookieValve.java:38)
	at org.wso2.carbon.identity.cors.valve.CORSValve.invoke(CORSValve.java:83)
	at org.wso2.carbon.identity.authz.valve.AuthorizationValve.invoke(AuthorizationValve.java:185)
	at org.wso2.carbon.identity.auth.valve.AuthenticationValve.invoke(AuthenticationValve.java:120)
	at org.wso2.carbon.tomcat.ext.valves.CompositeValve.continueInvocation(CompositeValve.java:110)
	at org.wso2.carbon.tomcat.ext.valves.TomcatValveContainer.invokeValves(TomcatValveContainer.java:49)
	at org.wso2.carbon.tomcat.ext.valves.CompositeValve.invoke(CompositeValve.java:71)
	at org.wso2.carbon.tomcat.ext.valves.CarbonStuckThreadDetectionValve.invoke(CarbonStuckThreadDetectionValve.java:152)
	at org.apache.catalina.valves.AbstractAccessLogValve.invoke(AbstractAccessLogValve.java:687)
	at org.wso2.carbon.tomcat.ext.valves.CarbonContextCreatorValve.invoke(CarbonContextCreatorValve.java:63)
	at org.wso2.carbon.tomcat.ext.valves.RequestEncodingValve.invoke(RequestEncodingValve.java:49)
	at org.wso2.carbon.tomcat.ext.valves.RequestCorrelationIdValve.invoke(RequestCorrelationIdValve.java:137)
	at org.apache.catalina.core.StandardEngineValve.invoke(StandardEngineValve.java:78)
	at org.apache.catalina.connector.CoyoteAdapter.service(CoyoteAdapter.java:359)
	at org.apache.coyote.http11.Http11Processor.service(Http11Processor.java:399)
	at org.apache.coyote.AbstractProcessorLight.process(AbstractProcessorLight.java:65)
	at org.apache.coyote.AbstractProtocol$ConnectionHandler.process(AbstractProtocol.java:889)
	at org.apache.tomcat.util.net.NioEndpoint$SocketProcessor.doRun(NioEndpoint.java:1735)
	at org.apache.tomcat.util.net.SocketProcessorBase.run(SocketProcessorBase.java:49)
	at org.apache.tomcat.util.threads.ThreadPoolExecutor.runWorker(ThreadPoolExecutor.java:1191)
	at org.apache.tomcat.util.threads.ThreadPoolExecutor$Worker.run(ThreadPoolExecutor.java:659)
	at org.apache.tomcat.util.threads.TaskThread$WrappingRunnable.run(TaskThread.java:61)
	at java.base/java.lang.Thread.run(Thread.java:834)

TID: [-1234] [oauth2] [2025-05-26 14:25:18,419] [37cd397c-e8ec-4cb8-b478-d223ef522e08] ERROR {org.wso2.carbon.identity.oauth2.authz.handlers.util.ResponseTypeHandlerUtil} - Oauth post token issue listener org.wso2.carbon.identity.oauth2.IdentityOAuth2Exception: Error while persisting token to session mapping for sessionId: 7884803642afa4e146b0eeadb995a4d60165ebe0001a0e7ca6f0ec6094db01c0
	at org.wso2.carbon.identity.oauth2.dao.AccessTokenDAOImpl.storeTokenToSessionMapping(AccessTokenDAOImpl.java:1172)
	at org.wso2.carbon.identity.oauth.listener.OAuthTokenSessionMappingEventHandler.persistTokenToSessionMapping(OAuthTokenSessionMappingEventHandler.java:282)
	at org.wso2.carbon.identity.oauth.listener.OAuthTokenSessionMappingEventHandler.onPostTokenIssue(OAuthTokenSessionMappingEventHandler.java:172)
	at org.wso2.carbon.identity.data.publisher.oauth.OAuthInterceptorHandlerProxy.onPostTokenIssue(OAuthInterceptorHandlerProxy.java:91)
	at org.wso2.carbon.identity.oauth2.authz.handlers.util.ResponseTypeHandlerUtil.triggerPostListeners(ResponseTypeHandlerUtil.java:105)
	at org.wso2.carbon.identity.oauth2.authz.handlers.IDTokenTokenResponseTypeHandler.issue(IDTokenTokenResponseTypeHandler.java:46)
	at org.wso2.carbon.identity.oauth2.authz.AuthorizationHandlerManager.handleAuthorization(AuthorizationHandlerManager.java:254)
	at org.wso2.carbon.identity.oauth2.OAuth2Service.authorize(OAuth2Service.java:156)
	at org.wso2.carbon.identity.oauth.endpoint.authz.OAuth2AuthzEndpoint.authorize(OAuth2AuthzEndpoint.java:3429)
	at org.wso2.carbon.identity.oauth.endpoint.authz.OAuth2AuthzEndpoint.handleUserConsent(OAuth2AuthzEndpoint.java:1411)
	at org.wso2.carbon.identity.oauth.endpoint.authz.OAuth2AuthzEndpoint.handleConsent(OAuth2AuthzEndpoint.java:2791)
	at org.wso2.carbon.identity.oauth.endpoint.authz.OAuth2AuthzEndpoint.doUserAuthorization(OAuth2AuthzEndpoint.java:2737)
	at org.wso2.carbon.identity.oauth.endpoint.authz.OAuth2AuthzEndpoint.handleSuccessfulAuthentication(OAuth2AuthzEndpoint.java:1085)
	at org.wso2.carbon.identity.oauth.endpoint.authz.OAuth2AuthzEndpoint.handleAuthenticationResponse(OAuth2AuthzEndpoint.java:1037)
	at org.wso2.carbon.identity.oauth.endpoint.authz.OAuth2AuthzEndpoint.authorize(OAuth2AuthzEndpoint.java:305)
	at org.wso2.carbon.identity.oauth.endpoint.authz.OAuth2AuthzEndpoint.handleAuthFlowThroughFramework(OAuth2AuthzEndpoint.java:3623)
	at org.wso2.carbon.identity.oauth.endpoint.authz.OAuth2AuthzEndpoint.handleInitialAuthorizationRequest(OAuth2AuthzEndpoint.java:1269)
	at org.wso2.carbon.identity.oauth.endpoint.authz.OAuth2AuthzEndpoint.authorize(OAuth2AuthzEndpoint.java:303)
	at jdk.internal.reflect.GeneratedMethodAccessor224.invoke(Unknown Source)
	at java.base/jdk.internal.reflect.DelegatingMethodAccessorImpl.invoke(DelegatingMethodAccessorImpl.java:43)
	at java.base/java.lang.reflect.Method.invoke(Method.java:566)
	at org.apache.cxf.service.invoker.AbstractInvoker.performInvocation(AbstractInvoker.java:179)
	at org.apache.cxf.service.invoker.AbstractInvoker.invoke(AbstractInvoker.java:96)
	at org.apache.cxf.jaxrs.JAXRSInvoker.invoke(JAXRSInvoker.java:201)
	at org.apache.cxf.jaxrs.JAXRSInvoker.invoke(JAXRSInvoker.java:104)
	at org.apache.cxf.interceptor.ServiceInvokerInterceptor$1.run(ServiceInvokerInterceptor.java:59)
	at org.apache.cxf.interceptor.ServiceInvokerInterceptor.handleMessage(ServiceInvokerInterceptor.java:96)
	at org.apache.cxf.phase.PhaseInterceptorChain.doIntercept(PhaseInterceptorChain.java:307)
	at org.apache.cxf.transport.ChainInitiationObserver.onMessage(ChainInitiationObserver.java:121)
	at org.apache.cxf.transport.http.AbstractHTTPDestination.invoke(AbstractHTTPDestination.java:265)
	at org.apache.cxf.transport.servlet.ServletController.invokeDestination(ServletController.java:234)
	at org.apache.cxf.transport.servlet.ServletController.invoke(ServletController.java:208)
	at org.apache.cxf.transport.servlet.ServletController.invoke(ServletController.java:160)
	at org.apache.cxf.transport.servlet.CXFNonSpringServlet.invoke(CXFNonSpringServlet.java:225)
	at org.apache.cxf.transport.servlet.AbstractHTTPServlet.handleRequest(AbstractHTTPServlet.java:304)
	at org.apache.cxf.transport.servlet.AbstractHTTPServlet.doGet(AbstractHTTPServlet.java:222)
	at javax.servlet.http.HttpServlet.service(HttpServlet.java:655)
	at org.apache.cxf.transport.servlet.AbstractHTTPServlet.service(AbstractHTTPServlet.java:279)
	at org.apache.catalina.core.ApplicationFilterChain.internalDoFilter(ApplicationFilterChain.java:227)
	at org.apache.catalina.core.ApplicationFilterChain.doFilter(ApplicationFilterChain.java:162)
	at org.apache.tomcat.websocket.server.WsFilter.doFilter(WsFilter.java:53)
	at org.apache.catalina.core.ApplicationFilterChain.internalDoFilter(ApplicationFilterChain.java:189)
	at org.apache.catalina.core.ApplicationFilterChain.doFilter(ApplicationFilterChain.java:162)
	at org.apache.catalina.filters.HttpHeaderSecurityFilter.doFilter(HttpHeaderSecurityFilter.java:126)
	at org.apache.catalina.core.ApplicationFilterChain.internalDoFilter(ApplicationFilterChain.java:189)
	at org.apache.catalina.core.ApplicationFilterChain.doFilter(ApplicationFilterChain.java:162)
	at org.wso2.carbon.identity.custom.header.filter.CustomHeaderFilter.doFilter(CustomHeaderFilter.java:32)
	at org.apache.catalina.core.ApplicationFilterChain.internalDoFilter(ApplicationFilterChain.java:189)
	at org.apache.catalina.core.ApplicationFilterChain.doFilter(ApplicationFilterChain.java:162)
	at org.wso2.carbon.webapp.mgt.filter.AuthorizationHeaderFilter.doFilter(AuthorizationHeaderFilter.java:85)
	at org.apache.catalina.core.ApplicationFilterChain.internalDoFilter(ApplicationFilterChain.java:189)
	at org.apache.catalina.core.ApplicationFilterChain.doFilter(ApplicationFilterChain.java:162)
	at org.wso2.carbon.tomcat.ext.filter.ContentTypeBasedCachePreventionFilter.doFilter(ContentTypeBasedCachePreventionFilter.java:51)
	at org.apache.catalina.core.ApplicationFilterChain.internalDoFilter(ApplicationFilterChain.java:189)
	at org.apache.catalina.core.ApplicationFilterChain.doFilter(ApplicationFilterChain.java:162)
	at org.apache.catalina.filters.HttpHeaderSecurityFilter.doFilter(HttpHeaderSecurityFilter.java:126)
	at org.apache.catalina.core.ApplicationFilterChain.internalDoFilter(ApplicationFilterChain.java:189)
	at org.apache.catalina.core.ApplicationFilterChain.doFilter(ApplicationFilterChain.java:162)
	at org.apache.catalina.core.StandardWrapperValve.invoke(StandardWrapperValve.java:197)
	at org.apache.catalina.core.StandardContextValve.invoke(StandardContextValve.java:97)
	at org.apache.catalina.authenticator.AuthenticatorBase.invoke(AuthenticatorBase.java:540)
	at org.apache.catalina.core.StandardHostValve.invoke(StandardHostValve.java:135)
	at org.apache.catalina.valves.ErrorReportValve.invoke(ErrorReportValve.java:92)
	at org.wso2.carbon.identity.context.rewrite.valve.TenantContextRewriteValve.invoke(TenantContextRewriteValve.java:119)
	at org.wso2.carbon.identity.context.rewrite.valve.OrganizationContextRewriteValve.invoke(OrganizationContextRewriteValve.java:115)
	at org.wso2.carbon.tomcat.ext.valves.SameSiteCookieValve.invoke(SameSiteCookieValve.java:38)
	at org.wso2.carbon.identity.cors.valve.CORSValve.invoke(CORSValve.java:83)
	at org.wso2.carbon.identity.authz.valve.AuthorizationValve.invoke(AuthorizationValve.java:185)
	at org.wso2.carbon.identity.auth.valve.AuthenticationValve.invoke(AuthenticationValve.java:120)
	at org.wso2.carbon.tomcat.ext.valves.CompositeValve.continueInvocation(CompositeValve.java:110)
	at org.wso2.carbon.tomcat.ext.valves.TomcatValveContainer.invokeValves(TomcatValveContainer.java:49)
	at org.wso2.carbon.tomcat.ext.valves.CompositeValve.invoke(CompositeValve.java:71)
	at org.wso2.carbon.tomcat.ext.valves.CarbonStuckThreadDetectionValve.invoke(CarbonStuckThreadDetectionValve.java:152)
	at org.apache.catalina.valves.AbstractAccessLogValve.invoke(AbstractAccessLogValve.java:687)
	at org.wso2.carbon.tomcat.ext.valves.CarbonContextCreatorValve.invoke(CarbonContextCreatorValve.java:63)
	at org.wso2.carbon.tomcat.ext.valves.RequestEncodingValve.invoke(RequestEncodingValve.java:49)
	at org.wso2.carbon.tomcat.ext.valves.RequestCorrelationIdValve.invoke(RequestCorrelationIdValve.java:137)
	at org.apache.catalina.core.StandardEngineValve.invoke(StandardEngineValve.java:78)
	at org.apache.catalina.connector.CoyoteAdapter.service(CoyoteAdapter.java:359)
	at org.apache.coyote.http11.Http11Processor.service(Http11Processor.java:399)
	at org.apache.coyote.AbstractProcessorLight.process(AbstractProcessorLight.java:65)
	at org.apache.coyote.AbstractProtocol$ConnectionHandler.process(AbstractProtocol.java:889)
	at org.apache.tomcat.util.net.NioEndpoint$SocketProcessor.doRun(NioEndpoint.java:1735)
	at org.apache.tomcat.util.net.SocketProcessorBase.run(SocketProcessorBase.java:49)
	at org.apache.tomcat.util.threads.ThreadPoolExecutor.runWorker(ThreadPoolExecutor.java:1191)
	at org.apache.tomcat.util.threads.ThreadPoolExecutor$Worker.run(ThreadPoolExecutor.java:659)
	at org.apache.tomcat.util.threads.TaskThread$WrappingRunnable.run(TaskThread.java:61)
	at java.base/java.lang.Thread.run(Thread.java:834)
Caused by: com.microsoft.sqlserver.jdbc.SQLServerException: The INSERT statement conflicted with the FOREIGN KEY constraint "FK__IDN_OAUTH__TOKEN__440B1D61". The conflict occurred in database "IDENTITY_DB", table "dbo.IDN_OAUTH2_ACCESS_TOKEN", column 'TOKEN_ID'.
	at com.microsoft.sqlserver.jdbc.SQLServerException.makeFromDatabaseError(SQLServerException.java:265)
	at com.microsoft.sqlserver.jdbc.SQLServerStatement.getNextResult(SQLServerStatement.java:1676)
	at com.microsoft.sqlserver.jdbc.SQLServerPreparedStatement.doExecutePreparedStatement(SQLServerPreparedStatement.java:615)
	at com.microsoft.sqlserver.jdbc.SQLServerPreparedStatement$PrepStmtExecCmd.doExecute(SQLServerPreparedStatement.java:537)
	at com.microsoft.sqlserver.jdbc.TDSCommand.execute(IOBuffer.java:7730)
	at com.microsoft.sqlserver.jdbc.SQLServerConnection.executeCommand(SQLServerConnection.java:3786)
	at com.microsoft.sqlserver.jdbc.SQLServerStatement.executeCommand(SQLServerStatement.java:268)
	at com.microsoft.sqlserver.jdbc.SQLServerStatement.executeStatement(SQLServerStatement.java:242)
	at com.microsoft.sqlserver.jdbc.SQLServerPreparedStatement.execute(SQLServerPreparedStatement.java:515)
	at jdk.internal.reflect.GeneratedMethodAccessor152.invoke(Unknown Source)
	at java.base/jdk.internal.reflect.DelegatingMethodAccessorImpl.invoke(DelegatingMethodAccessorImpl.java:43)
	at java.base/java.lang.reflect.Method.invoke(Method.java:566)
	at org.apache.tomcat.jdbc.pool.StatementFacade$StatementProxy.invoke(StatementFacade.java:118)
	at com.sun.proxy.$Proxy54.execute(Unknown Source)
	at org.wso2.carbon.identity.oauth2.dao.AccessTokenDAOImpl.storeTokenToSessionMapping(AccessTokenDAOImpl.java:1165)
	... 87 more

TID: [-1234] [oauth2] [2025-05-26 14:26:09,004] [b39a24f6-35f8-4a60-be34-e8429fcf8446] ERROR {org.wso2.carbon.identity.oauth2.authz.handlers.util.ResponseTypeHandlerUtil} - Oauth post token issue listener org.wso2.carbon.identity.oauth2.IdentityOAuth2Exception: Error while persisting token to session mapping for sessionId: b12ea2bac7e781eaf388f3d222fe60f6a96ae02c684b9197e8b44e3c4f42a27d
	at org.wso2.carbon.identity.oauth2.dao.AccessTokenDAOImpl.storeTokenToSessionMapping(AccessTokenDAOImpl.java:1172)
	at org.wso2.carbon.identity.oauth.listener.OAuthTokenSessionMappingEventHandler.persistTokenToSessionMapping(OAuthTokenSessionMappingEventHandler.java:282)
	at org.wso2.carbon.identity.oauth.listener.OAuthTokenSessionMappingEventHandler.onPostTokenIssue(OAuthTokenSessionMappingEventHandler.java:172)
	at org.wso2.carbon.identity.data.publisher.oauth.OAuthInterceptorHandlerProxy.onPostTokenIssue(OAuthInterceptorHandlerProxy.java:91)
	at org.wso2.carbon.identity.oauth2.authz.handlers.util.ResponseTypeHandlerUtil.triggerPostListeners(ResponseTypeHandlerUtil.java:105)
	at org.wso2.carbon.identity.oauth2.authz.handlers.IDTokenTokenResponseTypeHandler.issue(IDTokenTokenResponseTypeHandler.java:46)
	at org.wso2.carbon.identity.oauth2.authz.AuthorizationHandlerManager.handleAuthorization(AuthorizationHandlerManager.java:254)
	at org.wso2.carbon.identity.oauth2.OAuth2Service.authorize(OAuth2Service.java:156)
	at org.wso2.carbon.identity.oauth.endpoint.authz.OAuth2AuthzEndpoint.authorize(OAuth2AuthzEndpoint.java:3429)
	at org.wso2.carbon.identity.oauth.endpoint.authz.OAuth2AuthzEndpoint.handleUserConsent(OAuth2AuthzEndpoint.java:1411)
	at org.wso2.carbon.identity.oauth.endpoint.authz.OAuth2AuthzEndpoint.handleConsent(OAuth2AuthzEndpoint.java:2791)
	at org.wso2.carbon.identity.oauth.endpoint.authz.OAuth2AuthzEndpoint.doUserAuthorization(OAuth2AuthzEndpoint.java:2737)
	at org.wso2.carbon.identity.oauth.endpoint.authz.OAuth2AuthzEndpoint.handleSuccessfulAuthentication(OAuth2AuthzEndpoint.java:1085)
	at org.wso2.carbon.identity.oauth.endpoint.authz.OAuth2AuthzEndpoint.handleAuthenticationResponse(OAuth2AuthzEndpoint.java:1037)
	at org.wso2.carbon.identity.oauth.endpoint.authz.OAuth2AuthzEndpoint.authorize(OAuth2AuthzEndpoint.java:305)
	at org.wso2.carbon.identity.oauth.endpoint.authz.OAuth2AuthzEndpoint.handleAuthFlowThroughFramework(OAuth2AuthzEndpoint.java:3623)
	at org.wso2.carbon.identity.oauth.endpoint.authz.OAuth2AuthzEndpoint.handleInitialAuthorizationRequest(OAuth2AuthzEndpoint.java:1269)
	at org.wso2.carbon.identity.oauth.endpoint.authz.OAuth2AuthzEndpoint.authorize(OAuth2AuthzEndpoint.java:303)
	at jdk.internal.reflect.GeneratedMethodAccessor224.invoke(Unknown Source)
	at java.base/jdk.internal.reflect.DelegatingMethodAccessorImpl.invoke(DelegatingMethodAccessorImpl.java:43)
	at java.base/java.lang.reflect.Method.invoke(Method.java:566)
	at org.apache.cxf.service.invoker.AbstractInvoker.performInvocation(AbstractInvoker.java:179)
	at org.apache.cxf.service.invoker.AbstractInvoker.invoke(AbstractInvoker.java:96)
	at org.apache.cxf.jaxrs.JAXRSInvoker.invoke(JAXRSInvoker.java:201)
	at org.apache.cxf.jaxrs.JAXRSInvoker.invoke(JAXRSInvoker.java:104)
	at org.apache.cxf.interceptor.ServiceInvokerInterceptor$1.run(ServiceInvokerInterceptor.java:59)
	at org.apache.cxf.interceptor.ServiceInvokerInterceptor.handleMessage(ServiceInvokerInterceptor.java:96)
	at org.apache.cxf.phase.PhaseInterceptorChain.doIntercept(PhaseInterceptorChain.java:307)
	at org.apache.cxf.transport.ChainInitiationObserver.onMessage(ChainInitiationObserver.java:121)
	at org.apache.cxf.transport.http.AbstractHTTPDestination.invoke(AbstractHTTPDestination.java:265)
	at org.apache.cxf.transport.servlet.ServletController.invokeDestination(ServletController.java:234)
	at org.apache.cxf.transport.servlet.ServletController.invoke(ServletController.java:208)
	at org.apache.cxf.transport.servlet.ServletController.invoke(ServletController.java:160)
	at org.apache.cxf.transport.servlet.CXFNonSpringServlet.invoke(CXFNonSpringServlet.java:225)
	at org.apache.cxf.transport.servlet.AbstractHTTPServlet.handleRequest(AbstractHTTPServlet.java:304)
	at org.apache.cxf.transport.servlet.AbstractHTTPServlet.doGet(AbstractHTTPServlet.java:222)
	at javax.servlet.http.HttpServlet.service(HttpServlet.java:655)
	at org.apache.cxf.transport.servlet.AbstractHTTPServlet.service(AbstractHTTPServlet.java:279)
	at org.apache.catalina.core.ApplicationFilterChain.internalDoFilter(ApplicationFilterChain.java:227)
	at org.apache.catalina.core.ApplicationFilterChain.doFilter(ApplicationFilterChain.java:162)
	at org.apache.tomcat.websocket.server.WsFilter.doFilter(WsFilter.java:53)
	at org.apache.catalina.core.ApplicationFilterChain.internalDoFilter(ApplicationFilterChain.java:189)
	at org.apache.catalina.core.ApplicationFilterChain.doFilter(ApplicationFilterChain.java:162)
	at org.apache.catalina.filters.HttpHeaderSecurityFilter.doFilter(HttpHeaderSecurityFilter.java:126)
	at org.apache.catalina.core.ApplicationFilterChain.internalDoFilter(ApplicationFilterChain.java:189)
	at org.apache.catalina.core.ApplicationFilterChain.doFilter(ApplicationFilterChain.java:162)
	at org.wso2.carbon.identity.custom.header.filter.CustomHeaderFilter.doFilter(CustomHeaderFilter.java:32)
	at org.apache.catalina.core.ApplicationFilterChain.internalDoFilter(ApplicationFilterChain.java:189)
	at org.apache.catalina.core.ApplicationFilterChain.doFilter(ApplicationFilterChain.java:162)
	at org.wso2.carbon.webapp.mgt.filter.AuthorizationHeaderFilter.doFilter(AuthorizationHeaderFilter.java:85)
	at org.apache.catalina.core.ApplicationFilterChain.internalDoFilter(ApplicationFilterChain.java:189)
	at org.apache.catalina.core.ApplicationFilterChain.doFilter(ApplicationFilterChain.java:162)
	at org.wso2.carbon.tomcat.ext.filter.ContentTypeBasedCachePreventionFilter.doFilter(ContentTypeBasedCachePreventionFilter.java:51)
	at org.apache.catalina.core.ApplicationFilterChain.internalDoFilter(ApplicationFilterChain.java:189)
	at org.apache.catalina.core.ApplicationFilterChain.doFilter(ApplicationFilterChain.java:162)
	at org.apache.catalina.filters.HttpHeaderSecurityFilter.doFilter(HttpHeaderSecurityFilter.java:126)
	at org.apache.catalina.core.ApplicationFilterChain.internalDoFilter(ApplicationFilterChain.java:189)
	at org.apache.catalina.core.ApplicationFilterChain.doFilter(ApplicationFilterChain.java:162)
	at org.apache.catalina.core.StandardWrapperValve.invoke(StandardWrapperValve.java:197)
	at org.apache.catalina.core.StandardContextValve.invoke(StandardContextValve.java:97)
	at org.apache.catalina.authenticator.AuthenticatorBase.invoke(AuthenticatorBase.java:540)
	at org.apache.catalina.core.StandardHostValve.invoke(StandardHostValve.java:135)
	at org.apache.catalina.valves.ErrorReportValve.invoke(ErrorReportValve.java:92)
	at org.wso2.carbon.identity.context.rewrite.valve.TenantContextRewriteValve.invoke(TenantContextRewriteValve.java:119)
	at org.wso2.carbon.identity.context.rewrite.valve.OrganizationContextRewriteValve.invoke(OrganizationContextRewriteValve.java:115)
	at org.wso2.carbon.tomcat.ext.valves.SameSiteCookieValve.invoke(SameSiteCookieValve.java:38)
	at org.wso2.carbon.identity.cors.valve.CORSValve.invoke(CORSValve.java:83)
	at org.wso2.carbon.identity.authz.valve.AuthorizationValve.invoke(AuthorizationValve.java:185)
	at org.wso2.carbon.identity.auth.valve.AuthenticationValve.invoke(AuthenticationValve.java:120)
	at org.wso2.carbon.tomcat.ext.valves.CompositeValve.continueInvocation(CompositeValve.java:110)
	at org.wso2.carbon.tomcat.ext.valves.TomcatValveContainer.invokeValves(TomcatValveContainer.java:49)
	at org.wso2.carbon.tomcat.ext.valves.CompositeValve.invoke(CompositeValve.java:71)
	at org.wso2.carbon.tomcat.ext.valves.CarbonStuckThreadDetectionValve.invoke(CarbonStuckThreadDetectionValve.java:152)
	at org.apache.catalina.valves.AbstractAccessLogValve.invoke(AbstractAccessLogValve.java:687)
	at org.wso2.carbon.tomcat.ext.valves.CarbonContextCreatorValve.invoke(CarbonContextCreatorValve.java:63)
	at org.wso2.carbon.tomcat.ext.valves.RequestEncodingValve.invoke(RequestEncodingValve.java:49)
	at org.wso2.carbon.tomcat.ext.valves.RequestCorrelationIdValve.invoke(RequestCorrelationIdValve.java:137)
	at org.apache.catalina.core.StandardEngineValve.invoke(StandardEngineValve.java:78)
	at org.apache.catalina.connector.CoyoteAdapter.service(CoyoteAdapter.java:359)
	at org.apache.coyote.http11.Http11Processor.service(Http11Processor.java:399)
	at org.apache.coyote.AbstractProcessorLight.process(AbstractProcessorLight.java:65)
	at org.apache.coyote.AbstractProtocol$ConnectionHandler.process(AbstractProtocol.java:889)
	at org.apache.tomcat.util.net.NioEndpoint$SocketProcessor.doRun(NioEndpoint.java:1735)
	at org.apache.tomcat.util.net.SocketProcessorBase.run(SocketProcessorBase.java:49)
	at org.apache.tomcat.util.threads.ThreadPoolExecutor.runWorker(ThreadPoolExecutor.java:1191)
	at org.apache.tomcat.util.threads.ThreadPoolExecutor$Worker.run(ThreadPoolExecutor.java:659)
	at org.apache.tomcat.util.threads.TaskThread$WrappingRunnable.run(TaskThread.java:61)
	at java.base/java.lang.Thread.run(Thread.java:834)
Caused by: com.microsoft.sqlserver.jdbc.SQLServerException: The INSERT statement conflicted with the FOREIGN KEY constraint "FK__IDN_OAUTH__TOKEN__440B1D61". The conflict occurred in database "IDENTITY_DB", table "dbo.IDN_OAUTH2_ACCESS_TOKEN", column 'TOKEN_ID'.
	at com.microsoft.sqlserver.jdbc.SQLServerException.makeFromDatabaseError(SQLServerException.java:265)
	at com.microsoft.sqlserver.jdbc.SQLServerStatement.getNextResult(SQLServerStatement.java:1676)
	at com.microsoft.sqlserver.jdbc.SQLServerPreparedStatement.doExecutePreparedStatement(SQLServerPreparedStatement.java:615)
	at com.microsoft.sqlserver.jdbc.SQLServerPreparedStatement$PrepStmtExecCmd.doExecute(SQLServerPreparedStatement.java:537)
	at com.microsoft.sqlserver.jdbc.TDSCommand.execute(IOBuffer.java:7730)
	at com.microsoft.sqlserver.jdbc.SQLServerConnection.executeCommand(SQLServerConnection.java:3786)
	at com.microsoft.sqlserver.jdbc.SQLServerStatement.executeCommand(SQLServerStatement.java:268)
	at com.microsoft.sqlserver.jdbc.SQLServerStatement.executeStatement(SQLServerStatement.java:242)
	at com.microsoft.sqlserver.jdbc.SQLServerPreparedStatement.execute(SQLServerPreparedStatement.java:515)
	at jdk.internal.reflect.GeneratedMethodAccessor152.invoke(Unknown Source)
	at java.base/jdk.internal.reflect.DelegatingMethodAccessorImpl.invoke(DelegatingMethodAccessorImpl.java:43)
	at java.base/java.lang.reflect.Method.invoke(Method.java:566)
	at org.apache.tomcat.jdbc.pool.StatementFacade$StatementProxy.invoke(StatementFacade.java:118)
	at com.sun.proxy.$Proxy54.execute(Unknown Source)
	at org.wso2.carbon.identity.oauth2.dao.AccessTokenDAOImpl.storeTokenToSessionMapping(AccessTokenDAOImpl.java:1165)
	... 87 more

TID: [-1234] [] [2025-05-26 14:35:34,796] [80d0e842-3bb6-4e3a-b645-b0e917ac8a4a]  WARN {org.wso2.carbon.identity.oidc.session.servlet.OIDCLogoutServlet} - Provided Post logout redirect URL does not match the registered callback url.
TID: [-1234] [oauth2] [2025-05-26 15:47:33,430] [615d9c28-a3d8-4af9-9583-fbc9623ae8fe] ERROR {org.wso2.carbon.identity.oauth2.authz.handlers.util.ResponseTypeHandlerUtil} - Oauth post token issue listener org.wso2.carbon.identity.oauth2.IdentityOAuth2Exception: Error while persisting token to session mapping for sessionId: 32477a8e7d560ba571ba0116f2a78b693c41cda628436810c3d02693b2e12dcd
	at org.wso2.carbon.identity.oauth2.dao.AccessTokenDAOImpl.storeTokenToSessionMapping(AccessTokenDAOImpl.java:1172)
	at org.wso2.carbon.identity.oauth.listener.OAuthTokenSessionMappingEventHandler.persistTokenToSessionMapping(OAuthTokenSessionMappingEventHandler.java:282)
	at org.wso2.carbon.identity.oauth.listener.OAuthTokenSessionMappingEventHandler.onPostTokenIssue(OAuthTokenSessionMappingEventHandler.java:172)
	at org.wso2.carbon.identity.data.publisher.oauth.OAuthInterceptorHandlerProxy.onPostTokenIssue(OAuthInterceptorHandlerProxy.java:91)
	at org.wso2.carbon.identity.oauth2.authz.handlers.util.ResponseTypeHandlerUtil.triggerPostListeners(ResponseTypeHandlerUtil.java:105)
	at org.wso2.carbon.identity.oauth2.authz.handlers.IDTokenTokenResponseTypeHandler.issue(IDTokenTokenResponseTypeHandler.java:46)
	at org.wso2.carbon.identity.oauth2.authz.AuthorizationHandlerManager.handleAuthorization(AuthorizationHandlerManager.java:254)
	at org.wso2.carbon.identity.oauth2.OAuth2Service.authorize(OAuth2Service.java:156)
	at org.wso2.carbon.identity.oauth.endpoint.authz.OAuth2AuthzEndpoint.authorize(OAuth2AuthzEndpoint.java:3429)
	at org.wso2.carbon.identity.oauth.endpoint.authz.OAuth2AuthzEndpoint.handleUserConsent(OAuth2AuthzEndpoint.java:1411)
	at org.wso2.carbon.identity.oauth.endpoint.authz.OAuth2AuthzEndpoint.handleConsent(OAuth2AuthzEndpoint.java:2791)
	at org.wso2.carbon.identity.oauth.endpoint.authz.OAuth2AuthzEndpoint.doUserAuthorization(OAuth2AuthzEndpoint.java:2737)
	at org.wso2.carbon.identity.oauth.endpoint.authz.OAuth2AuthzEndpoint.handleSuccessfulAuthentication(OAuth2AuthzEndpoint.java:1085)
	at org.wso2.carbon.identity.oauth.endpoint.authz.OAuth2AuthzEndpoint.handleAuthenticationResponse(OAuth2AuthzEndpoint.java:1037)
	at org.wso2.carbon.identity.oauth.endpoint.authz.OAuth2AuthzEndpoint.authorize(OAuth2AuthzEndpoint.java:305)
	at org.wso2.carbon.identity.oauth.endpoint.authz.OAuth2AuthzEndpoint.handleAuthFlowThroughFramework(OAuth2AuthzEndpoint.java:3623)
	at org.wso2.carbon.identity.oauth.endpoint.authz.OAuth2AuthzEndpoint.handleInitialAuthorizationRequest(OAuth2AuthzEndpoint.java:1269)
	at org.wso2.carbon.identity.oauth.endpoint.authz.OAuth2AuthzEndpoint.authorize(OAuth2AuthzEndpoint.java:303)
	at jdk.internal.reflect.GeneratedMethodAccessor224.invoke(Unknown Source)
	at java.base/jdk.internal.reflect.DelegatingMethodAccessorImpl.invoke(DelegatingMethodAccessorImpl.java:43)
	at java.base/java.lang.reflect.Method.invoke(Method.java:566)
	at org.apache.cxf.service.invoker.AbstractInvoker.performInvocation(AbstractInvoker.java:179)
	at org.apache.cxf.service.invoker.AbstractInvoker.invoke(AbstractInvoker.java:96)
	at org.apache.cxf.jaxrs.JAXRSInvoker.invoke(JAXRSInvoker.java:201)
	at org.apache.cxf.jaxrs.JAXRSInvoker.invoke(JAXRSInvoker.java:104)
	at org.apache.cxf.interceptor.ServiceInvokerInterceptor$1.run(ServiceInvokerInterceptor.java:59)
	at org.apache.cxf.interceptor.ServiceInvokerInterceptor.handleMessage(ServiceInvokerInterceptor.java:96)
	at org.apache.cxf.phase.PhaseInterceptorChain.doIntercept(PhaseInterceptorChain.java:307)
	at org.apache.cxf.transport.ChainInitiationObserver.onMessage(ChainInitiationObserver.java:121)
	at org.apache.cxf.transport.http.AbstractHTTPDestination.invoke(AbstractHTTPDestination.java:265)
	at org.apache.cxf.transport.servlet.ServletController.invokeDestination(ServletController.java:234)
	at org.apache.cxf.transport.servlet.ServletController.invoke(ServletController.java:208)
	at org.apache.cxf.transport.servlet.ServletController.invoke(ServletController.java:160)
	at org.apache.cxf.transport.servlet.CXFNonSpringServlet.invoke(CXFNonSpringServlet.java:225)
	at org.apache.cxf.transport.servlet.AbstractHTTPServlet.handleRequest(AbstractHTTPServlet.java:304)
	at org.apache.cxf.transport.servlet.AbstractHTTPServlet.doGet(AbstractHTTPServlet.java:222)
	at javax.servlet.http.HttpServlet.service(HttpServlet.java:655)
	at org.apache.cxf.transport.servlet.AbstractHTTPServlet.service(AbstractHTTPServlet.java:279)
	at org.apache.catalina.core.ApplicationFilterChain.internalDoFilter(ApplicationFilterChain.java:227)
	at org.apache.catalina.core.ApplicationFilterChain.doFilter(ApplicationFilterChain.java:162)
	at org.apache.tomcat.websocket.server.WsFilter.doFilter(WsFilter.java:53)
	at org.apache.catalina.core.ApplicationFilterChain.internalDoFilter(ApplicationFilterChain.java:189)
	at org.apache.catalina.core.ApplicationFilterChain.doFilter(ApplicationFilterChain.java:162)
	at org.apache.catalina.filters.HttpHeaderSecurityFilter.doFilter(HttpHeaderSecurityFilter.java:126)
	at org.apache.catalina.core.ApplicationFilterChain.internalDoFilter(ApplicationFilterChain.java:189)
	at org.apache.catalina.core.ApplicationFilterChain.doFilter(ApplicationFilterChain.java:162)
	at org.wso2.carbon.identity.custom.header.filter.CustomHeaderFilter.doFilter(CustomHeaderFilter.java:32)
	at org.apache.catalina.core.ApplicationFilterChain.internalDoFilter(ApplicationFilterChain.java:189)
	at org.apache.catalina.core.ApplicationFilterChain.doFilter(ApplicationFilterChain.java:162)
	at org.wso2.carbon.webapp.mgt.filter.AuthorizationHeaderFilter.doFilter(AuthorizationHeaderFilter.java:85)
	at org.apache.catalina.core.ApplicationFilterChain.internalDoFilter(ApplicationFilterChain.java:189)
	at org.apache.catalina.core.ApplicationFilterChain.doFilter(ApplicationFilterChain.java:162)
	at org.wso2.carbon.tomcat.ext.filter.ContentTypeBasedCachePreventionFilter.doFilter(ContentTypeBasedCachePreventionFilter.java:51)
	at org.apache.catalina.core.ApplicationFilterChain.internalDoFilter(ApplicationFilterChain.java:189)
	at org.apache.catalina.core.ApplicationFilterChain.doFilter(ApplicationFilterChain.java:162)
	at org.apache.catalina.filters.HttpHeaderSecurityFilter.doFilter(HttpHeaderSecurityFilter.java:126)
	at org.apache.catalina.core.ApplicationFilterChain.internalDoFilter(ApplicationFilterChain.java:189)
	at org.apache.catalina.core.ApplicationFilterChain.doFilter(ApplicationFilterChain.java:162)
	at org.apache.catalina.core.StandardWrapperValve.invoke(StandardWrapperValve.java:197)
	at org.apache.catalina.core.StandardContextValve.invoke(StandardContextValve.java:97)
	at org.apache.catalina.authenticator.AuthenticatorBase.invoke(AuthenticatorBase.java:540)
	at org.apache.catalina.core.StandardHostValve.invoke(StandardHostValve.java:135)
	at org.apache.catalina.valves.ErrorReportValve.invoke(ErrorReportValve.java:92)
	at org.wso2.carbon.identity.context.rewrite.valve.TenantContextRewriteValve.invoke(TenantContextRewriteValve.java:119)
	at org.wso2.carbon.identity.context.rewrite.valve.OrganizationContextRewriteValve.invoke(OrganizationContextRewriteValve.java:115)
	at org.wso2.carbon.tomcat.ext.valves.SameSiteCookieValve.invoke(SameSiteCookieValve.java:38)
	at org.wso2.carbon.identity.cors.valve.CORSValve.invoke(CORSValve.java:83)
	at org.wso2.carbon.identity.authz.valve.AuthorizationValve.invoke(AuthorizationValve.java:185)
	at org.wso2.carbon.identity.auth.valve.AuthenticationValve.invoke(AuthenticationValve.java:120)
	at org.wso2.carbon.tomcat.ext.valves.CompositeValve.continueInvocation(CompositeValve.java:110)
	at org.wso2.carbon.tomcat.ext.valves.TomcatValveContainer.invokeValves(TomcatValveContainer.java:49)
	at org.wso2.carbon.tomcat.ext.valves.CompositeValve.invoke(CompositeValve.java:71)
	at org.wso2.carbon.tomcat.ext.valves.CarbonStuckThreadDetectionValve.invoke(CarbonStuckThreadDetectionValve.java:152)
	at org.apache.catalina.valves.AbstractAccessLogValve.invoke(AbstractAccessLogValve.java:687)
	at org.wso2.carbon.tomcat.ext.valves.CarbonContextCreatorValve.invoke(CarbonContextCreatorValve.java:63)
	at org.wso2.carbon.tomcat.ext.valves.RequestEncodingValve.invoke(RequestEncodingValve.java:49)
	at org.wso2.carbon.tomcat.ext.valves.RequestCorrelationIdValve.invoke(RequestCorrelationIdValve.java:137)
	at org.apache.catalina.core.StandardEngineValve.invoke(StandardEngineValve.java:78)
	at org.apache.catalina.connector.CoyoteAdapter.service(CoyoteAdapter.java:359)
	at org.apache.coyote.http11.Http11Processor.service(Http11Processor.java:399)
	at org.apache.coyote.AbstractProcessorLight.process(AbstractProcessorLight.java:65)
	at org.apache.coyote.AbstractProtocol$ConnectionHandler.process(AbstractProtocol.java:889)
	at org.apache.tomcat.util.net.NioEndpoint$SocketProcessor.doRun(NioEndpoint.java:1735)
	at org.apache.tomcat.util.net.SocketProcessorBase.run(SocketProcessorBase.java:49)
	at org.apache.tomcat.util.threads.ThreadPoolExecutor.runWorker(ThreadPoolExecutor.java:1191)
	at org.apache.tomcat.util.threads.ThreadPoolExecutor$Worker.run(ThreadPoolExecutor.java:659)
	at org.apache.tomcat.util.threads.TaskThread$WrappingRunnable.run(TaskThread.java:61)
	at java.base/java.lang.Thread.run(Thread.java:834)
Caused by: com.microsoft.sqlserver.jdbc.SQLServerException: The INSERT statement conflicted with the FOREIGN KEY constraint "FK__IDN_OAUTH__TOKEN__440B1D61". The conflict occurred in database "IDENTITY_DB", table "dbo.IDN_OAUTH2_ACCESS_TOKEN", column 'TOKEN_ID'.
	at com.microsoft.sqlserver.jdbc.SQLServerException.makeFromDatabaseError(SQLServerException.java:265)
	at com.microsoft.sqlserver.jdbc.SQLServerStatement.getNextResult(SQLServerStatement.java:1676)
	at com.microsoft.sqlserver.jdbc.SQLServerPreparedStatement.doExecutePreparedStatement(SQLServerPreparedStatement.java:615)
	at com.microsoft.sqlserver.jdbc.SQLServerPreparedStatement$PrepStmtExecCmd.doExecute(SQLServerPreparedStatement.java:537)
	at com.microsoft.sqlserver.jdbc.TDSCommand.execute(IOBuffer.java:7730)
	at com.microsoft.sqlserver.jdbc.SQLServerConnection.executeCommand(SQLServerConnection.java:3786)
	at com.microsoft.sqlserver.jdbc.SQLServerStatement.executeCommand(SQLServerStatement.java:268)
	at com.microsoft.sqlserver.jdbc.SQLServerStatement.executeStatement(SQLServerStatement.java:242)
	at com.microsoft.sqlserver.jdbc.SQLServerPreparedStatement.execute(SQLServerPreparedStatement.java:515)
	at jdk.internal.reflect.GeneratedMethodAccessor152.invoke(Unknown Source)
	at java.base/jdk.internal.reflect.DelegatingMethodAccessorImpl.invoke(DelegatingMethodAccessorImpl.java:43)
	at java.base/java.lang.reflect.Method.invoke(Method.java:566)
	at org.apache.tomcat.jdbc.pool.StatementFacade$StatementProxy.invoke(StatementFacade.java:118)
	at com.sun.proxy.$Proxy54.execute(Unknown Source)
	at org.wso2.carbon.identity.oauth2.dao.AccessTokenDAOImpl.storeTokenToSessionMapping(AccessTokenDAOImpl.java:1165)
	... 87 more

TID: [-1234] [oauth2] [2025-05-26 16:23:11,801] [61e39525-e357-4b2a-b6de-3eadc00f0ab3]  WARN {org.wso2.carbon.identity.oauth2.authz.validators.AbstractResponseTypeRequestValidator} - Provided Callback URL does not match with the registered one.
TID: [-1234] [oauth2] [2025-05-26 17:25:35,540] [b44cf70c-826d-4d81-93ca-9bfc0e18a1f5]  WARN {org.wso2.carbon.identity.oauth2.authz.validators.AbstractResponseTypeRequestValidator} - Provided Callback URL does not match with the registered one.
TID: [-1234] [oauth2] [2025-05-26 19:16:35,529] [21d801cd-f975-4428-b8b3-d7d5ae2f1ddb]  WARN {org.wso2.carbon.identity.oauth2.authz.validators.AbstractResponseTypeRequestValidator} - Provided Callback URL does not match with the registered one.
TID: [-1234] [oauth2] [2025-05-26 23:46:35,518] [83eb8fe0-455a-4e8e-ac55-f3bdd0e0e830]  WARN {org.wso2.carbon.identity.oauth2.authz.validators.AbstractResponseTypeRequestValidator} - Provided Callback URL does not match with the registered one.
