TID: [] [] [2023-07-28 09:58:21,033] []  INFO {org.ops4j.pax.logging.spi.support.EventAdminConfigurationNotifier} - Sending Event Admin notification (configuration successful) to org/ops4j/pax/logging/Configuration
TID: [] [] [2023-07-28 09:58:21,338] []  INFO {org.wso2.carbon.core.internal.CarbonCoreActivator} - Starting WSO2 Carbon...
TID: [] [] [2023-07-28 09:58:21,340] []  INFO {org.wso2.carbon.core.internal.CarbonCoreActivator} - Operating System : Windows 11 10.0, amd64
TID: [] [] [2023-07-28 09:58:21,340] []  INFO {org.wso2.carbon.core.internal.CarbonCoreActivator} - Java Home        : C:\Program Files\Java\jdk-11.0.17
TID: [] [] [2023-07-28 09:58:21,340] []  INFO {org.wso2.carbon.core.internal.CarbonCoreActivator} - Java Version     : 11.0.17
TID: [] [] [2023-07-28 09:58:21,340] []  INFO {org.wso2.carbon.core.internal.CarbonCoreActivator} - Java VM          : Java HotSpot(TM) 64-Bit Server VM 11.0.17+10-LTS-269,Oracle Corporation
TID: [] [] [2023-07-28 09:58:21,340] []  INFO {org.wso2.carbon.core.internal.CarbonCoreActivator} - Carbon Home      : D:\IDP\wso2is\bin\..
TID: [] [] [2023-07-28 09:58:21,340] []  INFO {org.wso2.carbon.core.internal.CarbonCoreActivator} - Java Temp Dir    : D:\IDP\wso2is\bin\..\tmp
TID: [] [] [2023-07-28 09:58:21,341] []  INFO {org.wso2.carbon.core.internal.CarbonCoreActivator} - User             : buiqu, en-US, Asia/Bangkok
TID: [] [] [2023-07-28 09:58:21,688] []  INFO {org.wso2.carbon.event.output.adapter.kafka.internal.ds.KafkaEventAdapterServiceDS} - Successfully deployed the Kafka output event adaptor service
TID: [] [] [2023-07-28 09:58:21,940] []  INFO {org.wso2.carbon.extension.identity.verification.provider.internal.IdVProviderMgtServiceComponent} - IdVProviderMgtService bundle activated successfully.
TID: [] [] [2023-07-28 09:58:22,278] []  INFO {org.wso2.carbon.identity.hash.provider.pbkdf2.internal.PBKDF2HashServiceComponent} - PBKDF2 bundle activated successfully.
TID: [] [] [2023-07-28 09:58:23,352] []  INFO {org.wso2.carbon.mex.internal.Office365SupportMexComponent} - Office365Support MexServiceComponent bundle activated successfully..
TID: [] [] [2023-07-28 09:58:23,368] []  INFO {org.wso2.carbon.mex2.internal.DynamicCRMCustomMexComponent} - DynamicCRMSupport MexServiceComponent bundle activated successfully.
TID: [] [] [2023-07-28 09:58:26,701] []  INFO {org.wso2.carbon.consent.mgt.core.internal.ConsentManagerComponent} - ConsentManagerComponent is activated.
TID: [] [] [2023-07-28 09:58:26,715] []  INFO {org.wso2.carbon.extension.identity.verification.mgt.internal.IdentityVerificationServiceComponent} - IdentityVerificationService bundle activated successfully.
TID: [] [] [2023-07-28 09:58:27,576] []  INFO {org.wso2.carbon.registry.core.jdbc.EmbeddedRegistryService} - Configured Registry in 96ms
TID: [] [] [2023-07-28 09:58:27,716] []  INFO {org.wso2.carbon.registry.core.jdbc.EmbeddedRegistryService} - Connected to mount at configregistry in 20ms
TID: [] [] [2023-07-28 09:58:27,716] []  INFO {org.wso2.carbon.registry.core.jdbc.EmbeddedRegistryService} - Connected to mount at govregistry in 21ms
TID: [] [] [2023-07-28 09:58:29,182] []  INFO {org.wso2.carbon.registry.core.jdbc.EmbeddedRegistryService} - Connected to mount at configregistry in 16ms
TID: [] [] [2023-07-28 09:58:29,183] []  INFO {org.wso2.carbon.registry.core.jdbc.EmbeddedRegistryService} - Connected to mount at govregistry in 17ms
TID: [] [] [2023-07-28 09:58:29,342] []  INFO {org.wso2.carbon.registry.core.internal.RegistryCoreServiceComponent} - Registry Mode    : READ-WRITE
TID: [] [] [2023-07-28 09:58:32,226] []  INFO {org.wso2.carbon.registry.indexing.solr.SolrClient} - Default Embedded Solr Server Initialized
TID: [] [] [2023-07-28 09:58:32,586] []  INFO {org.wso2.carbon.user.core.internal.UserStoreMgtDSComponent} - Carbon UserStoreMgtDSComponent activated successfully.
TID: [] [] [2023-07-28 09:58:32,747] []  INFO {org.wso2.carbon.attachment.mgt.server.internal.AttachmentServiceComponent} - Initialising Attachment Server
TID: [] [] [2023-07-28 09:58:33,018] []  INFO {org.wso2.carbon.attachment.mgt.core.dao.impl.jpa.AbstractJPAVendorAdapter} - [Attachment-Mgt OpenJPA] DB Dictionary: h2
TID: [] [] [2023-07-28 09:58:33,019] []  INFO {org.wso2.carbon.attachment.mgt.core.dao.impl.jpa.AbstractJPAVendorAdapter} - [Attachment-Mgt OpenJPA] Generate DDL Enabled.
TID: [] [] [2023-07-28 09:58:33,193] []  INFO {org.wso2.carbon.attachment.mgt.server.internal.AttachmentServiceComponent} - Registering AttachmentServerService
TID: [] [] [2023-07-28 09:58:33,210] []  INFO {org.wso2.carbon.bpel.core.internal.BPELServiceComponent} - Initializing BPEL Engine........
TID: [] [] [2023-07-28 09:58:33,289] []  INFO {org.apache.ode.il.EmbeddedGeronimoFactory} - Using embedded Geronimo transaction manager
TID: [] [] [2023-07-28 09:58:33,338] []  INFO {org.apache.ode.il.dbutil.Database} - ODE using external DataSource "bpsds".
TID: [] [] [2023-07-28 09:58:33,338] []  INFO {org.wso2.carbon.bpel.core.ode.integration.BPELServerImpl} - Using DAO Connection Factory class: org.apache.ode.dao.jpa.BPELDAOConnectionFactoryImpl
TID: [] [] [2023-07-28 09:58:33,339] []  INFO {org.apache.ode.il.dbutil.Database} - Using DAO Connection Factory class org.apache.ode.dao.jpa.BPELDAOConnectionFactoryImpl.
TID: [] [] [2023-07-28 09:58:33,488] []  INFO {org.apache.ode.store.jpa.DbConfStoreConnectionFactory} - ProcessStore initializing transaction manager using org.apache.ode.il.EmbeddedGeronimoFactory
TID: [] [] [2023-07-28 09:58:33,489] []  INFO {org.apache.ode.il.EmbeddedGeronimoFactory} - Using embedded Geronimo transaction manager
TID: [] [] [2023-07-28 09:58:33,525] []  INFO {org.apache.ode.scheduler.simple.JdbcDelegate} - Using database H2 major version 2
TID: [] [] [2023-07-28 09:58:33,526] []  INFO {org.apache.ode.scheduler.simple.JdbcDelegate} - Using database dialect: H2
TID: [] [] [2023-07-28 09:58:33,559] []  INFO {org.wso2.carbon.bpel.core.ode.integration.BPELServerImpl} - This node is a manager node
TID: [] [] [2023-07-28 09:58:33,578] []  INFO {org.wso2.carbon.bpel.core.ode.integration.BPELServerImpl} - Registering E4X Extension...
TID: [] [] [2023-07-28 09:58:33,590] []  INFO {org.wso2.carbon.bpel.core.ode.integration.BPELServerImpl} - Registering B4P Extension...
TID: [] [] [2023-07-28 09:58:33,610] []  INFO {org.wso2.carbon.bpel.core.ode.integration.BPELServerImpl} - Registering B4P Filter...
TID: [] [] [2023-07-28 09:58:33,617] []  INFO {org.apache.ode.bpel.engine.BpelServerImpl} - BPEL Server Started.
TID: [] [] [2023-07-28 09:58:33,618] []  INFO {org.wso2.carbon.bpel.core.ode.integration.BPELServerImpl} - Registering MBeans
TID: [] [] [2023-07-28 09:58:33,721] []  INFO {org.wso2.carbon.humantask.core.internal.HumanTaskServiceComponent} - Initialising HumanTask Server
TID: [] [] [2023-07-28 09:58:33,821] []  INFO {org.apache.ode.il.EmbeddedGeronimoFactory} - Using embedded Geronimo transaction manager
TID: [] [] [2023-07-28 09:58:33,837] []  INFO {org.wso2.carbon.humantask.core.dao.jpa.AbstractJPAVendorAdapter} - [HT OpenJPA] DB Dictionary: h2
TID: [] [] [2023-07-28 09:58:33,838] []  INFO {org.wso2.carbon.humantask.core.dao.jpa.AbstractJPAVendorAdapter} - [HT OpenJPA] Generate DDL Enabled.
TID: [] [] [2023-07-28 09:58:33,882] []  INFO {org.wso2.carbon.humantask.core.internal.HumanTaskServiceComponent} - Registering Axis2ConfigurationContextObserver
TID: [] [] [2023-07-28 09:58:33,899] []  INFO {org.wso2.carbon.humantask.core.internal.HumanTaskServiceComponent} - Registering HT related MBeans
TID: [] [] [2023-07-28 09:58:33,907] []  INFO {org.wso2.carbon.humantask.core.internal.HumanTaskServiceComponent} - MXBean for Human tasks registered successfully
TID: [] [] [2023-07-28 09:58:37,070] []  INFO {org.wso2.carbon.identity.user.store.configuration.deployer.UserStoreConfigurationDeployer} - User Store Configuration Deployer initiated.
TID: [] [] [2023-07-28 09:58:37,071] []  INFO {org.wso2.carbon.identity.user.store.configuration.deployer.UserStoreConfigurationDeployer} - User Store Configuration Deployer initiated.
TID: [] [] [2023-07-28 09:58:37,073] []  INFO {org.wso2.carbon.bpel.deployer.BPELDeployer} - Initializing BPEL Deployer for tenant -1234.
TID: [] [] [2023-07-28 09:58:37,080] []  INFO {org.wso2.carbon.humantask.deployer.HumanTaskDeployer} - Initializing HumanTask Deployer for tenant -1234.
TID: [] [] [2023-07-28 09:58:37,092] []  INFO {org.apache.axis2.transport.mail.MailTransportSender} - MAILTO Sender started
TID: [] [] [2023-07-28 09:58:38,445] []  INFO {org.wso2.carbon.core.deployment.DeploymentInterceptor} - Deploying Axis2 service: AdminAdvisoryManagementService {super-tenant}
TID: [] [] [2023-07-28 09:58:39,258] []  INFO {org.wso2.carbon.core.deployment.DeploymentInterceptor} - Deploying Axis2 service: I18nEmailMgtConfigService {super-tenant}
TID: [] [] [2023-07-28 09:58:40,875] []  INFO {org.wso2.carbon.core.deployment.DeploymentInterceptor} - Deploying Axis2 service: AccountCredentialMgtConfigService {super-tenant}
TID: [] [] [2023-07-28 09:58:40,922] []  INFO {org.wso2.carbon.core.deployment.DeploymentInterceptor} - Deploying Axis2 service: UserIdentityManagementAdminService {super-tenant}
TID: [] [] [2023-07-28 09:58:40,967] []  INFO {org.wso2.carbon.core.deployment.DeploymentInterceptor} - Deploying Axis2 service: UserInformationRecoveryService {super-tenant}
TID: [] [] [2023-07-28 09:58:41,192] []  INFO {org.wso2.carbon.core.deployment.DeploymentInterceptor} - Deploying Axis2 service: SAMLQueryService {super-tenant}
TID: [] [] [2023-07-28 09:58:41,897] []  INFO {org.wso2.carbon.core.deployment.DeploymentInterceptor} - Deploying Axis2 service: mex-ut {super-tenant}
TID: [] [] [2023-07-28 09:58:41,948] []  INFO {org.wso2.carbon.core.deployment.DeploymentInterceptor} - Deploying Axis2 service: mex-ut2 {super-tenant}
TID: [] [] [2023-07-28 09:58:42,975] []  INFO {org.wso2.carbon.core.init.CarbonServerManager} - Repository       : D:\IDP\wso2is\bin\../repository/deployment/server/
TID: [] [] [2023-07-28 09:58:43,316] []  INFO {org.wso2.carbon.core.multitenancy.eager.TenantLoadingConfig} - Using tenant lazy loading policy...
TID: [] [] [2023-07-28 09:58:43,580] []  INFO {org.wso2.carbon.core.internal.permission.update.PermissionUpdater} - Permission cache updated for tenant -1234
TID: [] [] [2023-07-28 09:58:43,907] []  INFO {org.wso2.carbon.identity.sso.cas.internal.CASAuthenticatorServiceComponent} - Identity CAS SSO bundle is activated
TID: [] [] [2023-07-28 09:58:47,972] []  INFO {org.wso2.carbon.identity.entitlement.internal.SchemaBuilder} - XACML policy schema loaded successfully.
TID: [] [] [2023-07-28 09:58:48,727] []  INFO {org.wso2.balana.ConfigurationStore} - Loading runtime configuration
TID: [] [] [2023-07-28 09:58:53,379] []  INFO {org.wso2.carbon.user.core.internal.UserStoreMgtDSComponent} - Claim manager set for class org.wso2.carbon.user.core.common.DefaultRealm
TID: [] [] [2023-07-28 09:58:53,385] []  INFO {org.wso2.carbon.user.core.internal.UserStoreMgtDSComponent} - Claim manager set for class org.wso2.carbon.user.core.jdbc.UniqueIDJDBCUserStoreManager
TID: [] [] [2023-07-28 09:58:54,012] []  WARN {org.wso2.carbon.identity.auth.service.internal.AuthenticationServiceComponent} - 

##################################  ALERT  ##################################
[WARNING]: Internal authentication is utilizing default credentials,
which may expose the environment to potential security risks.
If this is a production environment, change the credentials immediately.
#############################################################################

TID: [] [] [2023-07-28 09:58:54,026] []  INFO {org.wso2.carbon.identity.organization.management.tenant.association.internal.TenantAssociationServiceComponent} - Organization management related TenantAssociationManagementListener registered successfully.
TID: [] [] [2023-07-28 09:58:56,120] []  INFO {org.wso2.carbon.identity.authenticator.x509Certificate.internal.X509CertificateServiceComponent} - X509 Certificate Servlet activated successfully..
TID: [] [] [2023-07-28 09:58:57,007] []  WARN {org.wso2.carbon.identity.event.internal.IdentityEventServiceComponent} - Properties for GovernanceConfigUpdateHandler is not configured. This event handler will not be activated
TID: [] [] [2023-07-28 09:58:58,393] []  INFO {org.wso2.carbon.identity.local.auth.api.core.internal.AuthAPIServiceComponent} - Auth API Service Component  is activated.
TID: [] [] [2023-07-28 09:58:58,523] []  INFO {org.wso2.custom.authenticator.local.auth.CustomBasicAuthenticator} - go on getConfigurationProperties!
TID: [] [] [2023-07-28 09:58:58,523] []  INFO {org.wso2.custom.authenticator.local.auth.VnptAuthenticator} - go on getConfigurationProperties!
TID: [] [] [2023-07-28 09:59:00,569] []  INFO {org.wso2.carbon.identity.oauth.config.OAuthServerConfiguration} - The default OAuth token issuer will be used. No custom token generator is set.
TID: [] [] [2023-07-28 09:59:00,569] []  INFO {org.wso2.carbon.identity.oauth.config.OAuthServerConfiguration} - An instance of org.wso2.carbon.identity.oauth2.token.OauthTokenIssuerImpl is created for Identity OAuth token generation.
TID: [] [] [2023-07-28 09:59:00,585] []  INFO {org.opensaml.core.config.InitializationService} - Initializing OpenSAML using the Java Services API
TID: [] [] [2023-07-28 09:59:01,777] []  WARN {org.wso2.carbon.identity.event.internal.IdentityEventServiceComponent} - Properties for OrganizationCreationHandler is not configured. This event handler will not be activated
TID: [] [] [2023-07-28 09:59:43,322] []  WARN {org.wso2.carbon.core.internal.StartupFinalizerServiceComponent} - Waiting for required OSGi services: org.wso2.carbon.identity.core.util.IdentityCoreInitializedEvent,org.wso2.carbon.server.admin.common.IServerAdmin,
TID: [] [] [2023-07-28 09:59:54,639] []  INFO {org.wso2.carbon.healthcheck.api.core.internal.HealthMonitorServiceComponent} - Carbon health monitoring service is activated..
TID: [] [] [2023-07-28 09:59:54,938] []  INFO {org.wso2.carbon.event.publisher.core.EventPublisherDeployer} - Event Publisher deployment held back and in inactive state :EmailPublisher.xml, Stream validation exception : Stream id_gov_notify_stream:1.0.0 does not exist
TID: [] [] [2023-07-28 09:59:54,940] []  INFO {org.wso2.carbon.event.publisher.core.EventPublisherDeployer} - Event Publisher deployment held back and in inactive state :IsAnalytics-Publisher-wso2event-AuthenticationData-1.1.0.xml, Stream validation exception : Stream org.wso2.is.analytics.stream.OverallAuthentication:1.1.0 does not exist
TID: [] [] [2023-07-28 09:59:54,942] []  INFO {org.wso2.carbon.event.publisher.core.EventPublisherDeployer} - Event Publisher deployment held back and in inactive state :IsAnalytics-Publisher-wso2event-AuthenticationData.xml, Stream validation exception : Stream org.wso2.is.analytics.stream.OverallAuthentication:1.0.0 does not exist
TID: [] [] [2023-07-28 09:59:54,947] []  INFO {org.wso2.carbon.event.publisher.core.EventPublisherDeployer} - Event Publisher deployment held back and in inactive state :IsAnalytics-Publisher-wso2event-OauthTokenIssueRefresh.xml, Stream validation exception : Stream org.wso2.is.analytics.stream.OauthTokenIssuance:1.0.0 does not exist
TID: [] [] [2023-07-28 09:59:54,949] []  INFO {org.wso2.carbon.event.publisher.core.EventPublisherDeployer} - Event Publisher deployment held back and in inactive state :IsAnalytics-Publisher-wso2event-OauthTokenRevocation.xml, Stream validation exception : Stream org.wso2.is.analytics.stream.OauthTokenRevocation:1.0.0 does not exist
TID: [] [] [2023-07-28 09:59:54,950] []  INFO {org.wso2.carbon.event.publisher.core.EventPublisherDeployer} - Event Publisher deployment held back and in inactive state :IsAnalytics-Publisher-wso2event-OauthTokenValidation.xml, Stream validation exception : Stream org.wso2.is.analytics.stream.OauthTokenValidation:1.0.0 does not exist
TID: [] [] [2023-07-28 09:59:54,952] []  INFO {org.wso2.carbon.event.publisher.core.EventPublisherDeployer} - Event Publisher deployment held back and in inactive state :IsAnalytics-Publisher-wso2event-RoleData.xml, Stream validation exception : Stream org.wso2.is.analytics.stream.OverallRoleData:1.0.0 does not exist
TID: [] [] [2023-07-28 09:59:54,954] []  INFO {org.wso2.carbon.event.publisher.core.EventPublisherDeployer} - Event Publisher deployment held back and in inactive state :IsAnalytics-Publisher-wso2event-SessionData.xml, Stream validation exception : Stream org.wso2.is.analytics.stream.OverallSession:1.0.1 does not exist
TID: [] [] [2023-07-28 09:59:54,955] []  INFO {org.wso2.carbon.event.publisher.core.EventPublisherDeployer} - Event Publisher deployment held back and in inactive state :IsAnalytics-Publisher-wso2event-UserData.xml, Stream validation exception : Stream org.wso2.is.analytics.stream.OverallUserData:1.0.0 does not exist
TID: [] [] [2023-07-28 09:59:54,956] []  INFO {org.wso2.carbon.event.publisher.core.EventPublisherDeployer} - Event Publisher deployment held back and in inactive state :SMSPublisher.xml, Stream validation exception : Stream id_gov_sms_notify_stream:1.0.0 does not exist
TID: [] [] [2023-07-28 09:59:54,974] []  INFO {org.wso2.carbon.event.publisher.core.EventPublisherDeployer} - Event Publisher undeployed successfully : EmailPublisher.xml
TID: [] [] [2023-07-28 09:59:54,983] []  INFO {org.wso2.carbon.event.stream.core.internal.EventJunction} - WSO2EventConsumer added to the junction. Stream:id_gov_notify_stream:1.0.0
TID: [] [] [2023-07-28 09:59:54,987] []  INFO {org.wso2.carbon.event.publisher.core.EventPublisherDeployer} - Event Publisher configuration successfully deployed and in active state : EmailPublisher
TID: [] [] [2023-07-28 09:59:54,987] []  INFO {org.wso2.carbon.event.stream.core.EventStreamDeployer} - Stream definition is deployed successfully  : id_gov_notify_stream:1.0.0
TID: [] [] [2023-07-28 09:59:54,992] []  INFO {org.wso2.carbon.event.publisher.core.EventPublisherDeployer} - Event Publisher undeployed successfully : SMSPublisher.xml
TID: [] [] [2023-07-28 09:59:54,998] []  INFO {org.wso2.carbon.event.stream.core.internal.EventJunction} - WSO2EventConsumer added to the junction. Stream:id_gov_sms_notify_stream:1.0.0
TID: [] [] [2023-07-28 09:59:55,001] []  INFO {org.wso2.carbon.event.publisher.core.EventPublisherDeployer} - Event Publisher configuration successfully deployed and in active state : SMSPublisher
TID: [] [] [2023-07-28 09:59:55,002] []  INFO {org.wso2.carbon.event.stream.core.EventStreamDeployer} - Stream definition is deployed successfully  : id_gov_sms_notify_stream:1.0.0
TID: [] [] [2023-07-28 09:59:55,009] []  INFO {org.wso2.carbon.event.publisher.core.EventPublisherDeployer} - Event Publisher undeployed successfully : IsAnalytics-Publisher-wso2event-OauthTokenIssueRefresh.xml
TID: [] [] [2023-07-28 09:59:55,015] []  INFO {org.wso2.carbon.event.stream.core.internal.EventJunction} - WSO2EventConsumer added to the junction. Stream:org.wso2.is.analytics.stream.OauthTokenIssuance:1.0.0
TID: [] [] [2023-07-28 09:59:55,017] []  INFO {org.wso2.carbon.event.publisher.core.EventPublisherDeployer} - Event Publisher configuration successfully deployed and in active state : IsAnalytics-Publisher-wso2event-OauthTokenIssueRefresh
TID: [] [] [2023-07-28 09:59:55,018] []  INFO {org.wso2.carbon.event.stream.core.EventStreamDeployer} - Stream definition is deployed successfully  : org.wso2.is.analytics.stream.OauthTokenIssuance:1.0.0
TID: [] [] [2023-07-28 09:59:55,023] []  INFO {org.wso2.carbon.event.publisher.core.EventPublisherDeployer} - Event Publisher undeployed successfully : IsAnalytics-Publisher-wso2event-OauthTokenRevocation.xml
TID: [] [] [2023-07-28 09:59:55,029] []  INFO {org.wso2.carbon.event.stream.core.internal.EventJunction} - WSO2EventConsumer added to the junction. Stream:org.wso2.is.analytics.stream.OauthTokenRevocation:1.0.0
TID: [] [] [2023-07-28 09:59:55,030] []  INFO {org.wso2.carbon.event.publisher.core.EventPublisherDeployer} - Event Publisher configuration successfully deployed and in active state : IsAnalytics-Publisher-wso2event-OauthTokenRevocation
TID: [] [] [2023-07-28 09:59:55,031] []  INFO {org.wso2.carbon.event.stream.core.EventStreamDeployer} - Stream definition is deployed successfully  : org.wso2.is.analytics.stream.OauthTokenRevocation:1.0.0
TID: [] [] [2023-07-28 09:59:55,037] []  INFO {org.wso2.carbon.event.publisher.core.EventPublisherDeployer} - Event Publisher undeployed successfully : IsAnalytics-Publisher-wso2event-OauthTokenValidation.xml
TID: [] [] [2023-07-28 09:59:55,039] []  INFO {org.wso2.carbon.event.stream.core.internal.EventJunction} - WSO2EventConsumer added to the junction. Stream:org.wso2.is.analytics.stream.OauthTokenValidation:1.0.0
TID: [] [] [2023-07-28 09:59:55,040] []  INFO {org.wso2.carbon.event.publisher.core.EventPublisherDeployer} - Event Publisher configuration successfully deployed and in active state : IsAnalytics-Publisher-wso2event-OauthTokenValidation
TID: [] [] [2023-07-28 09:59:55,040] []  INFO {org.wso2.carbon.event.stream.core.EventStreamDeployer} - Stream definition is deployed successfully  : org.wso2.is.analytics.stream.OauthTokenValidation:1.0.0
TID: [] [] [2023-07-28 09:59:55,051] []  INFO {org.wso2.carbon.event.publisher.core.EventPublisherDeployer} - Event Publisher undeployed successfully : IsAnalytics-Publisher-wso2event-AuthenticationData.xml
TID: [] [] [2023-07-28 09:59:55,053] []  INFO {org.wso2.carbon.event.stream.core.internal.EventJunction} - WSO2EventConsumer added to the junction. Stream:org.wso2.is.analytics.stream.OverallAuthentication:1.0.0
TID: [] [] [2023-07-28 09:59:55,055] []  INFO {org.wso2.carbon.event.publisher.core.EventPublisherDeployer} - Event Publisher configuration successfully deployed and in active state : IsAnalytics-Publisher-wso2event-AuthenticationData
TID: [] [] [2023-07-28 09:59:55,055] []  INFO {org.wso2.carbon.event.stream.core.EventStreamDeployer} - Stream definition is deployed successfully  : org.wso2.is.analytics.stream.OverallAuthentication:1.0.0
TID: [] [] [2023-07-28 09:59:55,065] []  INFO {org.wso2.carbon.event.publisher.core.EventPublisherDeployer} - Event Publisher undeployed successfully : IsAnalytics-Publisher-wso2event-AuthenticationData-1.1.0.xml
TID: [] [] [2023-07-28 09:59:55,067] []  INFO {org.wso2.carbon.event.stream.core.internal.EventJunction} - WSO2EventConsumer added to the junction. Stream:org.wso2.is.analytics.stream.OverallAuthentication:1.1.0
TID: [] [] [2023-07-28 09:59:55,067] []  INFO {org.wso2.carbon.event.publisher.core.EventPublisherDeployer} - Event Publisher configuration successfully deployed and in active state : IsAnalytics-Publisher-wso2event-AuthenticationData-1.1.0
TID: [] [] [2023-07-28 09:59:55,068] []  INFO {org.wso2.carbon.event.stream.core.EventStreamDeployer} - Stream definition is deployed successfully  : org.wso2.is.analytics.stream.OverallAuthentication:1.1.0
TID: [] [] [2023-07-28 09:59:55,074] []  INFO {org.wso2.carbon.event.publisher.core.EventPublisherDeployer} - Event Publisher undeployed successfully : IsAnalytics-Publisher-wso2event-RoleData.xml
TID: [] [] [2023-07-28 09:59:55,078] []  INFO {org.wso2.carbon.event.stream.core.internal.EventJunction} - WSO2EventConsumer added to the junction. Stream:org.wso2.is.analytics.stream.OverallRoleData:1.0.0
TID: [] [] [2023-07-28 09:59:55,080] []  INFO {org.wso2.carbon.event.publisher.core.EventPublisherDeployer} - Event Publisher configuration successfully deployed and in active state : IsAnalytics-Publisher-wso2event-RoleData
TID: [] [] [2023-07-28 09:59:55,081] []  INFO {org.wso2.carbon.event.stream.core.EventStreamDeployer} - Stream definition is deployed successfully  : org.wso2.is.analytics.stream.OverallRoleData:1.0.0
TID: [] [] [2023-07-28 09:59:55,088] []  INFO {org.wso2.carbon.event.stream.core.EventStreamDeployer} - Stream definition is deployed successfully  : org.wso2.is.analytics.stream.OverallSession:1.0.0
TID: [] [] [2023-07-28 09:59:55,099] []  INFO {org.wso2.carbon.event.publisher.core.EventPublisherDeployer} - Event Publisher undeployed successfully : IsAnalytics-Publisher-wso2event-SessionData.xml
TID: [] [] [2023-07-28 09:59:55,102] []  INFO {org.wso2.carbon.event.stream.core.internal.EventJunction} - WSO2EventConsumer added to the junction. Stream:org.wso2.is.analytics.stream.OverallSession:1.0.1
TID: [] [] [2023-07-28 09:59:55,102] []  INFO {org.wso2.carbon.event.publisher.core.EventPublisherDeployer} - Event Publisher configuration successfully deployed and in active state : IsAnalytics-Publisher-wso2event-SessionData
TID: [] [] [2023-07-28 09:59:55,102] []  INFO {org.wso2.carbon.event.stream.core.EventStreamDeployer} - Stream definition is deployed successfully  : org.wso2.is.analytics.stream.OverallSession:1.0.1
TID: [] [] [2023-07-28 09:59:55,109] []  INFO {org.wso2.carbon.event.publisher.core.EventPublisherDeployer} - Event Publisher undeployed successfully : IsAnalytics-Publisher-wso2event-UserData.xml
TID: [] [] [2023-07-28 09:59:55,115] []  INFO {org.wso2.carbon.event.stream.core.internal.EventJunction} - WSO2EventConsumer added to the junction. Stream:org.wso2.is.analytics.stream.OverallUserData:1.0.0
TID: [] [] [2023-07-28 09:59:55,116] []  INFO {org.wso2.carbon.event.publisher.core.EventPublisherDeployer} - Event Publisher configuration successfully deployed and in active state : IsAnalytics-Publisher-wso2event-UserData
TID: [] [] [2023-07-28 09:59:55,116] []  INFO {org.wso2.carbon.event.stream.core.EventStreamDeployer} - Stream definition is deployed successfully  : org.wso2.is.analytics.stream.OverallUserData:1.0.0
TID: [] [] [2023-07-28 09:59:57,441] []  INFO {org.wso2.carbon.webapp.mgt.TomcatGenericWebappsDeployer} - Deployed webapp: StandardEngine[Catalina].StandardHost[localhost].StandardContext[/accountrecoveryendpoint].File[D:\IDP\wso2is\bin\..\repository\deployment\server\webapps\accountrecoveryendpoint]
TID: [] [] [2023-07-28 10:00:07,395] []  WARN {java.util.prefs} - Could not open/create prefs root node Software\JavaSoft\Prefs at root 0xffffffff80000002. Windows RegCreateKeyEx(...) returned error code 5.
TID: [] [] [2023-07-28 10:00:08,999] []  INFO {org.hibernate.validator.internal.util.Version} - HV000001: Hibernate Validator 6.2.0.Final
TID: [] [] [2023-07-28 10:00:10,653] []  INFO {org.apache.cxf.endpoint.ServerImpl} - Setting the server's publish address to be /server/v1
TID: [] [] [2023-07-28 10:00:11,055] []  INFO {org.apache.cxf.endpoint.ServerImpl} - Setting the server's publish address to be /users/v1
TID: [] [] [2023-07-28 10:00:11,090] []  INFO {org.apache.cxf.endpoint.ServerImpl} - Setting the server's publish address to be /users/v2
TID: [] [] [2023-07-28 10:00:11,185] []  INFO {org.apache.cxf.endpoint.ServerImpl} - Setting the server's publish address to be /identity/config-mgt/v1.0
TID: [] [] [2023-07-28 10:00:11,279] []  INFO {org.apache.cxf.endpoint.ServerImpl} - Setting the server's publish address to be /identity/entitlement/decision
TID: [] [] [2023-07-28 10:00:11,350] []  INFO {org.apache.cxf.endpoint.ServerImpl} - Setting the server's publish address to be /identity/recovery/v0.9
TID: [] [] [2023-07-28 10:00:11,405] []  INFO {org.apache.cxf.endpoint.ServerImpl} - Setting the server's publish address to be /identity/user/v1.0
TID: [] [] [2023-07-28 10:00:11,423] []  INFO {org.apache.cxf.endpoint.ServerImpl} - Setting the server's publish address to be /users/v2/me/webauthn
TID: [] [] [2023-07-28 10:00:11,456] []  INFO {org.apache.cxf.endpoint.ServerImpl} - Setting the server's publish address to be /identity/oauth2/dcr/v1.1
TID: [] [] [2023-07-28 10:00:11,487] []  INFO {org.apache.cxf.endpoint.ServerImpl} - Setting the server's publish address to be /identity/oauth2/v1.0
TID: [] [] [2023-07-28 10:00:11,554] []  INFO {org.apache.cxf.endpoint.ServerImpl} - Setting the server's publish address to be /identity/consent-mgt/v1.0
TID: [] [] [2023-07-28 10:00:11,584] []  INFO {org.apache.cxf.endpoint.ServerImpl} - Setting the server's publish address to be /identity/auth/v1.1
TID: [] [] [2023-07-28 10:00:11,640] []  INFO {org.wso2.carbon.webapp.mgt.TomcatGenericWebappsDeployer} - Deployed webapp: StandardEngine[Catalina].StandardHost[localhost].StandardContext[/api].File[D:\IDP\wso2is\bin\..\repository\deployment\server\webapps\api]
TID: [] [] [2023-07-28 10:00:12,114] []  INFO {org.apache.cxf.endpoint.ServerImpl} - Setting the server's publish address to be /
TID: [] [] [2023-07-28 10:00:12,122] []  INFO {org.wso2.carbon.webapp.mgt.TomcatGenericWebappsDeployer} - Deployed webapp: StandardEngine[Catalina].StandardHost[localhost].StandardContext[/api/health-check/v1.0].File[D:\IDP\wso2is\bin\..\repository\deployment\server\webapps\api#health-check#v1.0]
TID: [] [] [2023-07-28 10:00:12,900] []  INFO {org.wso2.carbon.identity.application.authentication.endpoint.util.TenantDataManager} - EndpointConfig.properties file loaded from ./repository/conf/identity/EndpointConfig.properties
TID: [] [] [2023-07-28 10:00:12,902] []  INFO {org.wso2.carbon.identity.application.authentication.endpoint.util.MutualSSLManager} - EndpointConfig.properties file loaded from ./repository/conf/identity/EndpointConfig.properties
TID: [] [] [2023-07-28 10:00:12,933] []  INFO {org.wso2.carbon.identity.application.authentication.endpoint.util.EndpointConfigManager} - EndpointConfig.properties file loaded from ./repository/conf/identity/EndpointConfig.properties
TID: [] [] [2023-07-28 10:00:13,153] []  INFO {org.wso2.carbon.webapp.mgt.TomcatGenericWebappsDeployer} - Deployed webapp: StandardEngine[Catalina].StandardHost[localhost].StandardContext[/authenticationendpoint].File[D:\IDP\wso2is\bin\..\repository\deployment\server\webapps\authenticationendpoint]
TID: [] [] [2023-07-28 10:00:13,926] []  INFO {org.wso2.carbon.identity.application.authentication.endpoint.util.TenantDataManager} - EndpointConfig.properties file loaded from ./repository/conf/identity/EndpointConfig.properties
TID: [] [] [2023-07-28 10:00:14,223] []  INFO {org.wso2.carbon.webapp.mgt.TomcatGenericWebappsDeployer} - Deployed webapp: StandardEngine[Catalina].StandardHost[localhost].StandardContext[/authenticationendpointbk].File[D:\IDP\wso2is\bin\..\repository\deployment\server\webapps\authenticationendpointbk]
TID: [] [] [2023-07-28 10:00:14,918] []  INFO {org.wso2.carbon.identity.application.authentication.endpoint.util.TenantDataManager} - EndpointConfig.properties file loaded from ./repository/conf/identity/EndpointConfig.properties
TID: [] [] [2023-07-28 10:00:15,778] [] ERROR {org.apache.catalina.core.ContainerBase.[Catalina].[localhost].[/authenticationendpointbk2]} - Servlet [dynamic_prompt.do] in web application [/authenticationendpointbk2] threw load() exception org.apache.jasper.JasperException: Unable to compile class for JSP: 

An error occurred at line: [18] in the generated java file: [D:\IDP\wso2is\lib\tomcat\work\Catalina\localhost\authenticationendpointbk2\org\apache\jsp\dynamic_005fprompt_jsp.java]
Only a type can be imported. org.wso2.carbon.identity.application.authentication.endpoint.util.TemplateMgtAPIClient resolves to a package

Stacktrace:
	at org.apache.jasper.compiler.DefaultErrorHandler.javacError(DefaultErrorHandler.java:102)
	at org.apache.jasper.compiler.ErrorDispatcher.javacError(ErrorDispatcher.java:213)
	at org.apache.jasper.compiler.JDTCompiler.generateClass(JDTCompiler.java:498)
	at org.apache.jasper.compiler.Compiler.compile(Compiler.java:397)
	at org.apache.jasper.compiler.Compiler.compile(Compiler.java:367)
	at org.apache.jasper.compiler.Compiler.compile(Compiler.java:351)
	at org.apache.jasper.JspCompilationContext.compile(JspCompilationContext.java:605)
	at org.apache.jasper.servlet.JspServletWrapper.service(JspServletWrapper.java:399)
	at org.apache.jasper.servlet.JspServlet.serviceJspFile(JspServlet.java:379)
	at org.apache.jasper.servlet.JspServlet.init(JspServlet.java:135)
	at org.apache.catalina.core.StandardWrapper.initServlet(StandardWrapper.java:1164)
	at org.apache.catalina.core.StandardWrapper.loadServlet(StandardWrapper.java:1117)
	at org.apache.catalina.core.StandardWrapper.load(StandardWrapper.java:1010)
	at org.apache.catalina.core.StandardContext.loadOnStartup(StandardContext.java:4957)
	at org.apache.catalina.core.StandardContext.startInternal(StandardContext.java:5264)
	at org.apache.catalina.util.LifecycleBase.start(LifecycleBase.java:183)
	at org.apache.catalina.core.ContainerBase.addChildInternal(ContainerBase.java:726)
	at org.apache.catalina.core.ContainerBase.addChild(ContainerBase.java:698)
	at org.apache.catalina.core.StandardHost.addChild(StandardHost.java:696)
	at org.wso2.carbon.tomcat.internal.CarbonTomcat.addWebApp(CarbonTomcat.java:303)
	at org.wso2.carbon.tomcat.internal.CarbonTomcat.addWebApp(CarbonTomcat.java:209)
	at org.wso2.carbon.webapp.mgt.TomcatGenericWebappsDeployer.handleWebappDeployment(TomcatGenericWebappsDeployer.java:250)
	at org.wso2.carbon.webapp.mgt.TomcatGenericWebappsDeployer.handleExplodedWebappDeployment(TomcatGenericWebappsDeployer.java:238)
	at org.wso2.carbon.webapp.mgt.TomcatGenericWebappsDeployer.handleHotDeployment(TomcatGenericWebappsDeployer.java:168)
	at org.wso2.carbon.webapp.mgt.TomcatGenericWebappsDeployer.deploy(TomcatGenericWebappsDeployer.java:135)
	at org.wso2.carbon.webapp.mgt.AbstractWebappDeployer.deployThisWebApp(AbstractWebappDeployer.java:106)
	at org.wso2.carbon.webapp.mgt.AbstractWebappDeployer.deploy(AbstractWebappDeployer.java:96)
	at org.wso2.carbon.webapp.deployer.WebappDeployer.deploy(WebappDeployer.java:42)
	at org.apache.axis2.deployment.repository.util.DeploymentFileData.deploy(DeploymentFileData.java:136)
	at org.apache.axis2.deployment.DeploymentEngine.doDeploy(DeploymentEngine.java:807)
	at org.apache.axis2.deployment.repository.util.WSInfoList.update(WSInfoList.java:153)
	at org.apache.axis2.deployment.RepositoryListener.update(RepositoryListener.java:377)
	at org.apache.axis2.deployment.RepositoryListener.checkServices(RepositoryListener.java:254)
	at org.apache.axis2.deployment.DeploymentEngine.loadServices(DeploymentEngine.java:135)
	at org.wso2.carbon.core.CarbonAxisConfigurator.deployServices(CarbonAxisConfigurator.java:568)
	at org.wso2.carbon.core.internal.DeploymentServerStartupObserver.completingServerStartup(DeploymentServerStartupObserver.java:51)
	at org.wso2.carbon.core.internal.CarbonCoreServiceComponent.notifyBefore(CarbonCoreServiceComponent.java:258)
	at org.wso2.carbon.core.internal.StartupFinalizerServiceComponent.completeInitialization(StartupFinalizerServiceComponent.java:166)
	at org.wso2.carbon.core.internal.StartupFinalizerServiceComponent.serviceChanged(StartupFinalizerServiceComponent.java:323)
	at org.eclipse.osgi.internal.serviceregistry.FilteredServiceListener.serviceChanged(FilteredServiceListener.java:113)
	at org.eclipse.osgi.internal.framework.BundleContextImpl.dispatchEvent(BundleContextImpl.java:985)
	at org.eclipse.osgi.framework.eventmgr.EventManager.dispatchEvent(EventManager.java:234)
	at org.eclipse.osgi.framework.eventmgr.ListenerQueue.dispatchEventSynchronous(ListenerQueue.java:151)
	at org.eclipse.osgi.internal.serviceregistry.ServiceRegistry.publishServiceEventPrivileged(ServiceRegistry.java:866)
	at org.eclipse.osgi.internal.serviceregistry.ServiceRegistry.publishServiceEvent(ServiceRegistry.java:804)
	at org.eclipse.osgi.internal.serviceregistry.ServiceRegistrationImpl.register(ServiceRegistrationImpl.java:130)
	at org.eclipse.osgi.internal.serviceregistry.ServiceRegistry.registerService(ServiceRegistry.java:228)
	at org.eclipse.osgi.internal.framework.BundleContextImpl.registerService(BundleContextImpl.java:525)
	at org.eclipse.osgi.internal.framework.BundleContextImpl.registerService(BundleContextImpl.java:544)
	at org.wso2.carbon.server.admin.internal.ServerAdminServiceComponent.activate(ServerAdminServiceComponent.java:99)
	at java.base/jdk.internal.reflect.NativeMethodAccessorImpl.invoke0(Native Method)
	at java.base/jdk.internal.reflect.NativeMethodAccessorImpl.invoke(NativeMethodAccessorImpl.java:62)
	at java.base/jdk.internal.reflect.DelegatingMethodAccessorImpl.invoke(DelegatingMethodAccessorImpl.java:43)
	at java.base/java.lang.reflect.Method.invoke(Method.java:566)
	at org.eclipse.equinox.internal.ds.model.ServiceComponent.activate(ServiceComponent.java:260)
	at org.eclipse.equinox.internal.ds.model.ServiceComponentProp.activate(ServiceComponentProp.java:146)
	at org.eclipse.equinox.internal.ds.model.ServiceComponentProp.build(ServiceComponentProp.java:345)
	at org.eclipse.equinox.internal.ds.InstanceProcess.buildComponent(InstanceProcess.java:620)
	at org.eclipse.equinox.internal.ds.InstanceProcess.buildComponents(InstanceProcess.java:197)
	at org.eclipse.equinox.internal.ds.Resolver.getEligible(Resolver.java:343)
	at org.eclipse.equinox.internal.ds.SCRManager.serviceChanged(SCRManager.java:222)
	at org.eclipse.osgi.internal.serviceregistry.FilteredServiceListener.serviceChanged(FilteredServiceListener.java:113)
	at org.eclipse.osgi.internal.framework.BundleContextImpl.dispatchEvent(BundleContextImpl.java:985)
	at org.eclipse.osgi.framework.eventmgr.EventManager.dispatchEvent(EventManager.java:234)
	at org.eclipse.osgi.framework.eventmgr.ListenerQueue.dispatchEventSynchronous(ListenerQueue.java:151)
	at org.eclipse.osgi.internal.serviceregistry.ServiceRegistry.publishServiceEventPrivileged(ServiceRegistry.java:866)
	at org.eclipse.osgi.internal.serviceregistry.ServiceRegistry.publishServiceEvent(ServiceRegistry.java:804)
	at org.eclipse.osgi.internal.serviceregistry.ServiceRegistrationImpl.register(ServiceRegistrationImpl.java:130)
	at org.eclipse.osgi.internal.serviceregistry.ServiceRegistry.registerService(ServiceRegistry.java:228)
	at org.eclipse.osgi.internal.framework.BundleContextImpl.registerService(BundleContextImpl.java:525)
	at org.eclipse.osgi.internal.framework.BundleContextImpl.registerService(BundleContextImpl.java:544)
	at org.wso2.carbon.core.init.CarbonServerManager.initializeCarbon(CarbonServerManager.java:529)
	at org.wso2.carbon.core.init.CarbonServerManager.removePendingItem(CarbonServerManager.java:305)
	at org.wso2.carbon.core.init.PreAxis2ConfigItemListener.bundleChanged(PreAxis2ConfigItemListener.java:118)
	at org.eclipse.osgi.internal.framework.BundleContextImpl.dispatchEvent(BundleContextImpl.java:973)
	at org.eclipse.osgi.framework.eventmgr.EventManager.dispatchEvent(EventManager.java:234)
	at org.eclipse.osgi.framework.eventmgr.EventManager$EventThread.run(EventManager.java:345)

TID: [] [] [2023-07-28 10:00:15,809] []  INFO {org.wso2.carbon.webapp.mgt.TomcatGenericWebappsDeployer} - Deployed webapp: StandardEngine[Catalina].StandardHost[localhost].StandardContext[/authenticationendpointbk2].File[D:\IDP\wso2is\bin\..\repository\deployment\server\webapps\authenticationendpointbk2]
TID: [] [] [2023-07-28 10:00:16,043] []  INFO {org.wso2.carbon.webapp.mgt.TomcatGenericWebappsDeployer} - Deployed webapp: StandardEngine[Catalina].StandardHost[localhost].StandardContext[/console].File[D:\IDP\wso2is\bin\..\repository\deployment\server\webapps\console]
TID: [] [] [2023-07-28 10:00:16,243] []  INFO {org.wso2.carbon.webapp.mgt.TomcatGenericWebappsDeployer} - Deployed webapp: StandardEngine[Catalina].StandardHost[localhost].StandardContext[/mex].File[D:\IDP\wso2is\bin\..\repository\deployment\server\webapps\mex]
TID: [] [] [2023-07-28 10:00:16,517] []  INFO {org.apache.cxf.endpoint.ServerImpl} - Setting the server's publish address to be /
TID: [] [] [2023-07-28 10:00:16,524] []  INFO {org.wso2.carbon.webapp.mgt.TomcatGenericWebappsDeployer} - Deployed webapp: StandardEngine[Catalina].StandardHost[localhost].StandardContext[/mexut].File[D:\IDP\wso2is\bin\..\repository\deployment\server\webapps\mexut]
TID: [] [] [2023-07-28 10:00:16,742] []  INFO {org.wso2.carbon.webapp.mgt.TomcatGenericWebappsDeployer} - Deployed webapp: StandardEngine[Catalina].StandardHost[localhost].StandardContext[/myaccount].File[D:\IDP\wso2is\bin\..\repository\deployment\server\webapps\myaccount]
TID: [] [] [2023-07-28 10:00:17,332] []  INFO {org.apache.jasper.servlet.TldScanner} - At least one JAR was scanned for TLDs yet contained no TLDs. Enable debug logging for this logger for a complete list of JARs that were scanned but no TLDs were found in them. Skipping unneeded JARs during scanning can improve startup time and JSP compilation time.
TID: [] [] [2023-07-28 10:00:17,910] []  INFO {org.apache.cxf.endpoint.ServerImpl} - Setting the server's publish address to be /
TID: [] [] [2023-07-28 10:00:17,995] []  INFO {org.wso2.carbon.webapp.mgt.TomcatGenericWebappsDeployer} - Deployed webapp: StandardEngine[Catalina].StandardHost[localhost].StandardContext[/oauth2].File[D:\IDP\wso2is\bin\..\repository\deployment\server\webapps\oauth2]
TID: [] [] [2023-07-28 10:00:18,327] []  INFO {org.apache.cxf.endpoint.ServerImpl} - Setting the server's publish address to be /Users
TID: [] [] [2023-07-28 10:00:18,359] []  INFO {org.apache.cxf.endpoint.ServerImpl} - Setting the server's publish address to be /Groups
TID: [] [] [2023-07-28 10:00:18,363] []  INFO {org.apache.cxf.endpoint.ServerImpl} - Setting the server's publish address to be /Me
TID: [] [] [2023-07-28 10:00:18,367] []  INFO {org.apache.cxf.endpoint.ServerImpl} - Setting the server's publish address to be /ServiceProviderConfig
TID: [] [] [2023-07-28 10:00:18,370] []  INFO {org.apache.cxf.endpoint.ServerImpl} - Setting the server's publish address to be /ResourceTypes
TID: [] [] [2023-07-28 10:00:18,375] []  INFO {org.apache.cxf.endpoint.ServerImpl} - Setting the server's publish address to be /Bulk
TID: [] [] [2023-07-28 10:00:18,378] []  INFO {org.apache.cxf.endpoint.ServerImpl} - Setting the server's publish address to be /Schemas
TID: [] [] [2023-07-28 10:00:18,382] []  INFO {org.apache.cxf.endpoint.ServerImpl} - Setting the server's publish address to be /Roles
TID: [] [] [2023-07-28 10:00:18,388] []  INFO {org.wso2.carbon.webapp.mgt.TomcatGenericWebappsDeployer} - Deployed webapp: StandardEngine[Catalina].StandardHost[localhost].StandardContext[/scim2].File[D:\IDP\wso2is\bin\..\repository\deployment\server\webapps\scim2]
TID: [] [] [2023-07-28 10:00:18,753] []  INFO {org.apache.cxf.endpoint.ServerImpl} - Setting the server's publish address to be /Users
TID: [] [] [2023-07-28 10:00:18,759] []  INFO {org.apache.cxf.endpoint.ServerImpl} - Setting the server's publish address to be /Groups
TID: [] [] [2023-07-28 10:00:18,762] []  INFO {org.apache.cxf.endpoint.ServerImpl} - Setting the server's publish address to be /Bulk
TID: [] [] [2023-07-28 10:00:18,769] []  INFO {org.wso2.carbon.webapp.mgt.TomcatGenericWebappsDeployer} - Deployed webapp: StandardEngine[Catalina].StandardHost[localhost].StandardContext[/wso2].File[D:\IDP\wso2is\bin\..\repository\deployment\server\webapps\wso2]
TID: [] [] [2023-07-28 10:00:19,964] []  INFO {org.wso2.carbon.webapp.mgt.TomcatGenericWebappsDeployer} - Deployed webapp: StandardEngine[Catalina].StandardHost[localhost].StandardContext[/x509certificateauthenticationendpoint].File[D:\IDP\wso2is\bin\..\repository\deployment\server\webapps\x509certificateauthenticationendpoint]
TID: [] [] [2023-07-28 10:00:19,967] []  INFO {org.wso2.carbon.humantask.core.HumanTaskSchedulerInitializer} - Starting HumanTasks Scheduler
TID: [] [] [2023-07-28 10:00:19,976] []  INFO {openjpa.Runtime} - Starting OpenJPA 2.2.0-wso2v1
TID: [] [] [2023-07-28 10:00:20,040] []  INFO {openjpa.jdbc.JDBC} - Using dictionary class "org.apache.openjpa.jdbc.sql.H2Dictionary".
TID: [] [] [2023-07-28 10:00:20,432] []  INFO {org.wso2.carbon.core.transports.http.HttpTransportListener} - HTTP port        : 9763
TID: [] [] [2023-07-28 10:00:20,432] []  INFO {org.wso2.carbon.core.transports.http.HttpsTransportListener} - HTTPS port       : 443
TID: [] [] [2023-07-28 10:00:20,622] []  INFO {org.wso2.carbon.bpel.core.ode.integration.BPELSchedulerInitializer} - Starting BPS Scheduler
TID: [] [] [2023-07-28 10:00:20,626] []  INFO {openjpa.Runtime} - Starting OpenJPA 2.2.0-wso2v1
TID: [] [] [2023-07-28 10:00:20,627] []  INFO {openjpa.jdbc.JDBC} - Using dictionary class "org.apache.openjpa.jdbc.sql.H2Dictionary" (H2 2.1.210 (2022-01-17) ,H2 JDBC Driver 2.1.210 (2022-01-17)).
TID: [] [] [2023-07-28 10:00:20,699] []  INFO {org.wso2.identity.apps.common.internal.AppsCommonServiceStartupObserver} - My Account URL : https://localhost/myaccount
TID: [] [] [2023-07-28 10:00:20,699] []  INFO {org.wso2.identity.apps.common.internal.AppsCommonServiceStartupObserver} - Console URL : https://localhost/console
TID: [] [] [2023-07-28 10:00:20,700] []  INFO {org.wso2.identity.apps.common.internal.AppsCommonServiceStartupObserver} - Identity apps common service component activated successfully.
TID: [] [] [2023-07-28 10:00:20,701] []  INFO {org.wso2.carbon.core.internal.StartupFinalizerServiceComponent} - Server           :  WSO2 Identity Server-6.2.0-alpha4-SNAPSHOT
TID: [] [] [2023-07-28 10:00:20,702] []  INFO {org.wso2.carbon.core.internal.StartupFinalizerServiceComponent} - WSO2 Carbon started in 160 sec
TID: [] [] [2023-07-28 10:00:21,871] []  INFO {org.wso2.callhome.CallHomeExecutor} - 
...........................................................................
wso2is-6.2.0-alpha4-SNAPSHOT.0 is the latest update level available for the
product wso2is-6.2.0-alpha4-SNAPSHOT
...........................................................................
TID: [] [] [2023-07-28 10:00:24,821] []  INFO {org.wso2.carbon.ui.internal.CarbonUIServiceComponent} - Mgt Console URL  : https://localhost:443/carbon/
TID: [2025-03-25 03:42:13,751]  INFO {org.wso2.config.mapper.ConfigParser} - Initializing configurations with deployment configurations {org.wso2.config.mapper.ConfigParser}
TID: [] [] [2025-03-25 03:42:23,399] []  INFO {org.ops4j.pax.logging.spi.support.EventAdminConfigurationNotifier} - Sending Event Admin notification (configuration successful) to org/ops4j/pax/logging/Configuration
TID: [] [] [2025-03-25 03:42:23,554] []  INFO {org.wso2.carbon.core.internal.CarbonCoreActivator} - Starting WSO2 Carbon...
TID: [] [] [2025-03-25 03:42:23,555] []  INFO {org.wso2.carbon.core.internal.CarbonCoreActivator} - Operating System : Linux 6.8.0-54-generic, amd64
TID: [] [] [2025-03-25 03:42:23,556] []  INFO {org.wso2.carbon.core.internal.CarbonCoreActivator} - Java Home        : /opt/jdk-11.0.17
TID: [] [] [2025-03-25 03:42:23,556] []  INFO {org.wso2.carbon.core.internal.CarbonCoreActivator} - Java Version     : 11.0.17
TID: [] [] [2025-03-25 03:42:23,556] []  INFO {org.wso2.carbon.core.internal.CarbonCoreActivator} - Java VM          : Java HotSpot(TM) 64-Bit Server VM 11.0.17+10-LTS-269,Oracle Corporation
TID: [] [] [2025-03-25 03:42:23,556] []  INFO {org.wso2.carbon.core.internal.CarbonCoreActivator} - Carbon Home      : /opt/wso2is-tnmt
TID: [] [] [2025-03-25 03:42:23,556] []  INFO {org.wso2.carbon.core.internal.CarbonCoreActivator} - Java Temp Dir    : /opt/wso2is-tnmt/tmp
TID: [] [] [2025-03-25 03:42:23,556] []  INFO {org.wso2.carbon.core.internal.CarbonCoreActivator} - User             : root, en-US, Etc/UTC
TID: [] [] [2025-03-25 03:42:23,804] []  INFO {org.wso2.carbon.event.output.adapter.kafka.internal.ds.KafkaEventAdapterServiceDS} - Successfully deployed the Kafka output event adaptor service
TID: [] [] [2025-03-25 03:42:23,995] []  INFO {org.wso2.carbon.extension.identity.verification.provider.internal.IdVProviderMgtServiceComponent} - IdVProviderMgtService bundle activated successfully.
TID: [] [] [2025-03-25 03:42:24,284] []  INFO {org.wso2.carbon.identity.hash.provider.pbkdf2.internal.PBKDF2HashServiceComponent} - PBKDF2 bundle activated successfully.
TID: [] [] [2025-03-25 03:42:25,470] []  INFO {org.wso2.carbon.mex.internal.Office365SupportMexComponent} - Office365Support MexServiceComponent bundle activated successfully..
TID: [] [] [2025-03-25 03:42:25,498] []  INFO {org.wso2.carbon.mex2.internal.DynamicCRMCustomMexComponent} - DynamicCRMSupport MexServiceComponent bundle activated successfully.
TID: [] [] [2025-03-25 03:42:26,119] []  WARN {org.apache.tomcat.jdbc.pool.ConnectionPool} - maxIdle is smaller than minIdle, setting maxIdle to: 30
TID: [] [] [2025-03-25 03:42:26,993] []  WARN {org.apache.tomcat.jdbc.pool.ConnectionPool} - maxIdle is smaller than minIdle, setting maxIdle to: 30
TID: [] [] [2025-03-25 03:42:27,197] []  INFO {org.wso2.carbon.consent.mgt.core.internal.ConsentManagerComponent} - ConsentManagerComponent is activated.
TID: [] [] [2025-03-25 03:42:27,242] []  INFO {org.wso2.carbon.extension.identity.verification.mgt.internal.IdentityVerificationServiceComponent} - IdentityVerificationService bundle activated successfully.
TID: [] [] [2025-03-25 03:42:27,419] []  INFO {org.wso2.carbon.identity.sample.local.authenticator.internal.DefaultOtpComponent} - org.wso2.carbon.identity.sample.local.authenticator.global.defaultotp.DefaultOtpAuthenticator@5424a3a4
TID: [] [] [2025-03-25 03:42:27,421] []  INFO {org.wso2.carbon.identity.sample.local.authenticator.internal.GlobalEmailOtpComponent} - org.wso2.carbon.identity.sample.local.authenticator.global.email.GlobalEmailOtpAuthenticator@560d0aa3
TID: [] [] [2025-03-25 03:42:27,423] []  INFO {org.wso2.carbon.identity.sample.local.authenticator.internal.GlobalPkiComponent} - org.wso2.carbon.identity.sample.local.authenticator.global.pki.GlobalPkiAuthenticator@37942e47
TID: [] [] [2025-03-25 03:42:27,424] []  INFO {org.wso2.carbon.identity.sample.local.authenticator.internal.GlobalSmsOtpComponent} - org.wso2.carbon.identity.sample.local.authenticator.global.sms.GlobalSmsOtpAuthenticator@c4c227d
TID: [] [] [2025-03-25 03:42:27,426] []  INFO {org.wso2.carbon.identity.sample.local.authenticator.internal.GlobalUsbComponent} - org.wso2.carbon.identity.sample.local.authenticator.global.usb.GlobalUsbAuthenticator@74c9ac72
TID: [] [] [2025-03-25 03:42:27,427] []  INFO {org.wso2.carbon.identity.sample.local.authenticator.internal.LdapAuthenticatorComponent} - org.wso2.carbon.identity.sample.local.authenticator.global.ldap.LdapAuthenticator@bd4443
TID: [] [] [2025-03-25 03:42:27,429] []  INFO {org.wso2.carbon.identity.sample.local.authenticator.internal.QrCodeComponent} - org.wso2.carbon.identity.sample.local.authenticator.global.qrcode.QrCodeAuthenticator@77b823be
TID: [] [] [2025-03-25 03:42:27,431] []  INFO {org.wso2.carbon.identity.sample.local.authenticator.internal.SmeBasicComponent} - org.wso2.carbon.identity.sample.local.authenticator.sme.SmeBasicAuthenticator@66f398d5
TID: [] [] [2025-03-25 03:42:27,432] []  INFO {org.wso2.carbon.identity.sample.local.authenticator.internal.VNCONNECTMappingComponent} - org.wso2.carbon.identity.sample.local.authenticator.global.mapping.VNCONNECT@3ad9da43
TID: [] [] [2025-03-25 03:42:27,433] []  INFO {org.wso2.carbon.identity.sample.local.authenticator.internal.VNeIDMappingComponent} - org.wso2.carbon.identity.sample.local.authenticator.global.mapping.VNeID@71795827
TID: [] [] [2025-03-25 03:42:27,444] []  INFO {org.apache.jasper.servlet.TldScanner} - At least one JAR was scanned for TLDs yet contained no TLDs. Enable debug logging for this logger for a complete list of JARs that were scanned but no TLDs were found in them. Skipping unneeded JARs during scanning can improve startup time and JSP compilation time.
TID: [] [] [2025-03-25 03:42:27,934] []  INFO {org.wso2.carbon.registry.core.jdbc.EmbeddedRegistryService} - Configured Registry in 89ms
TID: [] [] [2025-03-25 03:42:28,115] []  INFO {org.wso2.carbon.registry.core.jdbc.EmbeddedRegistryService} - Connected to mount at configregistry in 4ms
TID: [] [] [2025-03-25 03:42:28,116] []  INFO {org.wso2.carbon.registry.core.jdbc.EmbeddedRegistryService} - Connected to mount at govregistry in 5ms
TID: [] [] [2025-03-25 03:42:28,195] []  INFO {org.wso2.carbon.registry.core.jdbc.EmbeddedRegistryService} - Connected to mount at configregistry in 1ms
TID: [] [] [2025-03-25 03:42:28,196] []  INFO {org.wso2.carbon.registry.core.jdbc.EmbeddedRegistryService} - Connected to mount at govregistry in 2ms
TID: [] [] [2025-03-25 03:42:28,204] []  INFO {org.wso2.carbon.registry.core.internal.RegistryCoreServiceComponent} - Registry Mode    : READ-WRITE
TID: [] [] [2025-03-25 03:42:29,893] []  INFO {org.wso2.carbon.registry.indexing.solr.SolrClient} - Default Embedded Solr Server Initialized
TID: [] [] [2025-03-25 03:42:30,308] []  INFO {org.wso2.carbon.user.core.internal.UserStoreMgtDSComponent} - Carbon UserStoreMgtDSComponent activated successfully.
TID: [] [] [2025-03-25 03:42:30,453] []  INFO {org.wso2.carbon.attachment.mgt.server.internal.AttachmentServiceComponent} - Initialising Attachment Server
TID: [] [] [2025-03-25 03:42:30,621] []  INFO {org.wso2.carbon.attachment.mgt.core.dao.impl.jpa.AbstractJPAVendorAdapter} - [Attachment-Mgt OpenJPA] DB Dictionary: h2
TID: [] [] [2025-03-25 03:42:30,621] []  INFO {org.wso2.carbon.attachment.mgt.core.dao.impl.jpa.AbstractJPAVendorAdapter} - [Attachment-Mgt OpenJPA] Generate DDL Enabled.
TID: [] [] [2025-03-25 03:42:30,713] []  INFO {org.wso2.carbon.attachment.mgt.server.internal.AttachmentServiceComponent} - Registering AttachmentServerService
TID: [] [] [2025-03-25 03:42:30,747] []  INFO {org.wso2.carbon.bpel.core.internal.BPELServiceComponent} - Initializing BPEL Engine........
TID: [] [] [2025-03-25 03:42:30,803] []  INFO {org.apache.ode.il.EmbeddedGeronimoFactory} - Using embedded Geronimo transaction manager
TID: [] [] [2025-03-25 03:42:30,829] []  INFO {org.apache.ode.il.dbutil.Database} - ODE using external DataSource "bpsds".
TID: [] [] [2025-03-25 03:42:30,829] []  INFO {org.wso2.carbon.bpel.core.ode.integration.BPELServerImpl} - Using DAO Connection Factory class: org.apache.ode.dao.jpa.BPELDAOConnectionFactoryImpl
TID: [] [] [2025-03-25 03:42:30,830] []  INFO {org.apache.ode.il.dbutil.Database} - Using DAO Connection Factory class org.apache.ode.dao.jpa.BPELDAOConnectionFactoryImpl.
TID: [] [] [2025-03-25 03:42:30,905] []  INFO {org.apache.ode.store.jpa.DbConfStoreConnectionFactory} - ProcessStore initializing transaction manager using org.apache.ode.il.EmbeddedGeronimoFactory
TID: [] [] [2025-03-25 03:42:30,905] []  INFO {org.apache.ode.il.EmbeddedGeronimoFactory} - Using embedded Geronimo transaction manager
TID: [] [] [2025-03-25 03:42:30,926] []  INFO {org.apache.ode.scheduler.simple.JdbcDelegate} - Using database H2 major version 2
TID: [] [] [2025-03-25 03:42:30,927] []  INFO {org.apache.ode.scheduler.simple.JdbcDelegate} - Using database dialect: H2
TID: [] [] [2025-03-25 03:42:30,940] []  INFO {org.wso2.carbon.bpel.core.ode.integration.BPELServerImpl} - This node is a manager node
TID: [] [] [2025-03-25 03:42:30,948] []  INFO {org.wso2.carbon.bpel.core.ode.integration.BPELServerImpl} - Registering E4X Extension...
TID: [] [] [2025-03-25 03:42:30,957] []  INFO {org.wso2.carbon.bpel.core.ode.integration.BPELServerImpl} - Registering B4P Extension...
TID: [] [] [2025-03-25 03:42:30,965] []  INFO {org.wso2.carbon.bpel.core.ode.integration.BPELServerImpl} - Registering B4P Filter...
TID: [] [] [2025-03-25 03:42:30,969] []  INFO {org.apache.ode.bpel.engine.BpelServerImpl} - BPEL Server Started.
TID: [] [] [2025-03-25 03:42:30,970] []  INFO {org.wso2.carbon.bpel.core.ode.integration.BPELServerImpl} - Registering MBeans
TID: [] [] [2025-03-25 03:42:31,038] []  INFO {org.wso2.carbon.humantask.core.internal.HumanTaskServiceComponent} - Initialising HumanTask Server
TID: [] [] [2025-03-25 03:42:31,102] []  INFO {org.apache.ode.il.EmbeddedGeronimoFactory} - Using embedded Geronimo transaction manager
TID: [] [] [2025-03-25 03:42:31,112] []  INFO {org.wso2.carbon.humantask.core.dao.jpa.AbstractJPAVendorAdapter} - [HT OpenJPA] DB Dictionary: h2
TID: [] [] [2025-03-25 03:42:31,113] []  INFO {org.wso2.carbon.humantask.core.dao.jpa.AbstractJPAVendorAdapter} - [HT OpenJPA] Generate DDL Enabled.
TID: [] [] [2025-03-25 03:42:31,137] []  INFO {org.wso2.carbon.humantask.core.internal.HumanTaskServiceComponent} - Registering Axis2ConfigurationContextObserver
TID: [] [] [2025-03-25 03:42:31,149] []  INFO {org.wso2.carbon.humantask.core.internal.HumanTaskServiceComponent} - Registering HT related MBeans
TID: [] [] [2025-03-25 03:42:31,153] []  INFO {org.wso2.carbon.humantask.core.internal.HumanTaskServiceComponent} - MXBean for Human tasks registered successfully
TID: [] [] [2025-03-25 03:42:31,703] []  INFO {org.wso2.carbon.identity.user.store.configuration.deployer.UserStoreConfigurationDeployer} - User Store Configuration Deployer initiated.
TID: [] [] [2025-03-25 03:42:31,704] []  INFO {org.wso2.carbon.identity.user.store.configuration.deployer.UserStoreConfigurationDeployer} - User Store Configuration Deployer initiated.
TID: [] [] [2025-03-25 03:42:31,708] []  INFO {org.wso2.carbon.bpel.deployer.BPELDeployer} - Initializing BPEL Deployer for tenant -1234.
TID: [] [] [2025-03-25 03:42:31,715] []  INFO {org.wso2.carbon.humantask.deployer.HumanTaskDeployer} - Initializing HumanTask Deployer for tenant -1234.
TID: [] [] [2025-03-25 03:42:31,723] []  INFO {org.apache.axis2.transport.mail.MailTransportSender} - MAILTO Sender started
TID: [] [] [2025-03-25 03:42:31,961] []  INFO {org.wso2.carbon.core.deployment.DeploymentInterceptor} - Deploying Axis2 service: AdminAdvisoryManagementService {super-tenant}
TID: [] [] [2025-03-25 03:42:32,441] []  INFO {org.wso2.carbon.core.deployment.DeploymentInterceptor} - Deploying Axis2 service: I18nEmailMgtConfigService {super-tenant}
TID: [] [] [2025-03-25 03:42:33,174] []  INFO {org.wso2.carbon.core.deployment.DeploymentInterceptor} - Deploying Axis2 service: AccountCredentialMgtConfigService {super-tenant}
TID: [] [] [2025-03-25 03:42:33,177] []  INFO {org.wso2.carbon.core.deployment.DeploymentInterceptor} - Deploying Axis2 service: UserIdentityManagementAdminService {super-tenant}
TID: [] [] [2025-03-25 03:42:33,179] []  INFO {org.wso2.carbon.core.deployment.DeploymentInterceptor} - Deploying Axis2 service: UserInformationRecoveryService {super-tenant}
TID: [] [] [2025-03-25 03:42:33,268] []  INFO {org.wso2.carbon.core.deployment.DeploymentInterceptor} - Deploying Axis2 service: SAMLQueryService {super-tenant}
TID: [] [] [2025-03-25 03:42:33,648] []  INFO {org.wso2.carbon.core.deployment.DeploymentInterceptor} - Deploying Axis2 service: mex-ut {super-tenant}
TID: [] [] [2025-03-25 03:42:33,653] []  INFO {org.wso2.carbon.core.deployment.DeploymentInterceptor} - Deploying Axis2 service: mex-ut2 {super-tenant}
TID: [] [] [2025-03-25 03:42:34,311] []  INFO {org.wso2.carbon.core.init.CarbonServerManager} - Repository       : /opt/wso2is-tnmt/repository/deployment/server/
TID: [] [] [2025-03-25 03:42:34,352] []  INFO {org.wso2.carbon.core.multitenancy.eager.TenantLoadingConfig} - Using tenant lazy loading policy...
TID: [] [] [2025-03-25 03:42:34,368] []  INFO {org.wso2.carbon.core.internal.permission.update.PermissionUpdater} - Permission cache updated for tenant -1234
TID: [] [] [2025-03-25 03:42:34,515] []  INFO {org.wso2.carbon.identity.sso.cas.internal.CASAuthenticatorServiceComponent} - Identity CAS SSO bundle is activated
TID: [] [] [2025-03-25 03:42:35,004] []  INFO {org.wso2.balana.ConfigurationStore} - Loading runtime configuration
TID: [] [] [2025-03-25 03:42:35,005] []  INFO {org.wso2.carbon.identity.entitlement.internal.SchemaBuilder} - XACML policy schema loaded successfully.
TID: [] [] [2025-03-25 03:42:35,394] []  INFO {org.wso2.carbon.user.core.internal.UserStoreMgtDSComponent} - Claim manager set for class org.wso2.carbon.user.core.common.DefaultRealm
TID: [] [] [2025-03-25 03:42:35,398] []  INFO {org.wso2.carbon.user.core.internal.UserStoreMgtDSComponent} - Claim manager set for class org.wso2.carbon.user.core.jdbc.UniqueIDJDBCUserStoreManager
TID: [] [] [2025-03-25 03:42:36,037] []  WARN {org.wso2.carbon.identity.auth.service.internal.AuthenticationServiceComponent} - 

##################################  ALERT  ##################################
[WARNING]: Internal authentication is utilizing default credentials,
which may expose the environment to potential security risks.
If this is a production environment, change the credentials immediately.
#############################################################################

TID: [] [] [2025-03-25 03:42:36,050] []  INFO {org.wso2.carbon.identity.organization.management.tenant.association.internal.TenantAssociationServiceComponent} - Organization management related TenantAssociationManagementListener registered successfully.
TID: [] [] [2025-03-25 03:42:36,552] []  INFO {org.wso2.carbon.identity.authenticator.x509Certificate.internal.X509CertificateServiceComponent} - X509 Certificate Servlet activated successfully..
TID: [] [] [2025-03-25 03:42:36,651] []  WARN {org.wso2.carbon.identity.event.internal.IdentityEventServiceComponent} - Properties for GovernanceConfigUpdateHandler is not configured. This event handler will not be activated
TID: [] [] [2025-03-25 03:42:36,840] []  INFO {org.wso2.carbon.identity.local.auth.api.core.internal.AuthAPIServiceComponent} - Auth API Service Component  is activated.
TID: [] [] [2025-03-25 03:42:37,570] []  INFO {org.wso2.carbon.identity.oauth.config.OAuthServerConfiguration} - The default OAuth token issuer will be used. No custom token generator is set.
TID: [] [] [2025-03-25 03:42:37,570] []  INFO {org.wso2.carbon.identity.oauth.config.OAuthServerConfiguration} - An instance of org.wso2.carbon.identity.oauth2.token.OauthTokenIssuerImpl is created for Identity OAuth token generation.
TID: [] [] [2025-03-25 03:42:37,585] []  INFO {org.opensaml.core.config.InitializationService} - Initializing OpenSAML using the Java Services API
TID: [] [] [2025-03-25 03:42:38,448] []  WARN {org.wso2.carbon.identity.event.internal.IdentityEventServiceComponent} - Properties for OrganizationCreationHandler is not configured. This event handler will not be activated
TID: [] [] [2025-03-25 03:42:41,234] []  INFO {org.wso2.carbon.event.publisher.core.EventPublisherDeployer} - Event Publisher deployment held back and in inactive state :EmailPublisher.xml, Stream validation exception : Stream id_gov_notify_stream:1.0.0 does not exist
TID: [] [] [2025-03-25 03:42:41,244] []  INFO {org.wso2.carbon.event.publisher.core.internal.util.helper.EventPublisherConfigurationFilesystemInvoker} - Event Publisher configuration deleted from the file system : IsAnalytics-Publisher-wso2event-AuthenticationData-1.1.0.xml
TID: [] [] [2025-03-25 03:42:41,245] []  INFO {org.wso2.carbon.event.publisher.core.EventPublisherDeployer} - Event Publisher undeployed successfully : IsAnalytics-Publisher-wso2event-AuthenticationData-1.1.0.xml
TID: [] [] [2025-03-25 03:42:41,261] []  INFO {org.wso2.carbon.event.publisher.core.internal.util.helper.EventPublisherConfigurationFilesystemInvoker} - Event Publisher configuration saved in the filesystem : IsAnalytics-Publisher-wso2event-AuthenticationData-1.1.0.xml
TID: [] [] [2025-03-25 03:42:41,267] []  INFO {org.wso2.carbon.event.publisher.core.EventPublisherDeployer} - Event Publisher deployment held back and in inactive state :IsAnalytics-Publisher-wso2event-AuthenticationData-1.1.0.xml, Stream validation exception : Stream org.wso2.is.analytics.stream.OverallAuthentication:1.1.0 does not exist
TID: [] [] [2025-03-25 03:42:41,268] []  INFO {org.wso2.carbon.event.publisher.core.EventPublisherDeployer} - Event Publisher deployment held back and in inactive state :IsAnalytics-Publisher-wso2event-AuthenticationData.xml, Stream validation exception : Stream org.wso2.is.analytics.stream.OverallAuthentication:1.0.0 does not exist
TID: [] [] [2025-03-25 03:42:41,269] []  INFO {org.wso2.carbon.event.publisher.core.internal.util.helper.EventPublisherConfigurationFilesystemInvoker} - Event Publisher configuration deleted from the file system : IsAnalytics-Publisher-wso2event-OauthTokenIssueRefresh.xml
TID: [] [] [2025-03-25 03:42:41,269] []  INFO {org.wso2.carbon.event.publisher.core.EventPublisherDeployer} - Event Publisher undeployed successfully : IsAnalytics-Publisher-wso2event-OauthTokenIssueRefresh.xml
TID: [] [] [2025-03-25 03:42:41,272] []  INFO {org.wso2.carbon.event.publisher.core.internal.util.helper.EventPublisherConfigurationFilesystemInvoker} - Event Publisher configuration saved in the filesystem : IsAnalytics-Publisher-wso2event-OauthTokenIssueRefresh.xml
TID: [] [] [2025-03-25 03:42:41,275] []  INFO {org.wso2.carbon.event.publisher.core.EventPublisherDeployer} - Event Publisher deployment held back and in inactive state :IsAnalytics-Publisher-wso2event-OauthTokenIssueRefresh.xml, Stream validation exception : Stream org.wso2.is.analytics.stream.OauthTokenIssuance:1.0.0 does not exist
TID: [] [] [2025-03-25 03:42:41,276] []  INFO {org.wso2.carbon.event.publisher.core.internal.util.helper.EventPublisherConfigurationFilesystemInvoker} - Event Publisher configuration deleted from the file system : IsAnalytics-Publisher-wso2event-OauthTokenRevocation.xml
TID: [] [] [2025-03-25 03:42:41,277] []  INFO {org.wso2.carbon.event.publisher.core.EventPublisherDeployer} - Event Publisher undeployed successfully : IsAnalytics-Publisher-wso2event-OauthTokenRevocation.xml
TID: [] [] [2025-03-25 03:42:41,279] []  INFO {org.wso2.carbon.event.publisher.core.internal.util.helper.EventPublisherConfigurationFilesystemInvoker} - Event Publisher configuration saved in the filesystem : IsAnalytics-Publisher-wso2event-OauthTokenRevocation.xml
TID: [] [] [2025-03-25 03:42:41,283] []  INFO {org.wso2.carbon.event.publisher.core.EventPublisherDeployer} - Event Publisher deployment held back and in inactive state :IsAnalytics-Publisher-wso2event-OauthTokenRevocation.xml, Stream validation exception : Stream org.wso2.is.analytics.stream.OauthTokenRevocation:1.0.0 does not exist
TID: [] [] [2025-03-25 03:42:41,284] []  INFO {org.wso2.carbon.event.publisher.core.internal.util.helper.EventPublisherConfigurationFilesystemInvoker} - Event Publisher configuration deleted from the file system : IsAnalytics-Publisher-wso2event-OauthTokenValidation.xml
TID: [] [] [2025-03-25 03:42:41,284] []  INFO {org.wso2.carbon.event.publisher.core.EventPublisherDeployer} - Event Publisher undeployed successfully : IsAnalytics-Publisher-wso2event-OauthTokenValidation.xml
TID: [] [] [2025-03-25 03:42:41,286] []  INFO {org.wso2.carbon.event.publisher.core.internal.util.helper.EventPublisherConfigurationFilesystemInvoker} - Event Publisher configuration saved in the filesystem : IsAnalytics-Publisher-wso2event-OauthTokenValidation.xml
TID: [] [] [2025-03-25 03:42:41,290] []  INFO {org.wso2.carbon.event.publisher.core.EventPublisherDeployer} - Event Publisher deployment held back and in inactive state :IsAnalytics-Publisher-wso2event-OauthTokenValidation.xml, Stream validation exception : Stream org.wso2.is.analytics.stream.OauthTokenValidation:1.0.0 does not exist
TID: [] [] [2025-03-25 03:42:41,290] []  INFO {org.wso2.carbon.event.publisher.core.internal.util.helper.EventPublisherConfigurationFilesystemInvoker} - Event Publisher configuration deleted from the file system : IsAnalytics-Publisher-wso2event-RoleData.xml
TID: [] [] [2025-03-25 03:42:41,291] []  INFO {org.wso2.carbon.event.publisher.core.EventPublisherDeployer} - Event Publisher undeployed successfully : IsAnalytics-Publisher-wso2event-RoleData.xml
TID: [] [] [2025-03-25 03:42:41,293] []  INFO {org.wso2.carbon.event.publisher.core.internal.util.helper.EventPublisherConfigurationFilesystemInvoker} - Event Publisher configuration saved in the filesystem : IsAnalytics-Publisher-wso2event-RoleData.xml
TID: [] [] [2025-03-25 03:42:41,297] []  INFO {org.wso2.carbon.event.publisher.core.EventPublisherDeployer} - Event Publisher deployment held back and in inactive state :IsAnalytics-Publisher-wso2event-RoleData.xml, Stream validation exception : Stream org.wso2.is.analytics.stream.OverallRoleData:1.0.0 does not exist
TID: [] [] [2025-03-25 03:42:41,297] []  INFO {org.wso2.carbon.event.publisher.core.EventPublisherDeployer} - Event Publisher deployment held back and in inactive state :IsAnalytics-Publisher-wso2event-SessionData.xml, Stream validation exception : Stream org.wso2.is.analytics.stream.OverallSession:1.0.1 does not exist
TID: [] [] [2025-03-25 03:42:41,298] []  INFO {org.wso2.carbon.event.publisher.core.internal.util.helper.EventPublisherConfigurationFilesystemInvoker} - Event Publisher configuration deleted from the file system : IsAnalytics-Publisher-wso2event-UserData.xml
TID: [] [] [2025-03-25 03:42:41,298] []  INFO {org.wso2.carbon.event.publisher.core.EventPublisherDeployer} - Event Publisher undeployed successfully : IsAnalytics-Publisher-wso2event-UserData.xml
TID: [] [] [2025-03-25 03:42:41,301] []  INFO {org.wso2.carbon.event.publisher.core.internal.util.helper.EventPublisherConfigurationFilesystemInvoker} - Event Publisher configuration saved in the filesystem : IsAnalytics-Publisher-wso2event-UserData.xml
TID: [] [] [2025-03-25 03:42:41,304] []  INFO {org.wso2.carbon.event.publisher.core.EventPublisherDeployer} - Event Publisher deployment held back and in inactive state :IsAnalytics-Publisher-wso2event-UserData.xml, Stream validation exception : Stream org.wso2.is.analytics.stream.OverallUserData:1.0.0 does not exist
TID: [] [] [2025-03-25 03:42:41,305] []  INFO {org.wso2.carbon.event.publisher.core.EventPublisherDeployer} - Event Publisher deployment held back and in inactive state :SMSPublisher.xml, Stream validation exception : Stream id_gov_sms_notify_stream:1.0.0 does not exist
TID: [] [] [2025-03-25 03:42:41,312] []  INFO {org.wso2.carbon.event.publisher.core.EventPublisherDeployer} - Event Publisher undeployed successfully : EmailPublisher.xml
TID: [] [] [2025-03-25 03:42:41,319] []  INFO {org.wso2.carbon.event.stream.core.internal.EventJunction} - WSO2EventConsumer added to the junction. Stream:id_gov_notify_stream:1.0.0
TID: [] [] [2025-03-25 03:42:41,322] []  INFO {org.wso2.carbon.event.publisher.core.EventPublisherDeployer} - Event Publisher configuration successfully deployed and in active state : EmailPublisher
TID: [] [] [2025-03-25 03:42:41,322] []  INFO {org.wso2.carbon.event.stream.core.EventStreamDeployer} - Stream definition is deployed successfully  : id_gov_notify_stream:1.0.0
TID: [] [] [2025-03-25 03:42:41,323] []  INFO {org.wso2.carbon.event.publisher.core.EventPublisherDeployer} - Event Publisher undeployed successfully : SMSPublisher.xml
TID: [] [] [2025-03-25 03:42:41,325] []  INFO {org.wso2.carbon.event.stream.core.internal.EventJunction} - WSO2EventConsumer added to the junction. Stream:id_gov_sms_notify_stream:1.0.0
TID: [] [] [2025-03-25 03:42:41,326] []  INFO {org.wso2.carbon.event.publisher.core.EventPublisherDeployer} - Event Publisher configuration successfully deployed and in active state : SMSPublisher
TID: [] [] [2025-03-25 03:42:41,327] []  INFO {org.wso2.carbon.event.stream.core.EventStreamDeployer} - Stream definition is deployed successfully  : id_gov_sms_notify_stream:1.0.0
TID: [] [] [2025-03-25 03:42:41,329] []  INFO {org.wso2.carbon.event.publisher.core.EventPublisherDeployer} - Event Publisher undeployed successfully : IsAnalytics-Publisher-wso2event-OauthTokenIssueRefresh.xml
TID: [] [] [2025-03-25 03:42:41,331] []  INFO {org.wso2.carbon.event.stream.core.internal.EventJunction} - WSO2EventConsumer added to the junction. Stream:org.wso2.is.analytics.stream.OauthTokenIssuance:1.0.0
TID: [] [] [2025-03-25 03:42:41,333] []  INFO {org.wso2.carbon.event.publisher.core.EventPublisherDeployer} - Event Publisher configuration successfully deployed and in active state : IsAnalytics-Publisher-wso2event-OauthTokenIssueRefresh
TID: [] [] [2025-03-25 03:42:41,333] []  INFO {org.wso2.carbon.event.stream.core.EventStreamDeployer} - Stream definition is deployed successfully  : org.wso2.is.analytics.stream.OauthTokenIssuance:1.0.0
TID: [] [] [2025-03-25 03:42:41,334] []  INFO {org.wso2.carbon.event.publisher.core.EventPublisherDeployer} - Event Publisher undeployed successfully : IsAnalytics-Publisher-wso2event-OauthTokenRevocation.xml
TID: [] [] [2025-03-25 03:42:41,336] []  INFO {org.wso2.carbon.event.stream.core.internal.EventJunction} - WSO2EventConsumer added to the junction. Stream:org.wso2.is.analytics.stream.OauthTokenRevocation:1.0.0
TID: [] [] [2025-03-25 03:42:41,336] []  INFO {org.wso2.carbon.event.publisher.core.EventPublisherDeployer} - Event Publisher configuration successfully deployed and in active state : IsAnalytics-Publisher-wso2event-OauthTokenRevocation
TID: [] [] [2025-03-25 03:42:41,336] []  INFO {org.wso2.carbon.event.stream.core.EventStreamDeployer} - Stream definition is deployed successfully  : org.wso2.is.analytics.stream.OauthTokenRevocation:1.0.0
TID: [] [] [2025-03-25 03:42:41,337] []  INFO {org.wso2.carbon.event.publisher.core.EventPublisherDeployer} - Event Publisher undeployed successfully : IsAnalytics-Publisher-wso2event-OauthTokenValidation.xml
TID: [] [] [2025-03-25 03:42:41,339] []  INFO {org.wso2.carbon.event.stream.core.internal.EventJunction} - WSO2EventConsumer added to the junction. Stream:org.wso2.is.analytics.stream.OauthTokenValidation:1.0.0
TID: [] [] [2025-03-25 03:42:41,339] []  INFO {org.wso2.carbon.event.publisher.core.EventPublisherDeployer} - Event Publisher configuration successfully deployed and in active state : IsAnalytics-Publisher-wso2event-OauthTokenValidation
TID: [] [] [2025-03-25 03:42:41,339] []  INFO {org.wso2.carbon.event.stream.core.EventStreamDeployer} - Stream definition is deployed successfully  : org.wso2.is.analytics.stream.OauthTokenValidation:1.0.0
TID: [] [] [2025-03-25 03:42:41,341] []  INFO {org.wso2.carbon.event.publisher.core.EventPublisherDeployer} - Event Publisher undeployed successfully : IsAnalytics-Publisher-wso2event-AuthenticationData.xml
TID: [] [] [2025-03-25 03:42:41,342] []  INFO {org.wso2.carbon.event.stream.core.internal.EventJunction} - WSO2EventConsumer added to the junction. Stream:org.wso2.is.analytics.stream.OverallAuthentication:1.0.0
TID: [] [] [2025-03-25 03:42:41,343] []  INFO {org.wso2.carbon.event.publisher.core.EventPublisherDeployer} - Event Publisher configuration successfully deployed and in active state : IsAnalytics-Publisher-wso2event-AuthenticationData
TID: [] [] [2025-03-25 03:42:41,344] []  INFO {org.wso2.carbon.event.stream.core.EventStreamDeployer} - Stream definition is deployed successfully  : org.wso2.is.analytics.stream.OverallAuthentication:1.0.0
TID: [] [] [2025-03-25 03:42:41,345] []  INFO {org.wso2.carbon.event.publisher.core.EventPublisherDeployer} - Event Publisher undeployed successfully : IsAnalytics-Publisher-wso2event-AuthenticationData-1.1.0.xml
TID: [] [] [2025-03-25 03:42:41,347] []  INFO {org.wso2.carbon.event.stream.core.internal.EventJunction} - WSO2EventConsumer added to the junction. Stream:org.wso2.is.analytics.stream.OverallAuthentication:1.1.0
TID: [] [] [2025-03-25 03:42:41,347] []  INFO {org.wso2.carbon.event.publisher.core.EventPublisherDeployer} - Event Publisher configuration successfully deployed and in active state : IsAnalytics-Publisher-wso2event-AuthenticationData-1.1.0
TID: [] [] [2025-03-25 03:42:41,347] []  INFO {org.wso2.carbon.event.stream.core.EventStreamDeployer} - Stream definition is deployed successfully  : org.wso2.is.analytics.stream.OverallAuthentication:1.1.0
TID: [] [] [2025-03-25 03:42:41,348] []  INFO {org.wso2.carbon.event.publisher.core.EventPublisherDeployer} - Event Publisher undeployed successfully : IsAnalytics-Publisher-wso2event-RoleData.xml
TID: [] [] [2025-03-25 03:42:41,349] []  INFO {org.wso2.carbon.event.stream.core.internal.EventJunction} - WSO2EventConsumer added to the junction. Stream:org.wso2.is.analytics.stream.OverallRoleData:1.0.0
TID: [] [] [2025-03-25 03:42:41,350] []  INFO {org.wso2.carbon.event.publisher.core.EventPublisherDeployer} - Event Publisher configuration successfully deployed and in active state : IsAnalytics-Publisher-wso2event-RoleData
TID: [] [] [2025-03-25 03:42:41,350] []  INFO {org.wso2.carbon.event.stream.core.EventStreamDeployer} - Stream definition is deployed successfully  : org.wso2.is.analytics.stream.OverallRoleData:1.0.0
TID: [] [] [2025-03-25 03:42:41,351] []  INFO {org.wso2.carbon.event.stream.core.EventStreamDeployer} - Stream definition is deployed successfully  : org.wso2.is.analytics.stream.OverallSession:1.0.0
TID: [] [] [2025-03-25 03:42:41,352] []  INFO {org.wso2.carbon.event.publisher.core.EventPublisherDeployer} - Event Publisher undeployed successfully : IsAnalytics-Publisher-wso2event-SessionData.xml
TID: [] [] [2025-03-25 03:42:41,353] []  INFO {org.wso2.carbon.event.stream.core.internal.EventJunction} - WSO2EventConsumer added to the junction. Stream:org.wso2.is.analytics.stream.OverallSession:1.0.1
TID: [] [] [2025-03-25 03:42:41,353] []  INFO {org.wso2.carbon.event.publisher.core.EventPublisherDeployer} - Event Publisher configuration successfully deployed and in active state : IsAnalytics-Publisher-wso2event-SessionData
TID: [] [] [2025-03-25 03:42:41,353] []  INFO {org.wso2.carbon.event.stream.core.EventStreamDeployer} - Stream definition is deployed successfully  : org.wso2.is.analytics.stream.OverallSession:1.0.1
TID: [] [] [2025-03-25 03:42:41,354] []  INFO {org.wso2.carbon.event.publisher.core.EventPublisherDeployer} - Event Publisher undeployed successfully : IsAnalytics-Publisher-wso2event-UserData.xml
TID: [] [] [2025-03-25 03:42:41,355] []  INFO {org.wso2.carbon.event.stream.core.internal.EventJunction} - WSO2EventConsumer added to the junction. Stream:org.wso2.is.analytics.stream.OverallUserData:1.0.0
TID: [] [] [2025-03-25 03:42:41,356] []  INFO {org.wso2.carbon.event.publisher.core.EventPublisherDeployer} - Event Publisher configuration successfully deployed and in active state : IsAnalytics-Publisher-wso2event-UserData
TID: [] [] [2025-03-25 03:42:41,356] []  INFO {org.wso2.carbon.event.stream.core.EventStreamDeployer} - Stream definition is deployed successfully  : org.wso2.is.analytics.stream.OverallUserData:1.0.0
TID: [] [] [2025-03-25 03:42:41,604] []  INFO {org.apache.jasper.servlet.TldScanner} - At least one JAR was scanned for TLDs yet contained no TLDs. Enable debug logging for this logger for a complete list of JARs that were scanned but no TLDs were found in them. Skipping unneeded JARs during scanning can improve startup time and JSP compilation time.
TID: [] [] [2025-03-25 03:42:44,223] []  INFO {org.wso2.carbon.webapp.mgt.TomcatGenericWebappsDeployer} - Deployed webapp: StandardEngine[Catalina].StandardHost[localhost].StandardContext[/accountrecoveryendpoint].File[/opt/wso2is-tnmt/repository/deployment/server/webapps/accountrecoveryendpoint]
TID: [] [] [2025-03-25 03:42:47,110] []  INFO {org.hibernate.validator.internal.util.Version} - HV000001: Hibernate Validator 6.2.0.Final
TID: [] [] [2025-03-25 03:42:48,372] []  INFO {org.apache.cxf.endpoint.ServerImpl} - Setting the server's publish address to be /server/v1
TID: [] [] [2025-03-25 03:42:48,686] []  INFO {org.apache.cxf.endpoint.ServerImpl} - Setting the server's publish address to be /users/v1
TID: [] [] [2025-03-25 03:42:48,715] []  INFO {org.apache.cxf.endpoint.ServerImpl} - Setting the server's publish address to be /users/v2
TID: [] [] [2025-03-25 03:42:48,776] []  INFO {org.apache.cxf.endpoint.ServerImpl} - Setting the server's publish address to be /identity/config-mgt/v1.0
TID: [] [] [2025-03-25 03:42:48,837] []  INFO {org.apache.cxf.endpoint.ServerImpl} - Setting the server's publish address to be /identity/entitlement/decision
TID: [] [] [2025-03-25 03:42:48,886] []  INFO {org.apache.cxf.endpoint.ServerImpl} - Setting the server's publish address to be /identity/recovery/v0.9
TID: [] [] [2025-03-25 03:42:48,927] []  INFO {org.apache.cxf.endpoint.ServerImpl} - Setting the server's publish address to be /identity/user/v1.0
TID: [] [] [2025-03-25 03:42:48,942] []  INFO {org.apache.cxf.endpoint.ServerImpl} - Setting the server's publish address to be /users/v2/me/webauthn
TID: [] [] [2025-03-25 03:42:48,970] []  INFO {org.apache.cxf.endpoint.ServerImpl} - Setting the server's publish address to be /identity/oauth2/dcr/v1.1
TID: [] [] [2025-03-25 03:42:48,990] []  INFO {org.apache.cxf.endpoint.ServerImpl} - Setting the server's publish address to be /identity/oauth2/v1.0
TID: [] [] [2025-03-25 03:42:49,034] []  INFO {org.apache.cxf.endpoint.ServerImpl} - Setting the server's publish address to be /identity/consent-mgt/v1.0
TID: [] [] [2025-03-25 03:42:49,054] []  INFO {org.apache.cxf.endpoint.ServerImpl} - Setting the server's publish address to be /identity/auth/v1.1
TID: [] [] [2025-03-25 03:42:49,098] []  INFO {org.wso2.carbon.webapp.mgt.TomcatGenericWebappsDeployer} - Deployed webapp: StandardEngine[Catalina].StandardHost[localhost].StandardContext[/api].File[/opt/wso2is-tnmt/repository/deployment/server/webapps/api]
TID: [] [] [2025-03-25 03:42:49,294] []  INFO {org.apache.cxf.endpoint.ServerImpl} - Setting the server's publish address to be /
TID: [] [] [2025-03-25 03:42:49,301] []  INFO {org.wso2.carbon.webapp.mgt.TomcatGenericWebappsDeployer} - Deployed webapp: StandardEngine[Catalina].StandardHost[localhost].StandardContext[/api/health-check/v1.0].File[/opt/wso2is-tnmt/repository/deployment/server/webapps/api#health-check#v1.0]
TID: [] [] [2025-03-25 03:42:49,470] []  INFO {org.apache.jasper.servlet.TldScanner} - At least one JAR was scanned for TLDs yet contained no TLDs. Enable debug logging for this logger for a complete list of JARs that were scanned but no TLDs were found in them. Skipping unneeded JARs during scanning can improve startup time and JSP compilation time.
TID: [] [] [2025-03-25 03:42:49,479] []  INFO {org.wso2.carbon.identity.application.authentication.endpoint.util.TenantDataManager} - EndpointConfig.properties file loaded from ./repository/conf/identity/EndpointConfig.properties
TID: [] [] [2025-03-25 03:42:49,481] []  INFO {org.wso2.carbon.identity.application.authentication.endpoint.util.MutualSSLManager} - EndpointConfig.properties file loaded from ./repository/conf/identity/EndpointConfig.properties
TID: [] [] [2025-03-25 03:42:49,496] []  INFO {org.wso2.carbon.identity.application.authentication.endpoint.util.EndpointConfigManager} - EndpointConfig.properties file loaded from ./repository/conf/identity/EndpointConfig.properties
TID: [] [] [2025-03-25 03:42:54,266] []  INFO {org.wso2.carbon.webapp.mgt.TomcatGenericWebappsDeployer} - Deployed webapp: StandardEngine[Catalina].StandardHost[localhost].StandardContext[/authenticationendpoint].File[/opt/wso2is-tnmt/repository/deployment/server/webapps/authenticationendpoint]
TID: [] [] [2025-03-25 03:42:54,396] []  INFO {org.apache.jasper.servlet.TldScanner} - At least one JAR was scanned for TLDs yet contained no TLDs. Enable debug logging for this logger for a complete list of JARs that were scanned but no TLDs were found in them. Skipping unneeded JARs during scanning can improve startup time and JSP compilation time.
TID: [] [] [2025-03-25 03:42:54,549] []  INFO {org.wso2.carbon.webapp.mgt.TomcatGenericWebappsDeployer} - Deployed webapp: StandardEngine[Catalina].StandardHost[localhost].StandardContext[/console].File[/opt/wso2is-tnmt/repository/deployment/server/webapps/console]
TID: [] [] [2025-03-25 03:42:54,683] []  INFO {org.apache.jasper.servlet.TldScanner} - At least one JAR was scanned for TLDs yet contained no TLDs. Enable debug logging for this logger for a complete list of JARs that were scanned but no TLDs were found in them. Skipping unneeded JARs during scanning can improve startup time and JSP compilation time.
TID: [] [] [2025-03-25 03:42:54,685] []  INFO {org.wso2.carbon.webapp.mgt.TomcatGenericWebappsDeployer} - Deployed webapp: StandardEngine[Catalina].StandardHost[localhost].StandardContext[/mex].File[/opt/wso2is-tnmt/repository/deployment/server/webapps/mex]
TID: [] [] [2025-03-25 03:42:54,815] []  INFO {org.apache.jasper.servlet.TldScanner} - At least one JAR was scanned for TLDs yet contained no TLDs. Enable debug logging for this logger for a complete list of JARs that were scanned but no TLDs were found in them. Skipping unneeded JARs during scanning can improve startup time and JSP compilation time.
TID: [] [] [2025-03-25 03:42:54,863] []  INFO {org.apache.cxf.endpoint.ServerImpl} - Setting the server's publish address to be /
TID: [] [] [2025-03-25 03:42:54,868] []  INFO {org.wso2.carbon.webapp.mgt.TomcatGenericWebappsDeployer} - Deployed webapp: StandardEngine[Catalina].StandardHost[localhost].StandardContext[/mexut].File[/opt/wso2is-tnmt/repository/deployment/server/webapps/mexut]
TID: [] [] [2025-03-25 03:42:55,000] []  INFO {org.apache.jasper.servlet.TldScanner} - At least one JAR was scanned for TLDs yet contained no TLDs. Enable debug logging for this logger for a complete list of JARs that were scanned but no TLDs were found in them. Skipping unneeded JARs during scanning can improve startup time and JSP compilation time.
TID: [] [] [2025-03-25 03:42:55,117] []  INFO {org.wso2.carbon.webapp.mgt.TomcatGenericWebappsDeployer} - Deployed webapp: StandardEngine[Catalina].StandardHost[localhost].StandardContext[/myaccount].File[/opt/wso2is-tnmt/repository/deployment/server/webapps/myaccount]
TID: [] [] [2025-03-25 03:42:55,310] []  INFO {org.apache.jasper.servlet.TldScanner} - At least one JAR was scanned for TLDs yet contained no TLDs. Enable debug logging for this logger for a complete list of JARs that were scanned but no TLDs were found in them. Skipping unneeded JARs during scanning can improve startup time and JSP compilation time.
TID: [] [] [2025-03-25 03:42:55,747] []  INFO {org.apache.cxf.endpoint.ServerImpl} - Setting the server's publish address to be /
TID: [] [] [2025-03-25 03:42:55,805] []  INFO {org.wso2.carbon.webapp.mgt.TomcatGenericWebappsDeployer} - Deployed webapp: StandardEngine[Catalina].StandardHost[localhost].StandardContext[/oauth2].File[/opt/wso2is-tnmt/repository/deployment/server/webapps/oauth2]
TID: [] [] [2025-03-25 03:42:56,035] []  INFO {org.apache.cxf.endpoint.ServerImpl} - Setting the server's publish address to be /Users
TID: [] [] [2025-03-25 03:42:56,068] []  INFO {org.apache.cxf.endpoint.ServerImpl} - Setting the server's publish address to be /Groups
TID: [] [] [2025-03-25 03:42:56,071] []  INFO {org.apache.cxf.endpoint.ServerImpl} - Setting the server's publish address to be /Me
TID: [] [] [2025-03-25 03:42:56,074] []  INFO {org.apache.cxf.endpoint.ServerImpl} - Setting the server's publish address to be /ServiceProviderConfig
TID: [] [] [2025-03-25 03:42:56,077] []  INFO {org.apache.cxf.endpoint.ServerImpl} - Setting the server's publish address to be /ResourceTypes
TID: [] [] [2025-03-25 03:42:56,081] []  INFO {org.apache.cxf.endpoint.ServerImpl} - Setting the server's publish address to be /Bulk
TID: [] [] [2025-03-25 03:42:56,083] []  INFO {org.apache.cxf.endpoint.ServerImpl} - Setting the server's publish address to be /Schemas
TID: [] [] [2025-03-25 03:42:56,086] []  INFO {org.apache.cxf.endpoint.ServerImpl} - Setting the server's publish address to be /Roles
TID: [] [] [2025-03-25 03:42:56,090] []  INFO {org.wso2.carbon.webapp.mgt.TomcatGenericWebappsDeployer} - Deployed webapp: StandardEngine[Catalina].StandardHost[localhost].StandardContext[/scim2].File[/opt/wso2is-tnmt/repository/deployment/server/webapps/scim2]
TID: [] [] [2025-03-25 03:42:56,234] []  INFO {org.apache.jasper.servlet.TldScanner} - At least one JAR was scanned for TLDs yet contained no TLDs. Enable debug logging for this logger for a complete list of JARs that were scanned but no TLDs were found in them. Skipping unneeded JARs during scanning can improve startup time and JSP compilation time.
TID: [] [] [2025-03-25 03:42:56,364] []  INFO {org.apache.cxf.endpoint.ServerImpl} - Setting the server's publish address to be /Users
TID: [] [] [2025-03-25 03:42:56,369] []  INFO {org.apache.cxf.endpoint.ServerImpl} - Setting the server's publish address to be /Groups
TID: [] [] [2025-03-25 03:42:56,372] []  INFO {org.apache.cxf.endpoint.ServerImpl} - Setting the server's publish address to be /Bulk
TID: [] [] [2025-03-25 03:42:56,376] []  INFO {org.wso2.carbon.webapp.mgt.TomcatGenericWebappsDeployer} - Deployed webapp: StandardEngine[Catalina].StandardHost[localhost].StandardContext[/wso2].File[/opt/wso2is-tnmt/repository/deployment/server/webapps/wso2]
TID: [] [] [2025-03-25 03:42:56,532] []  INFO {org.apache.jasper.servlet.TldScanner} - At least one JAR was scanned for TLDs yet contained no TLDs. Enable debug logging for this logger for a complete list of JARs that were scanned but no TLDs were found in them. Skipping unneeded JARs during scanning can improve startup time and JSP compilation time.
TID: [] [] [2025-03-25 03:42:56,536] []  INFO {org.wso2.carbon.webapp.mgt.TomcatGenericWebappsDeployer} - Deployed webapp: StandardEngine[Catalina].StandardHost[localhost].StandardContext[/x509certificateauthenticationendpoint].File[/opt/wso2is-tnmt/repository/deployment/server/webapps/x509certificateauthenticationendpoint]
TID: [] [] [2025-03-25 03:42:56,539] []  INFO {org.wso2.carbon.humantask.core.HumanTaskSchedulerInitializer} - Starting HumanTasks Scheduler
TID: [] [] [2025-03-25 03:42:56,546] []  INFO {openjpa.Runtime} - Starting OpenJPA 2.2.0-wso2v1
TID: [] [] [2025-03-25 03:42:56,596] []  INFO {openjpa.jdbc.JDBC} - Using dictionary class "org.apache.openjpa.jdbc.sql.H2Dictionary".
TID: [] [] [2025-03-25 03:42:56,963] []  INFO {org.wso2.carbon.core.transports.http.HttpTransportListener} - HTTP port        : 9763
TID: [] [] [2025-03-25 03:42:56,964] []  INFO {org.wso2.carbon.core.transports.http.HttpsTransportListener} - HTTPS port       : 443
TID: [] [] [2025-03-25 03:42:57,021] []  WARN {org.apache.tomcat.util.net.SSLUtilBase} - The trusted certificate with alias [wso2carbon] and DN [CN=localhost, OU=WSO2, O=WSO2, L=Mountain View, ST=CA, C=US] is not valid due to [NotAfter: Tue Apr 30 09:32:58 UTC 2024]. Certificates signed by this trusted certificate WILL be accepted
TID: [] [] [2025-03-25 03:42:57,022] []  WARN {org.apache.tomcat.util.net.SSLUtilBase} - The trusted certificate with alias [secomscrootca1] and DN [OU=Security Communication RootCA1, O=SECOM Trust.net, C=JP] is not valid due to [NotAfter: Sat Sep 30 04:20:49 UTC 2023]. Certificates signed by this trusted certificate WILL be accepted
TID: [] [] [2025-03-25 03:42:57,108] []  INFO {org.wso2.carbon.bpel.core.ode.integration.BPELSchedulerInitializer} - Starting BPS Scheduler
TID: [] [] [2025-03-25 03:42:57,110] []  INFO {openjpa.Runtime} - Starting OpenJPA 2.2.0-wso2v1
TID: [] [] [2025-03-25 03:42:57,111] []  INFO {openjpa.jdbc.JDBC} - Using dictionary class "org.apache.openjpa.jdbc.sql.H2Dictionary" (H2 2.1.210 (2022-01-17) ,H2 JDBC Driver 2.1.210 (2022-01-17)).
TID: [] [] [2025-03-25 03:42:57,156] []  INFO {org.wso2.identity.apps.common.internal.AppsCommonServiceStartupObserver} - My Account URL : https://xacthuc.mae.gov.vn/myaccount
TID: [] [] [2025-03-25 03:42:57,157] []  INFO {org.wso2.identity.apps.common.internal.AppsCommonServiceStartupObserver} - Console URL : https://xacthuc.mae.gov.vn/console
TID: [] [] [2025-03-25 03:42:57,157] []  INFO {org.wso2.identity.apps.common.internal.AppsCommonServiceStartupObserver} - Identity apps common service component activated successfully.
TID: [] [] [2025-03-25 03:42:57,157] []  INFO {org.wso2.carbon.core.internal.StartupFinalizerServiceComponent} - Server           :  WSO2 Identity Server-6.2.0-alpha4-SNAPSHOT
TID: [] [] [2025-03-25 03:42:57,158] []  INFO {org.wso2.carbon.core.internal.StartupFinalizerServiceComponent} - WSO2 Carbon started in 43 sec
TID: [] [] [2025-03-25 03:42:57,178] []  INFO {org.wso2.carbon.healthcheck.api.core.internal.HealthMonitorServiceComponent} - Carbon health monitoring service is activated..
TID: [] [] [2025-03-25 03:42:57,596] []  INFO {org.apache.jasper.servlet.TldScanner} - At least one JAR was scanned for TLDs yet contained no TLDs. Enable debug logging for this logger for a complete list of JARs that were scanned but no TLDs were found in them. Skipping unneeded JARs during scanning can improve startup time and JSP compilation time.
TID: [] [] [2025-03-25 03:42:57,635] []  INFO {org.wso2.carbon.ui.internal.CarbonUIServiceComponent} - Mgt Console URL  : https://xacthuc.mae.gov.vn:443/carbon/
TID: [-1234] [] [2025-03-25 07:21:10,935] [7da6ea22-3a9f-407a-a330-b4cdaf220468]  INFO {org.wso2.carbon.identity.entitlement.policy.finder.CarbonPolicyFinder} - Initializing of policy store is started at :  Tue Mar 25 07:21:10 UTC 2025
TID: [-1234] [] [2025-03-25 07:21:10,939] [7da6ea22-3a9f-407a-a330-b4cdaf220468]  INFO {org.wso2.carbon.identity.entitlement.policy.store.DefaultPolicyDataStore} - Using Global policy combining algorithm that is defined in configuration file.
TID: [-1234] [] [2025-03-25 07:21:10,940] [7da6ea22-3a9f-407a-a330-b4cdaf220468]  INFO {org.wso2.carbon.identity.entitlement.policy.finder.CarbonPolicyFinder} - Start retrieving policies from org.wso2.carbon.identity.entitlement.policy.store.RegistryPolicyStoreManageModule@5afae897 at : Tue Mar 25 07:21:10 UTC 2025
TID: [-1234] [] [2025-03-25 07:21:10,942] [7da6ea22-3a9f-407a-a330-b4cdaf220468]  INFO {org.wso2.carbon.identity.entitlement.policy.finder.CarbonPolicyFinder} - Finish retrieving policies from org.wso2.carbon.identity.entitlement.policy.store.RegistryPolicyStoreManageModule@5afae897 at : Tue Mar 25 07:21:10 UTC 2025
TID: [-1234] [] [2025-03-25 07:21:10,942] [7da6ea22-3a9f-407a-a330-b4cdaf220468]  INFO {org.wso2.carbon.identity.entitlement.policy.finder.CarbonPolicyFinder} - Initializing of policy store is finished at :  Tue Mar 25 07:21:10 UTC 2025
TID: [-1234] [] [2025-03-25 07:21:11,052] [7da6ea22-3a9f-407a-a330-b4cdaf220468]  INFO {org.wso2.carbon.identity.entitlement.policy.finder.CarbonPolicyFinder} - Initializing of policy store is started at :  Tue Mar 25 07:21:11 UTC 2025
TID: [-1234] [] [2025-03-25 07:21:11,054] [7da6ea22-3a9f-407a-a330-b4cdaf220468]  INFO {org.wso2.carbon.identity.entitlement.policy.store.DefaultPolicyDataStore} - Using Global policy combining algorithm that is defined in configuration file.
TID: [-1234] [] [2025-03-25 07:21:11,054] [7da6ea22-3a9f-407a-a330-b4cdaf220468]  INFO {org.wso2.carbon.identity.entitlement.policy.finder.CarbonPolicyFinder} - Start retrieving policies from org.wso2.carbon.identity.entitlement.policy.store.RegistryPolicyStoreManageModule@5afae897 at : Tue Mar 25 07:21:11 UTC 2025
TID: [-1234] [] [2025-03-25 07:21:11,056] [7da6ea22-3a9f-407a-a330-b4cdaf220468]  INFO {org.wso2.carbon.identity.entitlement.policy.finder.CarbonPolicyFinder} - Finish retrieving policies from org.wso2.carbon.identity.entitlement.policy.store.RegistryPolicyStoreManageModule@5afae897 at : Tue Mar 25 07:21:11 UTC 2025
TID: [-1234] [] [2025-03-25 07:21:11,057] [7da6ea22-3a9f-407a-a330-b4cdaf220468]  INFO {org.wso2.carbon.identity.entitlement.policy.finder.CarbonPolicyFinder} - Initializing of policy store is finished at :  Tue Mar 25 07:21:11 UTC 2025
TID: [-1234] [] [2025-03-25 07:39:27,627] [41de9d6c-51c5-467f-91ae-c32f4f5601bb]  WARN {org.wso2.carbon.identity.oidc.session.servlet.OIDCLogoutServlet} - Provided Post logout redirect URL does not match the registered callback url.
TID: [-1234] [oauth2] [2025-03-25 08:20:15,348] [25dc70ed-dd26-4d07-8da8-905086b18e82]  WARN {org.wso2.carbon.identity.oauth2.authz.validators.AbstractResponseTypeRequestValidator} - Provided Callback URL does not match with the registered one.
TID: [-1234] [oauth2] [2025-03-25 08:20:15,376] [96af5739-3cbd-4023-a980-8c03bf14fb42]  WARN {org.wso2.carbon.identity.oauth2.authz.validators.AbstractResponseTypeRequestValidator} - Provided Callback URL does not match with the registered one.
TID: [-1234] [oauth2] [2025-03-25 10:47:15,349] [015e65ed-4462-41db-b050-d0779862a447]  WARN {org.wso2.carbon.identity.oauth2.authz.validators.AbstractResponseTypeRequestValidator} - Provided Callback URL does not match with the registered one.
