TID: [-1234] [authenticationendpoint] [2025-03-27 01:23:31,649] [5ef02956-730c-4124-8f94-14753b50c23a] ERROR {org.apache.catalina.core.ContainerBase.[Catalina].[localhost].[/authenticationendpoint].[default]} - Servlet.service() for servlet [default] in context with path [/authenticationendpoint] threw exception java.util.ConcurrentModificationException
	at java.base/java.util.HashMap$HashIterator.nextNode(HashMap.java:1510)
	at java.base/java.util.HashMap$EntryIterator.next(HashMap.java:1543)
	at java.base/java.util.HashMap$EntryIterator.next(HashMap.java:1541)
	at org.wso2.carbon.identity.custom.header.filter.CustomHeaderFilter.doFilter(CustomHeaderFilter.java:29)
	at org.apache.catalina.core.ApplicationFilterChain.internalDoFilter(ApplicationFilterChain.java:189)
	at org.apache.catalina.core.ApplicationFilterChain.doFilter(ApplicationFilterChain.java:162)
	at org.apache.catalina.filters.HttpHeaderSecurityFilter.doFilter(HttpHeaderSecurityFilter.java:126)
	at org.apache.catalina.core.ApplicationFilterChain.internalDoFilter(ApplicationFilterChain.java:189)
	at org.apache.catalina.core.ApplicationFilterChain.doFilter(ApplicationFilterChain.java:162)
	at org.wso2.carbon.tomcat.ext.filter.ContentTypeBasedCachePreventionFilter.doFilter(ContentTypeBasedCachePreventionFilter.java:51)
	at org.apache.catalina.core.ApplicationFilterChain.internalDoFilter(ApplicationFilterChain.java:189)
	at org.apache.catalina.core.ApplicationFilterChain.doFilter(ApplicationFilterChain.java:162)
	at org.wso2.carbon.identity.application.authentication.endpoint.util.filter.AuthenticationEndpointFilter.doFilter(AuthenticationEndpointFilter.java:190)
	at org.apache.catalina.core.ApplicationFilterChain.internalDoFilter(ApplicationFilterChain.java:189)
	at org.apache.catalina.core.ApplicationFilterChain.doFilter(ApplicationFilterChain.java:162)
	at org.wso2.carbon.identity.application.authentication.endpoint.util.filter.AuthParameterFilter.doFilter(AuthParameterFilter.java:98)
	at org.apache.catalina.core.ApplicationFilterChain.internalDoFilter(ApplicationFilterChain.java:189)
	at org.apache.catalina.core.ApplicationFilterChain.doFilter(ApplicationFilterChain.java:162)
	at org.apache.catalina.filters.HttpHeaderSecurityFilter.doFilter(HttpHeaderSecurityFilter.java:126)
	at org.apache.catalina.core.ApplicationFilterChain.internalDoFilter(ApplicationFilterChain.java:189)
	at org.apache.catalina.core.ApplicationFilterChain.doFilter(ApplicationFilterChain.java:162)
	at org.apache.catalina.core.StandardWrapperValve.invoke(StandardWrapperValve.java:197)
	at org.apache.catalina.core.StandardContextValve.invoke(StandardContextValve.java:97)
	at org.apache.catalina.authenticator.AuthenticatorBase.invoke(AuthenticatorBase.java:540)
	at org.apache.catalina.core.StandardHostValve.invoke(StandardHostValve.java:135)
	at org.apache.catalina.valves.ErrorReportValve.invoke(ErrorReportValve.java:92)
	at org.wso2.carbon.identity.context.rewrite.valve.TenantContextRewriteValve.invoke(TenantContextRewriteValve.java:119)
	at org.wso2.carbon.identity.context.rewrite.valve.OrganizationContextRewriteValve.invoke(OrganizationContextRewriteValve.java:115)
	at org.wso2.carbon.tomcat.ext.valves.SameSiteCookieValve.invoke(SameSiteCookieValve.java:38)
	at org.wso2.carbon.identity.cors.valve.CORSValve.invoke(CORSValve.java:83)
	at org.wso2.carbon.identity.authz.valve.AuthorizationValve.invoke(AuthorizationValve.java:185)
	at org.wso2.carbon.identity.auth.valve.AuthenticationValve.invoke(AuthenticationValve.java:120)
	at org.wso2.carbon.tomcat.ext.valves.CompositeValve.continueInvocation(CompositeValve.java:110)
	at org.wso2.carbon.tomcat.ext.valves.TomcatValveContainer.invokeValves(TomcatValveContainer.java:49)
	at org.wso2.carbon.tomcat.ext.valves.CompositeValve.invoke(CompositeValve.java:71)
	at org.wso2.carbon.tomcat.ext.valves.CarbonStuckThreadDetectionValve.invoke(CarbonStuckThreadDetectionValve.java:152)
	at org.apache.catalina.valves.AbstractAccessLogValve.invoke(AbstractAccessLogValve.java:687)
	at org.wso2.carbon.tomcat.ext.valves.CarbonContextCreatorValve.invoke(CarbonContextCreatorValve.java:63)
	at org.wso2.carbon.tomcat.ext.valves.RequestEncodingValve.invoke(RequestEncodingValve.java:49)
	at org.wso2.carbon.tomcat.ext.valves.RequestCorrelationIdValve.invoke(RequestCorrelationIdValve.java:137)
	at org.apache.catalina.core.StandardEngineValve.invoke(StandardEngineValve.java:78)
	at org.apache.catalina.connector.CoyoteAdapter.service(CoyoteAdapter.java:359)
	at org.apache.coyote.http11.Http11Processor.service(Http11Processor.java:399)
	at org.apache.coyote.AbstractProcessorLight.process(AbstractProcessorLight.java:65)
	at org.apache.coyote.AbstractProtocol$ConnectionHandler.process(AbstractProtocol.java:889)
	at org.apache.tomcat.util.net.NioEndpoint$SocketProcessor.doRun(NioEndpoint.java:1735)
	at org.apache.tomcat.util.net.SocketProcessorBase.run(SocketProcessorBase.java:49)
	at org.apache.tomcat.util.threads.ThreadPoolExecutor.runWorker(ThreadPoolExecutor.java:1191)
	at org.apache.tomcat.util.threads.ThreadPoolExecutor$Worker.run(ThreadPoolExecutor.java:659)
	at org.apache.tomcat.util.threads.TaskThread$WrappingRunnable.run(TaskThread.java:61)
	at java.base/java.lang.Thread.run(Thread.java:834)

TID: [-1234] [] [2025-03-27 01:51:12,566] [a43744a0-57d6-4c63-997a-4df1f1437925] ERROR {org.wso2.carbon.identity.application.authentication.framework.handler.request.impl.DefaultRequestCoordinator} - Exception in Authentication Framework org.wso2.carbon.identity.application.authentication.framework.exception.FrameworkException: No authenticator can handle the request in step :  1
	at org.wso2.carbon.identity.application.authentication.framework.handler.step.impl.DefaultStepHandler.handleResponse(DefaultStepHandler.java:662)
	at org.wso2.carbon.identity.application.authentication.framework.handler.step.impl.DefaultStepHandler.handle(DefaultStepHandler.java:242)
	at org.wso2.carbon.identity.application.authentication.framework.handler.sequence.impl.GraphBasedSequenceHandler.handleAuthenticationStep(GraphBasedSequenceHandler.java:506)
	at org.wso2.carbon.identity.application.authentication.framework.handler.sequence.impl.GraphBasedSequenceHandler.handleNode(GraphBasedSequenceHandler.java:202)
	at org.wso2.carbon.identity.application.authentication.framework.handler.sequence.impl.GraphBasedSequenceHandler.handle(GraphBasedSequenceHandler.java:152)
	at org.wso2.carbon.identity.application.authentication.framework.handler.request.impl.DefaultAuthenticationRequestHandler.handle(DefaultAuthenticationRequestHandler.java:202)
	at org.wso2.carbon.identity.application.authentication.framework.handler.request.impl.DefaultRequestCoordinator.handle(DefaultRequestCoordinator.java:346)
	at org.wso2.carbon.identity.application.authentication.framework.CommonAuthenticationHandler.doPost(CommonAuthenticationHandler.java:57)
	at org.wso2.carbon.identity.application.authentication.framework.CommonAuthenticationHandler.doGet(CommonAuthenticationHandler.java:46)
	at org.wso2.carbon.identity.application.authentication.framework.servlet.CommonAuthenticationServlet.doPost(CommonAuthenticationServlet.java:54)
	at javax.servlet.http.HttpServlet.service(HttpServlet.java:681)
	at javax.servlet.http.HttpServlet.service(HttpServlet.java:764)
	at org.eclipse.equinox.http.helper.ContextPathServletAdaptor.service(ContextPathServletAdaptor.java:37)
	at org.eclipse.equinox.http.servlet.internal.ServletRegistration.service(ServletRegistration.java:61)
	at org.eclipse.equinox.http.servlet.internal.ProxyServlet.processAlias(ProxyServlet.java:128)
	at org.eclipse.equinox.http.servlet.internal.ProxyServlet.service(ProxyServlet.java:60)
	at javax.servlet.http.HttpServlet.service(HttpServlet.java:764)
	at org.wso2.carbon.tomcat.ext.servlet.DelegationServlet.service(DelegationServlet.java:68)
	at org.apache.catalina.core.ApplicationFilterChain.internalDoFilter(ApplicationFilterChain.java:227)
	at org.apache.catalina.core.ApplicationFilterChain.doFilter(ApplicationFilterChain.java:162)
	at org.apache.tomcat.websocket.server.WsFilter.doFilter(WsFilter.java:53)
	at org.apache.catalina.core.ApplicationFilterChain.internalDoFilter(ApplicationFilterChain.java:189)
	at org.apache.catalina.core.ApplicationFilterChain.doFilter(ApplicationFilterChain.java:162)
	at org.wso2.carbon.identity.custom.header.filter.CustomHeaderFilter.doFilter(CustomHeaderFilter.java:32)
	at org.apache.catalina.core.ApplicationFilterChain.internalDoFilter(ApplicationFilterChain.java:189)
	at org.apache.catalina.core.ApplicationFilterChain.doFilter(ApplicationFilterChain.java:162)
	at org.apache.catalina.filters.HttpHeaderSecurityFilter.doFilter(HttpHeaderSecurityFilter.java:126)
	at org.apache.catalina.core.ApplicationFilterChain.internalDoFilter(ApplicationFilterChain.java:189)
	at org.apache.catalina.core.ApplicationFilterChain.doFilter(ApplicationFilterChain.java:162)
	at org.owasp.csrfguard.CsrfGuardFilter.doFilter(CsrfGuardFilter.java:72)
	at org.apache.catalina.core.ApplicationFilterChain.internalDoFilter(ApplicationFilterChain.java:189)
	at org.apache.catalina.core.ApplicationFilterChain.doFilter(ApplicationFilterChain.java:162)
	at org.apache.catalina.filters.HttpHeaderSecurityFilter.doFilter(HttpHeaderSecurityFilter.java:126)
	at org.apache.catalina.core.ApplicationFilterChain.internalDoFilter(ApplicationFilterChain.java:189)
	at org.apache.catalina.core.ApplicationFilterChain.doFilter(ApplicationFilterChain.java:162)
	at org.wso2.carbon.tomcat.ext.filter.CharacterSetFilter.doFilter(CharacterSetFilter.java:65)
	at org.apache.catalina.core.ApplicationFilterChain.internalDoFilter(ApplicationFilterChain.java:189)
	at org.apache.catalina.core.ApplicationFilterChain.doFilter(ApplicationFilterChain.java:162)
	at org.apache.catalina.filters.HttpHeaderSecurityFilter.doFilter(HttpHeaderSecurityFilter.java:126)
	at org.apache.catalina.core.ApplicationFilterChain.internalDoFilter(ApplicationFilterChain.java:189)
	at org.apache.catalina.core.ApplicationFilterChain.doFilter(ApplicationFilterChain.java:162)
	at org.apache.catalina.core.StandardWrapperValve.invoke(StandardWrapperValve.java:197)
	at org.apache.catalina.core.StandardContextValve.invoke(StandardContextValve.java:97)
	at org.apache.catalina.authenticator.AuthenticatorBase.invoke(AuthenticatorBase.java:540)
	at org.apache.catalina.core.StandardHostValve.invoke(StandardHostValve.java:135)
	at org.apache.catalina.valves.ErrorReportValve.invoke(ErrorReportValve.java:92)
	at org.wso2.carbon.identity.context.rewrite.valve.TenantContextRewriteValve.invoke(TenantContextRewriteValve.java:119)
	at org.wso2.carbon.identity.context.rewrite.valve.OrganizationContextRewriteValve.invoke(OrganizationContextRewriteValve.java:115)
	at org.wso2.carbon.tomcat.ext.valves.SameSiteCookieValve.invoke(SameSiteCookieValve.java:38)
	at org.wso2.carbon.identity.cors.valve.CORSValve.invoke(CORSValve.java:83)
	at org.wso2.carbon.identity.authz.valve.AuthorizationValve.invoke(AuthorizationValve.java:185)
	at org.wso2.carbon.identity.auth.valve.AuthenticationValve.invoke(AuthenticationValve.java:120)
	at org.wso2.carbon.tomcat.ext.valves.CompositeValve.continueInvocation(CompositeValve.java:110)
	at org.wso2.carbon.tomcat.ext.valves.TomcatValveContainer.invokeValves(TomcatValveContainer.java:49)
	at org.wso2.carbon.tomcat.ext.valves.CompositeValve.invoke(CompositeValve.java:71)
	at org.wso2.carbon.tomcat.ext.valves.CarbonStuckThreadDetectionValve.invoke(CarbonStuckThreadDetectionValve.java:152)
	at org.apache.catalina.valves.AbstractAccessLogValve.invoke(AbstractAccessLogValve.java:687)
	at org.wso2.carbon.tomcat.ext.valves.CarbonContextCreatorValve.invoke(CarbonContextCreatorValve.java:63)
	at org.wso2.carbon.tomcat.ext.valves.RequestEncodingValve.invoke(RequestEncodingValve.java:49)
	at org.wso2.carbon.tomcat.ext.valves.RequestCorrelationIdValve.invoke(RequestCorrelationIdValve.java:137)
	at org.apache.catalina.core.StandardEngineValve.invoke(StandardEngineValve.java:78)
	at org.apache.catalina.connector.CoyoteAdapter.service(CoyoteAdapter.java:359)
	at org.apache.coyote.http11.Http11Processor.service(Http11Processor.java:399)
	at org.apache.coyote.AbstractProcessorLight.process(AbstractProcessorLight.java:65)
	at org.apache.coyote.AbstractProtocol$ConnectionHandler.process(AbstractProtocol.java:889)
	at org.apache.tomcat.util.net.NioEndpoint$SocketProcessor.doRun(NioEndpoint.java:1735)
	at org.apache.tomcat.util.net.SocketProcessorBase.run(SocketProcessorBase.java:49)
	at org.apache.tomcat.util.threads.ThreadPoolExecutor.runWorker(ThreadPoolExecutor.java:1191)
	at org.apache.tomcat.util.threads.ThreadPoolExecutor$Worker.run(ThreadPoolExecutor.java:659)
	at org.apache.tomcat.util.threads.TaskThread$WrappingRunnable.run(TaskThread.java:61)
	at java.base/java.lang.Thread.run(Thread.java:834)

TID: [-1234] [oauth2] [2025-03-27 02:39:19,606] [8869b390-cc75-4ee0-9730-57f40816a9b9]  WARN {org.wso2.carbon.identity.oauth2.authz.validators.AbstractResponseTypeRequestValidator} - Provided Callback URL does not match with the registered one.
TID: [-1234] [oauth2] [2025-03-27 02:51:14,481] [8315e91a-068a-43b2-9554-fd8696f1ba9b]  WARN {org.wso2.carbon.identity.oauth2.authz.validators.AbstractResponseTypeRequestValidator} - Provided Callback URL does not match with the registered one.
TID: [-1234] [oauth2] [2025-03-27 04:52:37,369] [ced8522b-60f1-4eb4-b7a2-a02dbedf3784]  WARN {org.wso2.carbon.identity.oauth2.authz.validators.AbstractResponseTypeRequestValidator} - Provided Callback URL does not match with the registered one.
TID: [-1234] [] [2025-03-27 07:23:13,953] [6fb02e9f-4ee5-4c5e-a9fd-13c9414fd9d7]  WARN {org.wso2.carbon.identity.oidc.session.servlet.OIDCLogoutServlet} - Provided Post logout redirect URL does not match the registered callback url.
TID: [-1234] [oauth2] [2025-03-27 07:38:19,042] [99453a41-84a9-4f8f-8520-fae8ca1b8f7c]  WARN {org.wso2.carbon.identity.oauth2.authz.validators.AbstractResponseTypeRequestValidator} - Provided Callback URL does not match with the registered one.
TID: [-1234] [oauth2] [2025-03-27 07:46:02,955] [9beee7e4-dd62-40aa-8b83-21ebb96e6c56]  WARN {org.wso2.carbon.identity.oauth2.authz.validators.AbstractResponseTypeRequestValidator} - Provided Callback URL does not match with the registered one.
TID: [-1234] [authenticationendpoint] [2025-03-27 07:53:21,341] [a5768702-7960-42f0-88e7-cc0513adbe29] ERROR {org.apache.catalina.core.ContainerBase.[Catalina].[localhost].[/authenticationendpoint].[oauth2_login.do]} - Servlet.service() for servlet [oauth2_login.do] threw exception java.lang.NullPointerException
	at org.apache.jsp.login_jsp._jspService(login_jsp.java:1105)
	at org.apache.jasper.runtime.HttpJspBase.service(HttpJspBase.java:70)
	at javax.servlet.http.HttpServlet.service(HttpServlet.java:764)
	at org.apache.jasper.servlet.JspServletWrapper.service(JspServletWrapper.java:466)
	at org.apache.jasper.servlet.JspServlet.serviceJspFile(JspServlet.java:379)
	at org.apache.jasper.servlet.JspServlet.service(JspServlet.java:327)
	at javax.servlet.http.HttpServlet.service(HttpServlet.java:764)
	at org.apache.catalina.core.ApplicationFilterChain.internalDoFilter(ApplicationFilterChain.java:227)
	at org.apache.catalina.core.ApplicationFilterChain.doFilter(ApplicationFilterChain.java:162)
	at org.apache.tomcat.websocket.server.WsFilter.doFilter(WsFilter.java:53)
	at org.apache.catalina.core.ApplicationFilterChain.internalDoFilter(ApplicationFilterChain.java:189)
	at org.apache.catalina.core.ApplicationFilterChain.doFilter(ApplicationFilterChain.java:162)
	at org.wso2.carbon.identity.custom.header.filter.CustomHeaderFilter.doFilter(CustomHeaderFilter.java:32)
	at org.apache.catalina.core.ApplicationFilterChain.internalDoFilter(ApplicationFilterChain.java:189)
	at org.apache.catalina.core.ApplicationFilterChain.doFilter(ApplicationFilterChain.java:162)
	at org.wso2.carbon.tomcat.ext.filter.ContentTypeBasedCachePreventionFilter.doFilter(ContentTypeBasedCachePreventionFilter.java:51)
	at org.apache.catalina.core.ApplicationFilterChain.internalDoFilter(ApplicationFilterChain.java:189)
	at org.apache.catalina.core.ApplicationFilterChain.doFilter(ApplicationFilterChain.java:162)
	at org.wso2.carbon.identity.application.authentication.endpoint.util.filter.AuthenticationEndpointFilter.doFilter(AuthenticationEndpointFilter.java:87)
	at org.apache.catalina.core.ApplicationFilterChain.internalDoFilter(ApplicationFilterChain.java:189)
	at org.apache.catalina.core.ApplicationFilterChain.doFilter(ApplicationFilterChain.java:162)
	at org.wso2.carbon.identity.application.authentication.endpoint.util.filter.AuthParameterFilter.doFilter(AuthParameterFilter.java:83)
	at org.apache.catalina.core.ApplicationFilterChain.internalDoFilter(ApplicationFilterChain.java:189)
	at org.apache.catalina.core.ApplicationFilterChain.doFilter(ApplicationFilterChain.java:162)
	at org.apache.catalina.core.ApplicationDispatcher.invoke(ApplicationDispatcher.java:711)
	at org.apache.catalina.core.ApplicationDispatcher.processRequest(ApplicationDispatcher.java:459)
	at org.apache.catalina.core.ApplicationDispatcher.doForward(ApplicationDispatcher.java:385)
	at org.apache.catalina.core.ApplicationDispatcher.forward(ApplicationDispatcher.java:313)
	at org.wso2.carbon.identity.application.authentication.endpoint.util.filter.AuthenticationEndpointFilter.doFilter(AuthenticationEndpointFilter.java:188)
	at org.apache.catalina.core.ApplicationFilterChain.internalDoFilter(ApplicationFilterChain.java:189)
	at org.apache.catalina.core.ApplicationFilterChain.doFilter(ApplicationFilterChain.java:162)
	at org.wso2.carbon.identity.application.authentication.endpoint.util.filter.AuthParameterFilter.doFilter(AuthParameterFilter.java:83)
	at org.apache.catalina.core.ApplicationFilterChain.internalDoFilter(ApplicationFilterChain.java:189)
	at org.apache.catalina.core.ApplicationFilterChain.doFilter(ApplicationFilterChain.java:162)
	at org.apache.catalina.filters.HttpHeaderSecurityFilter.doFilter(HttpHeaderSecurityFilter.java:126)
	at org.apache.catalina.core.ApplicationFilterChain.internalDoFilter(ApplicationFilterChain.java:189)
	at org.apache.catalina.core.ApplicationFilterChain.doFilter(ApplicationFilterChain.java:162)
	at org.apache.catalina.core.StandardWrapperValve.invoke(StandardWrapperValve.java:197)
	at org.apache.catalina.core.StandardContextValve.invoke(StandardContextValve.java:97)
	at org.apache.catalina.authenticator.AuthenticatorBase.invoke(AuthenticatorBase.java:540)
	at org.apache.catalina.core.StandardHostValve.invoke(StandardHostValve.java:135)
	at org.apache.catalina.valves.ErrorReportValve.invoke(ErrorReportValve.java:92)
	at org.wso2.carbon.identity.context.rewrite.valve.TenantContextRewriteValve.invoke(TenantContextRewriteValve.java:119)
	at org.wso2.carbon.identity.context.rewrite.valve.OrganizationContextRewriteValve.invoke(OrganizationContextRewriteValve.java:115)
	at org.wso2.carbon.tomcat.ext.valves.SameSiteCookieValve.invoke(SameSiteCookieValve.java:38)
	at org.wso2.carbon.identity.cors.valve.CORSValve.invoke(CORSValve.java:83)
	at org.wso2.carbon.identity.authz.valve.AuthorizationValve.invoke(AuthorizationValve.java:185)
	at org.wso2.carbon.identity.auth.valve.AuthenticationValve.invoke(AuthenticationValve.java:120)
	at org.wso2.carbon.tomcat.ext.valves.CompositeValve.continueInvocation(CompositeValve.java:110)
	at org.wso2.carbon.tomcat.ext.valves.TomcatValveContainer.invokeValves(TomcatValveContainer.java:49)
	at org.wso2.carbon.tomcat.ext.valves.CompositeValve.invoke(CompositeValve.java:71)
	at org.wso2.carbon.tomcat.ext.valves.CarbonStuckThreadDetectionValve.invoke(CarbonStuckThreadDetectionValve.java:152)
	at org.apache.catalina.valves.AbstractAccessLogValve.invoke(AbstractAccessLogValve.java:687)
	at org.wso2.carbon.tomcat.ext.valves.CarbonContextCreatorValve.invoke(CarbonContextCreatorValve.java:63)
	at org.wso2.carbon.tomcat.ext.valves.RequestEncodingValve.invoke(RequestEncodingValve.java:49)
	at org.wso2.carbon.tomcat.ext.valves.RequestCorrelationIdValve.invoke(RequestCorrelationIdValve.java:137)
	at org.apache.catalina.core.StandardEngineValve.invoke(StandardEngineValve.java:78)
	at org.apache.catalina.connector.CoyoteAdapter.service(CoyoteAdapter.java:359)
	at org.apache.coyote.http11.Http11Processor.service(Http11Processor.java:399)
	at org.apache.coyote.AbstractProcessorLight.process(AbstractProcessorLight.java:65)
	at org.apache.coyote.AbstractProtocol$ConnectionHandler.process(AbstractProtocol.java:889)
	at org.apache.tomcat.util.net.NioEndpoint$SocketProcessor.doRun(NioEndpoint.java:1735)
	at org.apache.tomcat.util.net.SocketProcessorBase.run(SocketProcessorBase.java:49)
	at org.apache.tomcat.util.threads.ThreadPoolExecutor.runWorker(ThreadPoolExecutor.java:1191)
	at org.apache.tomcat.util.threads.ThreadPoolExecutor$Worker.run(ThreadPoolExecutor.java:659)
	at org.apache.tomcat.util.threads.TaskThread$WrappingRunnable.run(TaskThread.java:61)
	at java.base/java.lang.Thread.run(Thread.java:834)

TID: [-1234] [authenticationendpoint] [2025-03-27 07:53:21,344] [a5768702-7960-42f0-88e7-cc0513adbe29] ERROR {org.apache.catalina.core.ContainerBase.[Catalina].[localhost].[/authenticationendpoint].[default]} - Servlet.service() for servlet [default] in context with path [/authenticationendpoint] threw exception [An exception occurred processing [login.jsp] at line [104]

101:                 paramString = paramString.replaceFirst("authFailureMsg=login.fail.message", "authFailureMsg=authentication.fail.message");
102:                 requestURL.append('?').append(paramString+"&resendCode=true");
103:             }
104:             boolean isEmailOTP = FrameworkUtils.getContextData(request).getProperty("EmailOtpLength") != null;
105:             boolean isSMSOTP = FrameworkUtils.getContextData(request).getProperty("otpToken") != null;
106:             String openAuth = (String) FrameworkUtils.getContextData(request).getProperty("LastFailedAuthenticator");
107:             if("totp".equals(openAuth)){


Stacktrace:] with root cause java.lang.NullPointerException
	at org.apache.jsp.login_jsp._jspService(login_jsp.java:1105)
	at org.apache.jasper.runtime.HttpJspBase.service(HttpJspBase.java:70)
	at javax.servlet.http.HttpServlet.service(HttpServlet.java:764)
	at org.apache.jasper.servlet.JspServletWrapper.service(JspServletWrapper.java:466)
	at org.apache.jasper.servlet.JspServlet.serviceJspFile(JspServlet.java:379)
	at org.apache.jasper.servlet.JspServlet.service(JspServlet.java:327)
	at javax.servlet.http.HttpServlet.service(HttpServlet.java:764)
	at org.apache.catalina.core.ApplicationFilterChain.internalDoFilter(ApplicationFilterChain.java:227)
	at org.apache.catalina.core.ApplicationFilterChain.doFilter(ApplicationFilterChain.java:162)
	at org.apache.tomcat.websocket.server.WsFilter.doFilter(WsFilter.java:53)
	at org.apache.catalina.core.ApplicationFilterChain.internalDoFilter(ApplicationFilterChain.java:189)
	at org.apache.catalina.core.ApplicationFilterChain.doFilter(ApplicationFilterChain.java:162)
	at org.wso2.carbon.identity.custom.header.filter.CustomHeaderFilter.doFilter(CustomHeaderFilter.java:32)
	at org.apache.catalina.core.ApplicationFilterChain.internalDoFilter(ApplicationFilterChain.java:189)
	at org.apache.catalina.core.ApplicationFilterChain.doFilter(ApplicationFilterChain.java:162)
	at org.wso2.carbon.tomcat.ext.filter.ContentTypeBasedCachePreventionFilter.doFilter(ContentTypeBasedCachePreventionFilter.java:51)
	at org.apache.catalina.core.ApplicationFilterChain.internalDoFilter(ApplicationFilterChain.java:189)
	at org.apache.catalina.core.ApplicationFilterChain.doFilter(ApplicationFilterChain.java:162)
	at org.wso2.carbon.identity.application.authentication.endpoint.util.filter.AuthenticationEndpointFilter.doFilter(AuthenticationEndpointFilter.java:87)
	at org.apache.catalina.core.ApplicationFilterChain.internalDoFilter(ApplicationFilterChain.java:189)
	at org.apache.catalina.core.ApplicationFilterChain.doFilter(ApplicationFilterChain.java:162)
	at org.wso2.carbon.identity.application.authentication.endpoint.util.filter.AuthParameterFilter.doFilter(AuthParameterFilter.java:83)
	at org.apache.catalina.core.ApplicationFilterChain.internalDoFilter(ApplicationFilterChain.java:189)
	at org.apache.catalina.core.ApplicationFilterChain.doFilter(ApplicationFilterChain.java:162)
	at org.apache.catalina.core.ApplicationDispatcher.invoke(ApplicationDispatcher.java:711)
	at org.apache.catalina.core.ApplicationDispatcher.processRequest(ApplicationDispatcher.java:459)
	at org.apache.catalina.core.ApplicationDispatcher.doForward(ApplicationDispatcher.java:385)
	at org.apache.catalina.core.ApplicationDispatcher.forward(ApplicationDispatcher.java:313)
	at org.wso2.carbon.identity.application.authentication.endpoint.util.filter.AuthenticationEndpointFilter.doFilter(AuthenticationEndpointFilter.java:188)
	at org.apache.catalina.core.ApplicationFilterChain.internalDoFilter(ApplicationFilterChain.java:189)
	at org.apache.catalina.core.ApplicationFilterChain.doFilter(ApplicationFilterChain.java:162)
	at org.wso2.carbon.identity.application.authentication.endpoint.util.filter.AuthParameterFilter.doFilter(AuthParameterFilter.java:83)
	at org.apache.catalina.core.ApplicationFilterChain.internalDoFilter(ApplicationFilterChain.java:189)
	at org.apache.catalina.core.ApplicationFilterChain.doFilter(ApplicationFilterChain.java:162)
	at org.apache.catalina.filters.HttpHeaderSecurityFilter.doFilter(HttpHeaderSecurityFilter.java:126)
	at org.apache.catalina.core.ApplicationFilterChain.internalDoFilter(ApplicationFilterChain.java:189)
	at org.apache.catalina.core.ApplicationFilterChain.doFilter(ApplicationFilterChain.java:162)
	at org.apache.catalina.core.StandardWrapperValve.invoke(StandardWrapperValve.java:197)
	at org.apache.catalina.core.StandardContextValve.invoke(StandardContextValve.java:97)
	at org.apache.catalina.authenticator.AuthenticatorBase.invoke(AuthenticatorBase.java:540)
	at org.apache.catalina.core.StandardHostValve.invoke(StandardHostValve.java:135)
	at org.apache.catalina.valves.ErrorReportValve.invoke(ErrorReportValve.java:92)
	at org.wso2.carbon.identity.context.rewrite.valve.TenantContextRewriteValve.invoke(TenantContextRewriteValve.java:119)
	at org.wso2.carbon.identity.context.rewrite.valve.OrganizationContextRewriteValve.invoke(OrganizationContextRewriteValve.java:115)
	at org.wso2.carbon.tomcat.ext.valves.SameSiteCookieValve.invoke(SameSiteCookieValve.java:38)
	at org.wso2.carbon.identity.cors.valve.CORSValve.invoke(CORSValve.java:83)
	at org.wso2.carbon.identity.authz.valve.AuthorizationValve.invoke(AuthorizationValve.java:185)
	at org.wso2.carbon.identity.auth.valve.AuthenticationValve.invoke(AuthenticationValve.java:120)
	at org.wso2.carbon.tomcat.ext.valves.CompositeValve.continueInvocation(CompositeValve.java:110)
	at org.wso2.carbon.tomcat.ext.valves.TomcatValveContainer.invokeValves(TomcatValveContainer.java:49)
	at org.wso2.carbon.tomcat.ext.valves.CompositeValve.invoke(CompositeValve.java:71)
	at org.wso2.carbon.tomcat.ext.valves.CarbonStuckThreadDetectionValve.invoke(CarbonStuckThreadDetectionValve.java:152)
	at org.apache.catalina.valves.AbstractAccessLogValve.invoke(AbstractAccessLogValve.java:687)
	at org.wso2.carbon.tomcat.ext.valves.CarbonContextCreatorValve.invoke(CarbonContextCreatorValve.java:63)
	at org.wso2.carbon.tomcat.ext.valves.RequestEncodingValve.invoke(RequestEncodingValve.java:49)
	at org.wso2.carbon.tomcat.ext.valves.RequestCorrelationIdValve.invoke(RequestCorrelationIdValve.java:137)
	at org.apache.catalina.core.StandardEngineValve.invoke(StandardEngineValve.java:78)
	at org.apache.catalina.connector.CoyoteAdapter.service(CoyoteAdapter.java:359)
	at org.apache.coyote.http11.Http11Processor.service(Http11Processor.java:399)
	at org.apache.coyote.AbstractProcessorLight.process(AbstractProcessorLight.java:65)
	at org.apache.coyote.AbstractProtocol$ConnectionHandler.process(AbstractProtocol.java:889)
	at org.apache.tomcat.util.net.NioEndpoint$SocketProcessor.doRun(NioEndpoint.java:1735)
	at org.apache.tomcat.util.net.SocketProcessorBase.run(SocketProcessorBase.java:49)
	at org.apache.tomcat.util.threads.ThreadPoolExecutor.runWorker(ThreadPoolExecutor.java:1191)
	at org.apache.tomcat.util.threads.ThreadPoolExecutor$Worker.run(ThreadPoolExecutor.java:659)
	at org.apache.tomcat.util.threads.TaskThread$WrappingRunnable.run(TaskThread.java:61)
	at java.base/java.lang.Thread.run(Thread.java:834)

TID: [-1234] [] [2025-03-27 07:56:07,156] [9bcfa051-4d5e-4a31-ba11-69880214764f]  INFO {org.wso2.carbon.core.services.util.CarbonAuthenticationUtil} - 'admin@carbon.super [-1234]' logged in at [2025-03-27 07:56:07,156+0000]
TID: [-1234] [] [2025-03-27 08:25:58,259] [3a447503-f48c-4698-bef2-2d7b3c1cd964]  WARN {org.wso2.carbon.identity.application.authentication.framework.CommonAuthenticationHandler} - Session nonce cookie validation has failed for the sessionDataKey: ca2b12f3-e284-4e25-93db-e83c68591966. Hence, restarting the login flow.
TID: [-1234] [] [2025-03-27 08:27:26,644] [ebc2db2f-f69a-4bbf-adf3-5b7bb718dcf4]  INFO {org.wso2.carbon.core.services.util.CarbonAuthenticationUtil} - 'admin@carbon.super [-1234]' logged in at [2025-03-27 08:27:26,644+0000]
TID: [-1234] [] [2025-03-27 08:28:43,003] [79225da4-e365-4081-963f-3e7369ddfd9e]  INFO {org.wso2.carbon.core.services.util.CarbonAuthenticationUtil} - 'admin@carbon.super [-1234]' logged in at [2025-03-27 08:28:43,003+0000]
TID: [-1234] [] [2025-03-27 09:08:10,483] [7bbb2a74-d4eb-472c-b6b5-d523a3e20ead] ERROR {org.wso2.carbon.identity.sample.local.authenticator.global.defaultotp.DefaultOtpAuthenticator} - 

===========================================

{
  "type": "ERROR",
  "author": "wso2.carbon.identity.sample.local.authenticator",
  "logName": "wso2.carbon.identity.sample.local.authenticator_Custom Authenticator",
  "title": "DEFAULT_OTP_AUTHENTICATION_FAILED",
  "message": "DEFAULT_OTP_AUTHENTICATION_FAILED"
}

===========================================


TID: [-1234] [] [2025-03-27 09:28:31,459] [77975c73-ff09-48cc-b742-33dcf6dae59e] ERROR {org.wso2.carbon.identity.application.authentication.framework.handler.request.impl.DefaultRequestCoordinator} - Context does not exist. Probably due to invalidated cache. Requested client: 10.151.131.171, URI :GET:/commonauth, User-Agent: Mozilla/5.0 (Windows NT 10.0; Win64; x64) AppleWebKit/537.36 (KHTML, like Gecko) Chrome/134.0.0.0 Safari/537.36 , Referer: null
TID: [-1234] [] [2025-03-27 09:28:31,460] [77975c73-ff09-48cc-b742-33dcf6dae59e]  WARN {org.wso2.carbon.identity.application.authentication.framework.handler.request.impl.DefaultRequestCoordinator} - Authentication context is null, redirect parameter filtering will not be done for null
TID: [-1234] [] [2025-03-27 09:37:31,629] [e1909710-27a1-45a6-8f29-e81111e215a8] ERROR {org.wso2.carbon.identity.application.authentication.framework.handler.request.impl.DefaultRequestCoordinator} - Context does not exist. Probably due to invalidated cache. Requested client: 10.151.131.171, URI :GET:/commonauth, User-Agent: TelegramBot (like TwitterBot) , Referer: null
TID: [-1234] [] [2025-03-27 09:37:31,629] [e1909710-27a1-45a6-8f29-e81111e215a8]  WARN {org.wso2.carbon.identity.application.authentication.framework.handler.request.impl.DefaultRequestCoordinator} - Authentication context is null, redirect parameter filtering will not be done for null
TID: [-1234] [oauth2] [2025-03-27 09:38:02,318] [3663c223-64a7-4240-9060-0b2a52310719]  WARN {org.wso2.carbon.identity.oauth2.authz.validators.AbstractResponseTypeRequestValidator} - Provided Callback URL does not match with the registered one.
TID: [-1234] [] [2025-03-27 09:42:10,834] [ad5f6af5-d985-4ed9-a47b-54c2d150e75e] ERROR {org.wso2.custom.auth.functions.GetUsernameFromMappingClaimImpl} - 



thanhnd20
===ERROR===
Index 0 out of bounds for length 0




TID: [-1234] [authenticationendpoint] [2025-03-27 09:42:10,992] [9758de42-0213-411e-9d21-dbbe6e00c424] ERROR {org.apache.catalina.core.ContainerBase.[Catalina].[localhost].[/authenticationendpoint].[jsp]} - Servlet.service() for servlet [jsp] in context with path [/authenticationendpoint] threw exception [org.apache.jasper.JasperException: Unable to compile class for JSP] with root cause java.lang.NullPointerException
	at org.apache.jasper.JspCompilationContext.getTldResourcePath(JspCompilationContext.java:571)
	at org.apache.jasper.compiler.Parser.parseTaglibDirective(Parser.java:434)
	at org.apache.jasper.compiler.Parser.parseDirective(Parser.java:493)
	at org.apache.jasper.compiler.Parser.parseElements(Parser.java:1450)
	at org.apache.jasper.compiler.Parser.parse(Parser.java:144)
	at org.apache.jasper.compiler.ParserController.doParse(ParserController.java:244)
	at org.apache.jasper.compiler.ParserController.parse(ParserController.java:105)
	at org.apache.jasper.compiler.Compiler.generateJava(Compiler.java:206)
	at org.apache.jasper.compiler.Compiler.compile(Compiler.java:391)
	at org.apache.jasper.compiler.Compiler.compile(Compiler.java:367)
	at org.apache.jasper.compiler.Compiler.compile(Compiler.java:351)
	at org.apache.jasper.JspCompilationContext.compile(JspCompilationContext.java:605)
	at org.apache.jasper.servlet.JspServletWrapper.service(JspServletWrapper.java:399)
	at org.apache.jasper.servlet.JspServlet.serviceJspFile(JspServlet.java:379)
	at org.apache.jasper.servlet.JspServlet.service(JspServlet.java:327)
	at javax.servlet.http.HttpServlet.service(HttpServlet.java:764)
	at org.apache.catalina.core.ApplicationFilterChain.internalDoFilter(ApplicationFilterChain.java:227)
	at org.apache.catalina.core.ApplicationFilterChain.doFilter(ApplicationFilterChain.java:162)
	at org.apache.tomcat.websocket.server.WsFilter.doFilter(WsFilter.java:53)
	at org.apache.catalina.core.ApplicationFilterChain.internalDoFilter(ApplicationFilterChain.java:189)
	at org.apache.catalina.core.ApplicationFilterChain.doFilter(ApplicationFilterChain.java:162)
	at org.wso2.carbon.identity.custom.header.filter.CustomHeaderFilter.doFilter(CustomHeaderFilter.java:32)
	at org.apache.catalina.core.ApplicationFilterChain.internalDoFilter(ApplicationFilterChain.java:189)
	at org.apache.catalina.core.ApplicationFilterChain.doFilter(ApplicationFilterChain.java:162)
	at org.apache.catalina.filters.HttpHeaderSecurityFilter.doFilter(HttpHeaderSecurityFilter.java:126)
	at org.apache.catalina.core.ApplicationFilterChain.internalDoFilter(ApplicationFilterChain.java:189)
	at org.apache.catalina.core.ApplicationFilterChain.doFilter(ApplicationFilterChain.java:162)
	at org.wso2.carbon.tomcat.ext.filter.ContentTypeBasedCachePreventionFilter.doFilter(ContentTypeBasedCachePreventionFilter.java:51)
	at org.apache.catalina.core.ApplicationFilterChain.internalDoFilter(ApplicationFilterChain.java:189)
	at org.apache.catalina.core.ApplicationFilterChain.doFilter(ApplicationFilterChain.java:162)
	at org.wso2.carbon.identity.application.authentication.endpoint.util.filter.AuthenticationEndpointFilter.doFilter(AuthenticationEndpointFilter.java:190)
	at org.apache.catalina.core.ApplicationFilterChain.internalDoFilter(ApplicationFilterChain.java:189)
	at org.apache.catalina.core.ApplicationFilterChain.doFilter(ApplicationFilterChain.java:162)
	at org.wso2.carbon.identity.application.authentication.endpoint.util.filter.AuthParameterFilter.doFilter(AuthParameterFilter.java:83)
	at org.apache.catalina.core.ApplicationFilterChain.internalDoFilter(ApplicationFilterChain.java:189)
	at org.apache.catalina.core.ApplicationFilterChain.doFilter(ApplicationFilterChain.java:162)
	at org.apache.catalina.filters.HttpHeaderSecurityFilter.doFilter(HttpHeaderSecurityFilter.java:126)
	at org.apache.catalina.core.ApplicationFilterChain.internalDoFilter(ApplicationFilterChain.java:189)
	at org.apache.catalina.core.ApplicationFilterChain.doFilter(ApplicationFilterChain.java:162)
	at org.apache.catalina.core.StandardWrapperValve.invoke(StandardWrapperValve.java:197)
	at org.apache.catalina.core.StandardContextValve.invoke(StandardContextValve.java:97)
	at org.apache.catalina.authenticator.AuthenticatorBase.invoke(AuthenticatorBase.java:540)
	at org.apache.catalina.core.StandardHostValve.invoke(StandardHostValve.java:135)
	at org.apache.catalina.valves.ErrorReportValve.invoke(ErrorReportValve.java:92)
	at org.wso2.carbon.identity.context.rewrite.valve.TenantContextRewriteValve.invoke(TenantContextRewriteValve.java:119)
	at org.wso2.carbon.identity.context.rewrite.valve.OrganizationContextRewriteValve.invoke(OrganizationContextRewriteValve.java:115)
	at org.wso2.carbon.tomcat.ext.valves.SameSiteCookieValve.invoke(SameSiteCookieValve.java:38)
	at org.wso2.carbon.identity.cors.valve.CORSValve.invoke(CORSValve.java:83)
	at org.wso2.carbon.identity.authz.valve.AuthorizationValve.invoke(AuthorizationValve.java:185)
	at org.wso2.carbon.identity.auth.valve.AuthenticationValve.invoke(AuthenticationValve.java:120)
	at org.wso2.carbon.tomcat.ext.valves.CompositeValve.continueInvocation(CompositeValve.java:110)
	at org.wso2.carbon.tomcat.ext.valves.TomcatValveContainer.invokeValves(TomcatValveContainer.java:49)
	at org.wso2.carbon.tomcat.ext.valves.CompositeValve.invoke(CompositeValve.java:71)
	at org.wso2.carbon.tomcat.ext.valves.CarbonStuckThreadDetectionValve.invoke(CarbonStuckThreadDetectionValve.java:152)
	at org.apache.catalina.valves.AbstractAccessLogValve.invoke(AbstractAccessLogValve.java:687)
	at org.wso2.carbon.tomcat.ext.valves.CarbonContextCreatorValve.invoke(CarbonContextCreatorValve.java:63)
	at org.wso2.carbon.tomcat.ext.valves.RequestEncodingValve.invoke(RequestEncodingValve.java:49)
	at org.wso2.carbon.tomcat.ext.valves.RequestCorrelationIdValve.invoke(RequestCorrelationIdValve.java:137)
	at org.apache.catalina.core.StandardEngineValve.invoke(StandardEngineValve.java:78)
	at org.apache.catalina.connector.CoyoteAdapter.service(CoyoteAdapter.java:359)
	at org.apache.coyote.http11.Http11Processor.service(Http11Processor.java:399)
	at org.apache.coyote.AbstractProcessorLight.process(AbstractProcessorLight.java:65)
	at org.apache.coyote.AbstractProtocol$ConnectionHandler.process(AbstractProtocol.java:889)
	at org.apache.tomcat.util.net.NioEndpoint$SocketProcessor.doRun(NioEndpoint.java:1735)
	at org.apache.tomcat.util.net.SocketProcessorBase.run(SocketProcessorBase.java:49)
	at org.apache.tomcat.util.threads.ThreadPoolExecutor.runWorker(ThreadPoolExecutor.java:1191)
	at org.apache.tomcat.util.threads.ThreadPoolExecutor$Worker.run(ThreadPoolExecutor.java:659)
	at org.apache.tomcat.util.threads.TaskThread$WrappingRunnable.run(TaskThread.java:61)
	at java.base/java.lang.Thread.run(Thread.java:834)

TID: [-1234] [] [2025-03-27 09:43:28,090] [7e70310c-ff06-4cb2-abd4-4317239d266e] ERROR {org.wso2.custom.auth.functions.GetUsernameFromMappingClaimImpl} - 



thanhnd20
===ERROR===
Index 0 out of bounds for length 0




TID: [-1234] [authenticationendpoint] [2025-03-27 09:43:28,116] [721f957e-a03e-4c44-80b0-3845b3c3d6b3] ERROR {org.apache.catalina.core.ContainerBase.[Catalina].[localhost].[/authenticationendpoint].[jsp]} - Servlet.service() for servlet [jsp] in context with path [/authenticationendpoint] threw exception [org.apache.jasper.JasperException: Unable to compile class for JSP] with root cause java.lang.NullPointerException
	at org.apache.jasper.JspCompilationContext.getTldResourcePath(JspCompilationContext.java:571)
	at org.apache.jasper.compiler.Parser.parseTaglibDirective(Parser.java:434)
	at org.apache.jasper.compiler.Parser.parseDirective(Parser.java:493)
	at org.apache.jasper.compiler.Parser.parseElements(Parser.java:1450)
	at org.apache.jasper.compiler.Parser.parse(Parser.java:144)
	at org.apache.jasper.compiler.ParserController.doParse(ParserController.java:244)
	at org.apache.jasper.compiler.ParserController.parse(ParserController.java:105)
	at org.apache.jasper.compiler.Compiler.generateJava(Compiler.java:206)
	at org.apache.jasper.compiler.Compiler.compile(Compiler.java:391)
	at org.apache.jasper.compiler.Compiler.compile(Compiler.java:367)
	at org.apache.jasper.compiler.Compiler.compile(Compiler.java:351)
	at org.apache.jasper.JspCompilationContext.compile(JspCompilationContext.java:605)
	at org.apache.jasper.servlet.JspServletWrapper.service(JspServletWrapper.java:399)
	at org.apache.jasper.servlet.JspServlet.serviceJspFile(JspServlet.java:379)
	at org.apache.jasper.servlet.JspServlet.service(JspServlet.java:327)
	at javax.servlet.http.HttpServlet.service(HttpServlet.java:764)
	at org.apache.catalina.core.ApplicationFilterChain.internalDoFilter(ApplicationFilterChain.java:227)
	at org.apache.catalina.core.ApplicationFilterChain.doFilter(ApplicationFilterChain.java:162)
	at org.apache.tomcat.websocket.server.WsFilter.doFilter(WsFilter.java:53)
	at org.apache.catalina.core.ApplicationFilterChain.internalDoFilter(ApplicationFilterChain.java:189)
	at org.apache.catalina.core.ApplicationFilterChain.doFilter(ApplicationFilterChain.java:162)
	at org.wso2.carbon.identity.custom.header.filter.CustomHeaderFilter.doFilter(CustomHeaderFilter.java:32)
	at org.apache.catalina.core.ApplicationFilterChain.internalDoFilter(ApplicationFilterChain.java:189)
	at org.apache.catalina.core.ApplicationFilterChain.doFilter(ApplicationFilterChain.java:162)
	at org.apache.catalina.filters.HttpHeaderSecurityFilter.doFilter(HttpHeaderSecurityFilter.java:126)
	at org.apache.catalina.core.ApplicationFilterChain.internalDoFilter(ApplicationFilterChain.java:189)
	at org.apache.catalina.core.ApplicationFilterChain.doFilter(ApplicationFilterChain.java:162)
	at org.wso2.carbon.tomcat.ext.filter.ContentTypeBasedCachePreventionFilter.doFilter(ContentTypeBasedCachePreventionFilter.java:51)
	at org.apache.catalina.core.ApplicationFilterChain.internalDoFilter(ApplicationFilterChain.java:189)
	at org.apache.catalina.core.ApplicationFilterChain.doFilter(ApplicationFilterChain.java:162)
	at org.wso2.carbon.identity.application.authentication.endpoint.util.filter.AuthenticationEndpointFilter.doFilter(AuthenticationEndpointFilter.java:190)
	at org.apache.catalina.core.ApplicationFilterChain.internalDoFilter(ApplicationFilterChain.java:189)
	at org.apache.catalina.core.ApplicationFilterChain.doFilter(ApplicationFilterChain.java:162)
	at org.wso2.carbon.identity.application.authentication.endpoint.util.filter.AuthParameterFilter.doFilter(AuthParameterFilter.java:83)
	at org.apache.catalina.core.ApplicationFilterChain.internalDoFilter(ApplicationFilterChain.java:189)
	at org.apache.catalina.core.ApplicationFilterChain.doFilter(ApplicationFilterChain.java:162)
	at org.apache.catalina.filters.HttpHeaderSecurityFilter.doFilter(HttpHeaderSecurityFilter.java:126)
	at org.apache.catalina.core.ApplicationFilterChain.internalDoFilter(ApplicationFilterChain.java:189)
	at org.apache.catalina.core.ApplicationFilterChain.doFilter(ApplicationFilterChain.java:162)
	at org.apache.catalina.core.StandardWrapperValve.invoke(StandardWrapperValve.java:197)
	at org.apache.catalina.core.StandardContextValve.invoke(StandardContextValve.java:97)
	at org.apache.catalina.authenticator.AuthenticatorBase.invoke(AuthenticatorBase.java:540)
	at org.apache.catalina.core.StandardHostValve.invoke(StandardHostValve.java:135)
	at org.apache.catalina.valves.ErrorReportValve.invoke(ErrorReportValve.java:92)
	at org.wso2.carbon.identity.context.rewrite.valve.TenantContextRewriteValve.invoke(TenantContextRewriteValve.java:119)
	at org.wso2.carbon.identity.context.rewrite.valve.OrganizationContextRewriteValve.invoke(OrganizationContextRewriteValve.java:115)
	at org.wso2.carbon.tomcat.ext.valves.SameSiteCookieValve.invoke(SameSiteCookieValve.java:38)
	at org.wso2.carbon.identity.cors.valve.CORSValve.invoke(CORSValve.java:83)
	at org.wso2.carbon.identity.authz.valve.AuthorizationValve.invoke(AuthorizationValve.java:185)
	at org.wso2.carbon.identity.auth.valve.AuthenticationValve.invoke(AuthenticationValve.java:120)
	at org.wso2.carbon.tomcat.ext.valves.CompositeValve.continueInvocation(CompositeValve.java:110)
	at org.wso2.carbon.tomcat.ext.valves.TomcatValveContainer.invokeValves(TomcatValveContainer.java:49)
	at org.wso2.carbon.tomcat.ext.valves.CompositeValve.invoke(CompositeValve.java:71)
	at org.wso2.carbon.tomcat.ext.valves.CarbonStuckThreadDetectionValve.invoke(CarbonStuckThreadDetectionValve.java:152)
	at org.apache.catalina.valves.AbstractAccessLogValve.invoke(AbstractAccessLogValve.java:687)
	at org.wso2.carbon.tomcat.ext.valves.CarbonContextCreatorValve.invoke(CarbonContextCreatorValve.java:63)
	at org.wso2.carbon.tomcat.ext.valves.RequestEncodingValve.invoke(RequestEncodingValve.java:49)
	at org.wso2.carbon.tomcat.ext.valves.RequestCorrelationIdValve.invoke(RequestCorrelationIdValve.java:137)
	at org.apache.catalina.core.StandardEngineValve.invoke(StandardEngineValve.java:78)
	at org.apache.catalina.connector.CoyoteAdapter.service(CoyoteAdapter.java:359)
	at org.apache.coyote.http11.Http11Processor.service(Http11Processor.java:399)
	at org.apache.coyote.AbstractProcessorLight.process(AbstractProcessorLight.java:65)
	at org.apache.coyote.AbstractProtocol$ConnectionHandler.process(AbstractProtocol.java:889)
	at org.apache.tomcat.util.net.NioEndpoint$SocketProcessor.doRun(NioEndpoint.java:1735)
	at org.apache.tomcat.util.net.SocketProcessorBase.run(SocketProcessorBase.java:49)
	at org.apache.tomcat.util.threads.ThreadPoolExecutor.runWorker(ThreadPoolExecutor.java:1191)
	at org.apache.tomcat.util.threads.ThreadPoolExecutor$Worker.run(ThreadPoolExecutor.java:659)
	at org.apache.tomcat.util.threads.TaskThread$WrappingRunnable.run(TaskThread.java:61)
	at java.base/java.lang.Thread.run(Thread.java:834)

TID: [-1234] [authenticationendpoint] [2025-03-27 09:45:38,686] [75d11098-7afd-408a-a610-a88657394dd6] ERROR {org.apache.catalina.core.ContainerBase.[Catalina].[localhost].[/authenticationendpoint].[jsp]} - Servlet.service() for servlet [jsp] in context with path [/authenticationendpoint] threw exception [org.apache.jasper.JasperException: Unable to compile class for JSP] with root cause java.lang.NullPointerException
	at org.apache.jasper.JspCompilationContext.getTldResourcePath(JspCompilationContext.java:571)
	at org.apache.jasper.compiler.Parser.parseTaglibDirective(Parser.java:434)
	at org.apache.jasper.compiler.Parser.parseDirective(Parser.java:493)
	at org.apache.jasper.compiler.Parser.parseElements(Parser.java:1450)
	at org.apache.jasper.compiler.Parser.parse(Parser.java:144)
	at org.apache.jasper.compiler.ParserController.doParse(ParserController.java:244)
	at org.apache.jasper.compiler.ParserController.parse(ParserController.java:105)
	at org.apache.jasper.compiler.Compiler.generateJava(Compiler.java:206)
	at org.apache.jasper.compiler.Compiler.compile(Compiler.java:391)
	at org.apache.jasper.compiler.Compiler.compile(Compiler.java:367)
	at org.apache.jasper.compiler.Compiler.compile(Compiler.java:351)
	at org.apache.jasper.JspCompilationContext.compile(JspCompilationContext.java:605)
	at org.apache.jasper.servlet.JspServletWrapper.service(JspServletWrapper.java:399)
	at org.apache.jasper.servlet.JspServlet.serviceJspFile(JspServlet.java:379)
	at org.apache.jasper.servlet.JspServlet.service(JspServlet.java:327)
	at javax.servlet.http.HttpServlet.service(HttpServlet.java:764)
	at org.apache.catalina.core.ApplicationFilterChain.internalDoFilter(ApplicationFilterChain.java:227)
	at org.apache.catalina.core.ApplicationFilterChain.doFilter(ApplicationFilterChain.java:162)
	at org.apache.tomcat.websocket.server.WsFilter.doFilter(WsFilter.java:53)
	at org.apache.catalina.core.ApplicationFilterChain.internalDoFilter(ApplicationFilterChain.java:189)
	at org.apache.catalina.core.ApplicationFilterChain.doFilter(ApplicationFilterChain.java:162)
	at org.wso2.carbon.identity.custom.header.filter.CustomHeaderFilter.doFilter(CustomHeaderFilter.java:32)
	at org.apache.catalina.core.ApplicationFilterChain.internalDoFilter(ApplicationFilterChain.java:189)
	at org.apache.catalina.core.ApplicationFilterChain.doFilter(ApplicationFilterChain.java:162)
	at org.apache.catalina.filters.HttpHeaderSecurityFilter.doFilter(HttpHeaderSecurityFilter.java:126)
	at org.apache.catalina.core.ApplicationFilterChain.internalDoFilter(ApplicationFilterChain.java:189)
	at org.apache.catalina.core.ApplicationFilterChain.doFilter(ApplicationFilterChain.java:162)
	at org.wso2.carbon.tomcat.ext.filter.ContentTypeBasedCachePreventionFilter.doFilter(ContentTypeBasedCachePreventionFilter.java:51)
	at org.apache.catalina.core.ApplicationFilterChain.internalDoFilter(ApplicationFilterChain.java:189)
	at org.apache.catalina.core.ApplicationFilterChain.doFilter(ApplicationFilterChain.java:162)
	at org.wso2.carbon.identity.application.authentication.endpoint.util.filter.AuthenticationEndpointFilter.doFilter(AuthenticationEndpointFilter.java:190)
	at org.apache.catalina.core.ApplicationFilterChain.internalDoFilter(ApplicationFilterChain.java:189)
	at org.apache.catalina.core.ApplicationFilterChain.doFilter(ApplicationFilterChain.java:162)
	at org.wso2.carbon.identity.application.authentication.endpoint.util.filter.AuthParameterFilter.doFilter(AuthParameterFilter.java:83)
	at org.apache.catalina.core.ApplicationFilterChain.internalDoFilter(ApplicationFilterChain.java:189)
	at org.apache.catalina.core.ApplicationFilterChain.doFilter(ApplicationFilterChain.java:162)
	at org.apache.catalina.filters.HttpHeaderSecurityFilter.doFilter(HttpHeaderSecurityFilter.java:126)
	at org.apache.catalina.core.ApplicationFilterChain.internalDoFilter(ApplicationFilterChain.java:189)
	at org.apache.catalina.core.ApplicationFilterChain.doFilter(ApplicationFilterChain.java:162)
	at org.apache.catalina.core.StandardWrapperValve.invoke(StandardWrapperValve.java:197)
	at org.apache.catalina.core.StandardContextValve.invoke(StandardContextValve.java:97)
	at org.apache.catalina.authenticator.AuthenticatorBase.invoke(AuthenticatorBase.java:540)
	at org.apache.catalina.core.StandardHostValve.invoke(StandardHostValve.java:135)
	at org.apache.catalina.valves.ErrorReportValve.invoke(ErrorReportValve.java:92)
	at org.wso2.carbon.identity.context.rewrite.valve.TenantContextRewriteValve.invoke(TenantContextRewriteValve.java:119)
	at org.wso2.carbon.identity.context.rewrite.valve.OrganizationContextRewriteValve.invoke(OrganizationContextRewriteValve.java:115)
	at org.wso2.carbon.tomcat.ext.valves.SameSiteCookieValve.invoke(SameSiteCookieValve.java:38)
	at org.wso2.carbon.identity.cors.valve.CORSValve.invoke(CORSValve.java:83)
	at org.wso2.carbon.identity.authz.valve.AuthorizationValve.invoke(AuthorizationValve.java:185)
	at org.wso2.carbon.identity.auth.valve.AuthenticationValve.invoke(AuthenticationValve.java:120)
	at org.wso2.carbon.tomcat.ext.valves.CompositeValve.continueInvocation(CompositeValve.java:110)
	at org.wso2.carbon.tomcat.ext.valves.TomcatValveContainer.invokeValves(TomcatValveContainer.java:49)
	at org.wso2.carbon.tomcat.ext.valves.CompositeValve.invoke(CompositeValve.java:71)
	at org.wso2.carbon.tomcat.ext.valves.CarbonStuckThreadDetectionValve.invoke(CarbonStuckThreadDetectionValve.java:152)
	at org.apache.catalina.valves.AbstractAccessLogValve.invoke(AbstractAccessLogValve.java:687)
	at org.wso2.carbon.tomcat.ext.valves.CarbonContextCreatorValve.invoke(CarbonContextCreatorValve.java:63)
	at org.wso2.carbon.tomcat.ext.valves.RequestEncodingValve.invoke(RequestEncodingValve.java:49)
	at org.wso2.carbon.tomcat.ext.valves.RequestCorrelationIdValve.invoke(RequestCorrelationIdValve.java:137)
	at org.apache.catalina.core.StandardEngineValve.invoke(StandardEngineValve.java:78)
	at org.apache.catalina.connector.CoyoteAdapter.service(CoyoteAdapter.java:359)
	at org.apache.coyote.http11.Http11Processor.service(Http11Processor.java:399)
	at org.apache.coyote.AbstractProcessorLight.process(AbstractProcessorLight.java:65)
	at org.apache.coyote.AbstractProtocol$ConnectionHandler.process(AbstractProtocol.java:889)
	at org.apache.tomcat.util.net.NioEndpoint$SocketProcessor.doRun(NioEndpoint.java:1735)
	at org.apache.tomcat.util.net.SocketProcessorBase.run(SocketProcessorBase.java:49)
	at org.apache.tomcat.util.threads.ThreadPoolExecutor.runWorker(ThreadPoolExecutor.java:1191)
	at org.apache.tomcat.util.threads.ThreadPoolExecutor$Worker.run(ThreadPoolExecutor.java:659)
	at org.apache.tomcat.util.threads.TaskThread$WrappingRunnable.run(TaskThread.java:61)
	at java.base/java.lang.Thread.run(Thread.java:834)

TID: [-1234] [authenticationendpoint] [2025-03-27 09:48:03,868] [1e5bd6c5-d577-4ce3-9b4a-4dd1d0a9267b] ERROR {org.apache.catalina.core.ContainerBase.[Catalina].[localhost].[/authenticationendpoint].[jsp]} - Servlet.service() for servlet [jsp] in context with path [/authenticationendpoint] threw exception [org.apache.jasper.JasperException: Unable to compile class for JSP] with root cause java.lang.NullPointerException
	at org.apache.jasper.JspCompilationContext.getTldResourcePath(JspCompilationContext.java:571)
	at org.apache.jasper.compiler.Parser.parseTaglibDirective(Parser.java:434)
	at org.apache.jasper.compiler.Parser.parseDirective(Parser.java:493)
	at org.apache.jasper.compiler.Parser.parseElements(Parser.java:1450)
	at org.apache.jasper.compiler.Parser.parse(Parser.java:144)
	at org.apache.jasper.compiler.ParserController.doParse(ParserController.java:244)
	at org.apache.jasper.compiler.ParserController.parse(ParserController.java:105)
	at org.apache.jasper.compiler.Compiler.generateJava(Compiler.java:206)
	at org.apache.jasper.compiler.Compiler.compile(Compiler.java:391)
	at org.apache.jasper.compiler.Compiler.compile(Compiler.java:367)
	at org.apache.jasper.compiler.Compiler.compile(Compiler.java:351)
	at org.apache.jasper.JspCompilationContext.compile(JspCompilationContext.java:605)
	at org.apache.jasper.servlet.JspServletWrapper.service(JspServletWrapper.java:399)
	at org.apache.jasper.servlet.JspServlet.serviceJspFile(JspServlet.java:379)
	at org.apache.jasper.servlet.JspServlet.service(JspServlet.java:327)
	at javax.servlet.http.HttpServlet.service(HttpServlet.java:764)
	at org.apache.catalina.core.ApplicationFilterChain.internalDoFilter(ApplicationFilterChain.java:227)
	at org.apache.catalina.core.ApplicationFilterChain.doFilter(ApplicationFilterChain.java:162)
	at org.apache.tomcat.websocket.server.WsFilter.doFilter(WsFilter.java:53)
	at org.apache.catalina.core.ApplicationFilterChain.internalDoFilter(ApplicationFilterChain.java:189)
	at org.apache.catalina.core.ApplicationFilterChain.doFilter(ApplicationFilterChain.java:162)
	at org.wso2.carbon.identity.custom.header.filter.CustomHeaderFilter.doFilter(CustomHeaderFilter.java:32)
	at org.apache.catalina.core.ApplicationFilterChain.internalDoFilter(ApplicationFilterChain.java:189)
	at org.apache.catalina.core.ApplicationFilterChain.doFilter(ApplicationFilterChain.java:162)
	at org.apache.catalina.filters.HttpHeaderSecurityFilter.doFilter(HttpHeaderSecurityFilter.java:126)
	at org.apache.catalina.core.ApplicationFilterChain.internalDoFilter(ApplicationFilterChain.java:189)
	at org.apache.catalina.core.ApplicationFilterChain.doFilter(ApplicationFilterChain.java:162)
	at org.wso2.carbon.tomcat.ext.filter.ContentTypeBasedCachePreventionFilter.doFilter(ContentTypeBasedCachePreventionFilter.java:51)
	at org.apache.catalina.core.ApplicationFilterChain.internalDoFilter(ApplicationFilterChain.java:189)
	at org.apache.catalina.core.ApplicationFilterChain.doFilter(ApplicationFilterChain.java:162)
	at org.wso2.carbon.identity.application.authentication.endpoint.util.filter.AuthenticationEndpointFilter.doFilter(AuthenticationEndpointFilter.java:190)
	at org.apache.catalina.core.ApplicationFilterChain.internalDoFilter(ApplicationFilterChain.java:189)
	at org.apache.catalina.core.ApplicationFilterChain.doFilter(ApplicationFilterChain.java:162)
	at org.wso2.carbon.identity.application.authentication.endpoint.util.filter.AuthParameterFilter.doFilter(AuthParameterFilter.java:83)
	at org.apache.catalina.core.ApplicationFilterChain.internalDoFilter(ApplicationFilterChain.java:189)
	at org.apache.catalina.core.ApplicationFilterChain.doFilter(ApplicationFilterChain.java:162)
	at org.apache.catalina.filters.HttpHeaderSecurityFilter.doFilter(HttpHeaderSecurityFilter.java:126)
	at org.apache.catalina.core.ApplicationFilterChain.internalDoFilter(ApplicationFilterChain.java:189)
	at org.apache.catalina.core.ApplicationFilterChain.doFilter(ApplicationFilterChain.java:162)
	at org.apache.catalina.core.StandardWrapperValve.invoke(StandardWrapperValve.java:197)
	at org.apache.catalina.core.StandardContextValve.invoke(StandardContextValve.java:97)
	at org.apache.catalina.authenticator.AuthenticatorBase.invoke(AuthenticatorBase.java:540)
	at org.apache.catalina.core.StandardHostValve.invoke(StandardHostValve.java:135)
	at org.apache.catalina.valves.ErrorReportValve.invoke(ErrorReportValve.java:92)
	at org.wso2.carbon.identity.context.rewrite.valve.TenantContextRewriteValve.invoke(TenantContextRewriteValve.java:119)
	at org.wso2.carbon.identity.context.rewrite.valve.OrganizationContextRewriteValve.invoke(OrganizationContextRewriteValve.java:115)
	at org.wso2.carbon.tomcat.ext.valves.SameSiteCookieValve.invoke(SameSiteCookieValve.java:38)
	at org.wso2.carbon.identity.cors.valve.CORSValve.invoke(CORSValve.java:83)
	at org.wso2.carbon.identity.authz.valve.AuthorizationValve.invoke(AuthorizationValve.java:185)
	at org.wso2.carbon.identity.auth.valve.AuthenticationValve.invoke(AuthenticationValve.java:120)
	at org.wso2.carbon.tomcat.ext.valves.CompositeValve.continueInvocation(CompositeValve.java:110)
	at org.wso2.carbon.tomcat.ext.valves.TomcatValveContainer.invokeValves(TomcatValveContainer.java:49)
	at org.wso2.carbon.tomcat.ext.valves.CompositeValve.invoke(CompositeValve.java:71)
	at org.wso2.carbon.tomcat.ext.valves.CarbonStuckThreadDetectionValve.invoke(CarbonStuckThreadDetectionValve.java:152)
	at org.apache.catalina.valves.AbstractAccessLogValve.invoke(AbstractAccessLogValve.java:687)
	at org.wso2.carbon.tomcat.ext.valves.CarbonContextCreatorValve.invoke(CarbonContextCreatorValve.java:63)
	at org.wso2.carbon.tomcat.ext.valves.RequestEncodingValve.invoke(RequestEncodingValve.java:49)
	at org.wso2.carbon.tomcat.ext.valves.RequestCorrelationIdValve.invoke(RequestCorrelationIdValve.java:137)
	at org.apache.catalina.core.StandardEngineValve.invoke(StandardEngineValve.java:78)
	at org.apache.catalina.connector.CoyoteAdapter.service(CoyoteAdapter.java:359)
	at org.apache.coyote.http11.Http11Processor.service(Http11Processor.java:399)
	at org.apache.coyote.AbstractProcessorLight.process(AbstractProcessorLight.java:65)
	at org.apache.coyote.AbstractProtocol$ConnectionHandler.process(AbstractProtocol.java:889)
	at org.apache.tomcat.util.net.NioEndpoint$SocketProcessor.doRun(NioEndpoint.java:1735)
	at org.apache.tomcat.util.net.SocketProcessorBase.run(SocketProcessorBase.java:49)
	at org.apache.tomcat.util.threads.ThreadPoolExecutor.runWorker(ThreadPoolExecutor.java:1191)
	at org.apache.tomcat.util.threads.ThreadPoolExecutor$Worker.run(ThreadPoolExecutor.java:659)
	at org.apache.tomcat.util.threads.TaskThread$WrappingRunnable.run(TaskThread.java:61)
	at java.base/java.lang.Thread.run(Thread.java:834)

TID: [-1234] [authenticationendpoint] [2025-03-27 09:48:03,914] [7a2730b3-1ae9-43e9-bd09-b57721f511b9] ERROR {org.apache.catalina.core.ContainerBase.[Catalina].[localhost].[/authenticationendpoint].[default]} - Servlet.service() for servlet [default] in context with path [/authenticationendpoint] threw exception java.util.ConcurrentModificationException
	at java.base/java.util.HashMap$HashIterator.nextNode(HashMap.java:1510)
	at java.base/java.util.HashMap$EntryIterator.next(HashMap.java:1543)
	at java.base/java.util.HashMap$EntryIterator.next(HashMap.java:1541)
	at org.wso2.carbon.identity.custom.header.filter.CustomHeaderFilter.doFilter(CustomHeaderFilter.java:29)
	at org.apache.catalina.core.ApplicationFilterChain.internalDoFilter(ApplicationFilterChain.java:189)
	at org.apache.catalina.core.ApplicationFilterChain.doFilter(ApplicationFilterChain.java:162)
	at org.apache.catalina.filters.HttpHeaderSecurityFilter.doFilter(HttpHeaderSecurityFilter.java:126)
	at org.apache.catalina.core.ApplicationFilterChain.internalDoFilter(ApplicationFilterChain.java:189)
	at org.apache.catalina.core.ApplicationFilterChain.doFilter(ApplicationFilterChain.java:162)
	at org.wso2.carbon.tomcat.ext.filter.ContentTypeBasedCachePreventionFilter.doFilter(ContentTypeBasedCachePreventionFilter.java:51)
	at org.apache.catalina.core.ApplicationFilterChain.internalDoFilter(ApplicationFilterChain.java:189)
	at org.apache.catalina.core.ApplicationFilterChain.doFilter(ApplicationFilterChain.java:162)
	at org.wso2.carbon.identity.application.authentication.endpoint.util.filter.AuthenticationEndpointFilter.doFilter(AuthenticationEndpointFilter.java:190)
	at org.apache.catalina.core.ApplicationFilterChain.internalDoFilter(ApplicationFilterChain.java:189)
	at org.apache.catalina.core.ApplicationFilterChain.doFilter(ApplicationFilterChain.java:162)
	at org.wso2.carbon.identity.application.authentication.endpoint.util.filter.AuthParameterFilter.doFilter(AuthParameterFilter.java:98)
	at org.apache.catalina.core.ApplicationFilterChain.internalDoFilter(ApplicationFilterChain.java:189)
	at org.apache.catalina.core.ApplicationFilterChain.doFilter(ApplicationFilterChain.java:162)
	at org.apache.catalina.filters.HttpHeaderSecurityFilter.doFilter(HttpHeaderSecurityFilter.java:126)
	at org.apache.catalina.core.ApplicationFilterChain.internalDoFilter(ApplicationFilterChain.java:189)
	at org.apache.catalina.core.ApplicationFilterChain.doFilter(ApplicationFilterChain.java:162)
	at org.apache.catalina.core.StandardWrapperValve.invoke(StandardWrapperValve.java:197)
	at org.apache.catalina.core.StandardContextValve.invoke(StandardContextValve.java:97)
	at org.apache.catalina.authenticator.AuthenticatorBase.invoke(AuthenticatorBase.java:540)
	at org.apache.catalina.core.StandardHostValve.invoke(StandardHostValve.java:135)
	at org.apache.catalina.valves.ErrorReportValve.invoke(ErrorReportValve.java:92)
	at org.wso2.carbon.identity.context.rewrite.valve.TenantContextRewriteValve.invoke(TenantContextRewriteValve.java:119)
	at org.wso2.carbon.identity.context.rewrite.valve.OrganizationContextRewriteValve.invoke(OrganizationContextRewriteValve.java:115)
	at org.wso2.carbon.tomcat.ext.valves.SameSiteCookieValve.invoke(SameSiteCookieValve.java:38)
	at org.wso2.carbon.identity.cors.valve.CORSValve.invoke(CORSValve.java:83)
	at org.wso2.carbon.identity.authz.valve.AuthorizationValve.invoke(AuthorizationValve.java:185)
	at org.wso2.carbon.identity.auth.valve.AuthenticationValve.invoke(AuthenticationValve.java:120)
	at org.wso2.carbon.tomcat.ext.valves.CompositeValve.continueInvocation(CompositeValve.java:110)
	at org.wso2.carbon.tomcat.ext.valves.TomcatValveContainer.invokeValves(TomcatValveContainer.java:49)
	at org.wso2.carbon.tomcat.ext.valves.CompositeValve.invoke(CompositeValve.java:71)
	at org.wso2.carbon.tomcat.ext.valves.CarbonStuckThreadDetectionValve.invoke(CarbonStuckThreadDetectionValve.java:152)
	at org.apache.catalina.valves.AbstractAccessLogValve.invoke(AbstractAccessLogValve.java:687)
	at org.wso2.carbon.tomcat.ext.valves.CarbonContextCreatorValve.invoke(CarbonContextCreatorValve.java:63)
	at org.wso2.carbon.tomcat.ext.valves.RequestEncodingValve.invoke(RequestEncodingValve.java:49)
	at org.wso2.carbon.tomcat.ext.valves.RequestCorrelationIdValve.invoke(RequestCorrelationIdValve.java:137)
	at org.apache.catalina.core.StandardEngineValve.invoke(StandardEngineValve.java:78)
	at org.apache.catalina.connector.CoyoteAdapter.service(CoyoteAdapter.java:359)
	at org.apache.coyote.http11.Http11Processor.service(Http11Processor.java:399)
	at org.apache.coyote.AbstractProcessorLight.process(AbstractProcessorLight.java:65)
	at org.apache.coyote.AbstractProtocol$ConnectionHandler.process(AbstractProtocol.java:889)
	at org.apache.tomcat.util.net.NioEndpoint$SocketProcessor.doRun(NioEndpoint.java:1735)
	at org.apache.tomcat.util.net.SocketProcessorBase.run(SocketProcessorBase.java:49)
	at org.apache.tomcat.util.threads.ThreadPoolExecutor.runWorker(ThreadPoolExecutor.java:1191)
	at org.apache.tomcat.util.threads.ThreadPoolExecutor$Worker.run(ThreadPoolExecutor.java:659)
	at org.apache.tomcat.util.threads.TaskThread$WrappingRunnable.run(TaskThread.java:61)
	at java.base/java.lang.Thread.run(Thread.java:834)

TID: [] [] [2025-03-27 10:03:45,000] []  INFO {org.wso2.carbon.webapp.mgt.WebApplication} - Unloaded webapp: StandardEngine[Catalina].StandardHost[localhost].StandardContext[/console]
TID: [] [] [2025-03-27 10:03:45,025] []  INFO {org.wso2.carbon.webapp.mgt.TomcatGenericWebappsDeployer} - Undeployed webapp: StandardEngine[Catalina].StandardHost[localhost].StandardContext[/console].File[/opt/wso2is-tnmt/repository/deployment/server/webapps/console]
TID: [] [] [2025-03-27 10:03:45,158] []  INFO {org.apache.jasper.servlet.TldScanner} - At least one JAR was scanned for TLDs yet contained no TLDs. Enable debug logging for this logger for a complete list of JARs that were scanned but no TLDs were found in them. Skipping unneeded JARs during scanning can improve startup time and JSP compilation time.
TID: [] [] [2025-03-27 10:03:45,301] []  INFO {org.wso2.carbon.webapp.mgt.TomcatGenericWebappsDeployer} - Deployed webapp: StandardEngine[Catalina].StandardHost[localhost].StandardContext[/console1].File[/opt/wso2is-tnmt/repository/deployment/server/webapps/console1]
TID: [] [] [2025-03-27 10:05:45,686] []  INFO {org.apache.jasper.servlet.TldScanner} - At least one JAR was scanned for TLDs yet contained no TLDs. Enable debug logging for this logger for a complete list of JARs that were scanned but no TLDs were found in them. Skipping unneeded JARs during scanning can improve startup time and JSP compilation time.
TID: [] [] [2025-03-27 10:05:45,798] []  INFO {org.wso2.carbon.webapp.mgt.TomcatGenericWebappsDeployer} - Deployed webapp: StandardEngine[Catalina].StandardHost[localhost].StandardContext[/console].File[/opt/wso2is-tnmt/repository/deployment/server/webapps/console]
TID: [-1234] [api] [2025-03-27 10:08:08,697] [7dee4dc1-cca5-4731-b503-3a93b1fd0be3] ERROR {org.apache.catalina.core.ContainerBase.[Catalina].[localhost].[/api].[CXFServlet]} - Servlet.service() for servlet [CXFServlet] in context with path [/api] threw exception java.util.ConcurrentModificationException
	at java.base/java.util.HashMap$HashIterator.nextNode(HashMap.java:1510)
	at java.base/java.util.HashMap$EntryIterator.next(HashMap.java:1543)
	at java.base/java.util.HashMap$EntryIterator.next(HashMap.java:1541)
	at org.wso2.carbon.identity.custom.header.filter.CustomHeaderFilter.doFilter(CustomHeaderFilter.java:29)
	at org.apache.catalina.core.ApplicationFilterChain.internalDoFilter(ApplicationFilterChain.java:189)
	at org.apache.catalina.core.ApplicationFilterChain.doFilter(ApplicationFilterChain.java:162)
	at org.apache.catalina.core.StandardWrapperValve.invoke(StandardWrapperValve.java:197)
	at org.apache.catalina.core.StandardContextValve.invoke(StandardContextValve.java:97)
	at org.apache.catalina.authenticator.AuthenticatorBase.invoke(AuthenticatorBase.java:540)
	at org.apache.catalina.core.StandardHostValve.invoke(StandardHostValve.java:135)
	at org.apache.catalina.valves.ErrorReportValve.invoke(ErrorReportValve.java:92)
	at org.wso2.carbon.identity.context.rewrite.valve.TenantContextRewriteValve.invoke(TenantContextRewriteValve.java:119)
	at org.wso2.carbon.identity.context.rewrite.valve.OrganizationContextRewriteValve.invoke(OrganizationContextRewriteValve.java:115)
	at org.wso2.carbon.tomcat.ext.valves.SameSiteCookieValve.invoke(SameSiteCookieValve.java:38)
	at org.wso2.carbon.identity.cors.valve.CORSValve.invoke(CORSValve.java:83)
	at org.wso2.carbon.identity.authz.valve.AuthorizationValve.invoke(AuthorizationValve.java:161)
	at org.wso2.carbon.identity.auth.valve.AuthenticationValve.invoke(AuthenticationValve.java:144)
	at org.wso2.carbon.tomcat.ext.valves.CompositeValve.continueInvocation(CompositeValve.java:110)
	at org.wso2.carbon.tomcat.ext.valves.TomcatValveContainer.invokeValves(TomcatValveContainer.java:49)
	at org.wso2.carbon.tomcat.ext.valves.CompositeValve.invoke(CompositeValve.java:71)
	at org.wso2.carbon.tomcat.ext.valves.CarbonStuckThreadDetectionValve.invoke(CarbonStuckThreadDetectionValve.java:152)
	at org.apache.catalina.valves.AbstractAccessLogValve.invoke(AbstractAccessLogValve.java:687)
	at org.wso2.carbon.tomcat.ext.valves.CarbonContextCreatorValve.invoke(CarbonContextCreatorValve.java:63)
	at org.wso2.carbon.tomcat.ext.valves.RequestEncodingValve.invoke(RequestEncodingValve.java:49)
	at org.wso2.carbon.tomcat.ext.valves.RequestCorrelationIdValve.invoke(RequestCorrelationIdValve.java:137)
	at org.apache.catalina.core.StandardEngineValve.invoke(StandardEngineValve.java:78)
	at org.apache.catalina.connector.CoyoteAdapter.service(CoyoteAdapter.java:359)
	at org.apache.coyote.http11.Http11Processor.service(Http11Processor.java:399)
	at org.apache.coyote.AbstractProcessorLight.process(AbstractProcessorLight.java:65)
	at org.apache.coyote.AbstractProtocol$ConnectionHandler.process(AbstractProtocol.java:889)
	at org.apache.tomcat.util.net.NioEndpoint$SocketProcessor.doRun(NioEndpoint.java:1735)
	at org.apache.tomcat.util.net.SocketProcessorBase.run(SocketProcessorBase.java:49)
	at org.apache.tomcat.util.threads.ThreadPoolExecutor.runWorker(ThreadPoolExecutor.java:1191)
	at org.apache.tomcat.util.threads.ThreadPoolExecutor$Worker.run(ThreadPoolExecutor.java:659)
	at org.apache.tomcat.util.threads.TaskThread$WrappingRunnable.run(TaskThread.java:61)
	at java.base/java.lang.Thread.run(Thread.java:834)

TID: [-1234] [oauth2] [2025-03-27 11:20:14,299] [474dd802-91a2-437b-80c2-e0c3c0bd4abd]  WARN {org.wso2.carbon.identity.oauth2.authz.validators.AbstractResponseTypeRequestValidator} - Provided Callback URL does not match with the registered one.
TID: [-1234] [] [2025-03-27 19:50:29,384] [af831aa0-6f55-4d94-81de-78b4a908c25b] ERROR {org.wso2.carbon.identity.application.authentication.framework.handler.request.impl.DefaultRequestCoordinator} - Redirecting to retry page as the authentication context has expired.
TID: [-1234] [authenticationendpoint] [2025-03-27 19:50:29,586] [826a366e-5b6b-4726-bdd0-2315a4394ffc] ERROR {org.apache.catalina.core.ContainerBase.[Catalina].[localhost].[/authenticationendpoint].[retry.do]} - Servlet.service() for servlet [retry.do] in context with path [/authenticationendpoint] threw exception [An exception occurred processing [retry.jsp] at line [58]

55:     String statusMsgAuthParam = null;
56: 
57:     if (StringUtils.isNotEmpty(errorKey)) {
58:         AuthenticationRequestWrapper authRequest = (AuthenticationRequestWrapper) request;
59:         statAuthParam = authRequest.getAuthParameter(Constants.STATUS);
60:         statusMsgAuthParam = authRequest.getAuthParameter(Constants.STATUS_MSG);
61:     }


Stacktrace:] with root cause java.lang.ClassNotFoundException: org.wso2.carbon.identity.application.authentication.endpoint.util.client.model.AuthenticationRequestWrapper
	at org.wso2.carbon.webapp.mgt.loader.CarbonWebappClassLoader.loadClass(CarbonWebappClassLoader.java:181)
	at org.apache.catalina.loader.WebappClassLoaderBase.loadClass(WebappClassLoaderBase.java:1215)
	at org.apache.jasper.servlet.JasperLoader.loadClass(JasperLoader.java:122)
	at org.apache.jasper.servlet.JasperLoader.loadClass(JasperLoader.java:58)
	at org.apache.jsp.retry_jsp._jspService(retry_jsp.java:893)
	at org.apache.jasper.runtime.HttpJspBase.service(HttpJspBase.java:70)
	at javax.servlet.http.HttpServlet.service(HttpServlet.java:764)
	at org.apache.jasper.servlet.JspServletWrapper.service(JspServletWrapper.java:466)
	at org.apache.jasper.servlet.JspServlet.serviceJspFile(JspServlet.java:379)
	at org.apache.jasper.servlet.JspServlet.service(JspServlet.java:327)
	at javax.servlet.http.HttpServlet.service(HttpServlet.java:764)
	at org.apache.catalina.core.ApplicationFilterChain.internalDoFilter(ApplicationFilterChain.java:227)
	at org.apache.catalina.core.ApplicationFilterChain.doFilter(ApplicationFilterChain.java:162)
	at org.apache.tomcat.websocket.server.WsFilter.doFilter(WsFilter.java:53)
	at org.apache.catalina.core.ApplicationFilterChain.internalDoFilter(ApplicationFilterChain.java:189)
	at org.apache.catalina.core.ApplicationFilterChain.doFilter(ApplicationFilterChain.java:162)
	at org.wso2.carbon.identity.custom.header.filter.CustomHeaderFilter.doFilter(CustomHeaderFilter.java:32)
	at org.apache.catalina.core.ApplicationFilterChain.internalDoFilter(ApplicationFilterChain.java:189)
	at org.apache.catalina.core.ApplicationFilterChain.doFilter(ApplicationFilterChain.java:162)
	at org.apache.catalina.filters.HttpHeaderSecurityFilter.doFilter(HttpHeaderSecurityFilter.java:126)
	at org.apache.catalina.core.ApplicationFilterChain.internalDoFilter(ApplicationFilterChain.java:189)
	at org.apache.catalina.core.ApplicationFilterChain.doFilter(ApplicationFilterChain.java:162)
	at org.wso2.carbon.tomcat.ext.filter.ContentTypeBasedCachePreventionFilter.doFilter(ContentTypeBasedCachePreventionFilter.java:51)
	at org.apache.catalina.core.ApplicationFilterChain.internalDoFilter(ApplicationFilterChain.java:189)
	at org.apache.catalina.core.ApplicationFilterChain.doFilter(ApplicationFilterChain.java:162)
	at org.wso2.carbon.identity.application.authentication.endpoint.util.filter.AuthenticationEndpointFilter.doFilter(AuthenticationEndpointFilter.java:190)
	at org.apache.catalina.core.ApplicationFilterChain.internalDoFilter(ApplicationFilterChain.java:189)
	at org.apache.catalina.core.ApplicationFilterChain.doFilter(ApplicationFilterChain.java:162)
	at org.wso2.carbon.identity.application.authentication.endpoint.util.filter.AuthParameterFilter.doFilter(AuthParameterFilter.java:94)
	at org.apache.catalina.core.ApplicationFilterChain.internalDoFilter(ApplicationFilterChain.java:189)
	at org.apache.catalina.core.ApplicationFilterChain.doFilter(ApplicationFilterChain.java:162)
	at org.apache.catalina.filters.HttpHeaderSecurityFilter.doFilter(HttpHeaderSecurityFilter.java:126)
	at org.apache.catalina.core.ApplicationFilterChain.internalDoFilter(ApplicationFilterChain.java:189)
	at org.apache.catalina.core.ApplicationFilterChain.doFilter(ApplicationFilterChain.java:162)
	at org.apache.catalina.core.StandardWrapperValve.invoke(StandardWrapperValve.java:197)
	at org.apache.catalina.core.StandardContextValve.invoke(StandardContextValve.java:97)
	at org.apache.catalina.authenticator.AuthenticatorBase.invoke(AuthenticatorBase.java:540)
	at org.apache.catalina.core.StandardHostValve.invoke(StandardHostValve.java:135)
	at org.apache.catalina.valves.ErrorReportValve.invoke(ErrorReportValve.java:92)
	at org.wso2.carbon.identity.context.rewrite.valve.TenantContextRewriteValve.invoke(TenantContextRewriteValve.java:119)
	at org.wso2.carbon.identity.context.rewrite.valve.OrganizationContextRewriteValve.invoke(OrganizationContextRewriteValve.java:115)
	at org.wso2.carbon.tomcat.ext.valves.SameSiteCookieValve.invoke(SameSiteCookieValve.java:38)
	at org.wso2.carbon.identity.cors.valve.CORSValve.invoke(CORSValve.java:83)
	at org.wso2.carbon.identity.authz.valve.AuthorizationValve.invoke(AuthorizationValve.java:185)
	at org.wso2.carbon.identity.auth.valve.AuthenticationValve.invoke(AuthenticationValve.java:120)
	at org.wso2.carbon.tomcat.ext.valves.CompositeValve.continueInvocation(CompositeValve.java:110)
	at org.wso2.carbon.tomcat.ext.valves.TomcatValveContainer.invokeValves(TomcatValveContainer.java:49)
	at org.wso2.carbon.tomcat.ext.valves.CompositeValve.invoke(CompositeValve.java:71)
	at org.wso2.carbon.tomcat.ext.valves.CarbonStuckThreadDetectionValve.invoke(CarbonStuckThreadDetectionValve.java:152)
	at org.apache.catalina.valves.AbstractAccessLogValve.invoke(AbstractAccessLogValve.java:687)
	at org.wso2.carbon.tomcat.ext.valves.CarbonContextCreatorValve.invoke(CarbonContextCreatorValve.java:63)
	at org.wso2.carbon.tomcat.ext.valves.RequestEncodingValve.invoke(RequestEncodingValve.java:49)
	at org.wso2.carbon.tomcat.ext.valves.RequestCorrelationIdValve.invoke(RequestCorrelationIdValve.java:137)
	at org.apache.catalina.core.StandardEngineValve.invoke(StandardEngineValve.java:78)
	at org.apache.catalina.connector.CoyoteAdapter.service(CoyoteAdapter.java:359)
	at org.apache.coyote.http11.Http11Processor.service(Http11Processor.java:399)
	at org.apache.coyote.AbstractProcessorLight.process(AbstractProcessorLight.java:65)
	at org.apache.coyote.AbstractProtocol$ConnectionHandler.process(AbstractProtocol.java:889)
	at org.apache.tomcat.util.net.NioEndpoint$SocketProcessor.doRun(NioEndpoint.java:1735)
	at org.apache.tomcat.util.net.SocketProcessorBase.run(SocketProcessorBase.java:49)
	at org.apache.tomcat.util.threads.ThreadPoolExecutor.runWorker(ThreadPoolExecutor.java:1191)
	at org.apache.tomcat.util.threads.ThreadPoolExecutor$Worker.run(ThreadPoolExecutor.java:659)
	at org.apache.tomcat.util.threads.TaskThread$WrappingRunnable.run(TaskThread.java:61)
	at java.base/java.lang.Thread.run(Thread.java:834)

TID: [-1234] [] [2025-03-27 19:50:49,045] [d319d529-b7da-46b2-bff8-52a514e289ff] ERROR {org.wso2.carbon.identity.application.authentication.framework.handler.request.impl.DefaultRequestCoordinator} - Redirecting to retry page as the authentication context has expired.
TID: [-1234] [authenticationendpoint] [2025-03-27 19:50:49,118] [40b74ac2-a3b3-45fe-9e29-153a2a4b77a5] ERROR {org.apache.catalina.core.ContainerBase.[Catalina].[localhost].[/authenticationendpoint].[retry.do]} - Servlet.service() for servlet [retry.do] in context with path [/authenticationendpoint] threw exception [An exception occurred processing [retry.jsp] at line [58]

55:     String statusMsgAuthParam = null;
56: 
57:     if (StringUtils.isNotEmpty(errorKey)) {
58:         AuthenticationRequestWrapper authRequest = (AuthenticationRequestWrapper) request;
59:         statAuthParam = authRequest.getAuthParameter(Constants.STATUS);
60:         statusMsgAuthParam = authRequest.getAuthParameter(Constants.STATUS_MSG);
61:     }


Stacktrace:] with root cause java.lang.NoClassDefFoundError: org/wso2/carbon/identity/application/authentication/endpoint/util/client/model/AuthenticationRequestWrapper
	at org.apache.jsp.retry_jsp._jspService(retry_jsp.java:893)
	at org.apache.jasper.runtime.HttpJspBase.service(HttpJspBase.java:70)
	at javax.servlet.http.HttpServlet.service(HttpServlet.java:764)
	at org.apache.jasper.servlet.JspServletWrapper.service(JspServletWrapper.java:466)
	at org.apache.jasper.servlet.JspServlet.serviceJspFile(JspServlet.java:379)
	at org.apache.jasper.servlet.JspServlet.service(JspServlet.java:327)
	at javax.servlet.http.HttpServlet.service(HttpServlet.java:764)
	at org.apache.catalina.core.ApplicationFilterChain.internalDoFilter(ApplicationFilterChain.java:227)
	at org.apache.catalina.core.ApplicationFilterChain.doFilter(ApplicationFilterChain.java:162)
	at org.apache.tomcat.websocket.server.WsFilter.doFilter(WsFilter.java:53)
	at org.apache.catalina.core.ApplicationFilterChain.internalDoFilter(ApplicationFilterChain.java:189)
	at org.apache.catalina.core.ApplicationFilterChain.doFilter(ApplicationFilterChain.java:162)
	at org.wso2.carbon.identity.custom.header.filter.CustomHeaderFilter.doFilter(CustomHeaderFilter.java:32)
	at org.apache.catalina.core.ApplicationFilterChain.internalDoFilter(ApplicationFilterChain.java:189)
	at org.apache.catalina.core.ApplicationFilterChain.doFilter(ApplicationFilterChain.java:162)
	at org.apache.catalina.filters.HttpHeaderSecurityFilter.doFilter(HttpHeaderSecurityFilter.java:126)
	at org.apache.catalina.core.ApplicationFilterChain.internalDoFilter(ApplicationFilterChain.java:189)
	at org.apache.catalina.core.ApplicationFilterChain.doFilter(ApplicationFilterChain.java:162)
	at org.wso2.carbon.tomcat.ext.filter.ContentTypeBasedCachePreventionFilter.doFilter(ContentTypeBasedCachePreventionFilter.java:51)
	at org.apache.catalina.core.ApplicationFilterChain.internalDoFilter(ApplicationFilterChain.java:189)
	at org.apache.catalina.core.ApplicationFilterChain.doFilter(ApplicationFilterChain.java:162)
	at org.wso2.carbon.identity.application.authentication.endpoint.util.filter.AuthenticationEndpointFilter.doFilter(AuthenticationEndpointFilter.java:190)
	at org.apache.catalina.core.ApplicationFilterChain.internalDoFilter(ApplicationFilterChain.java:189)
	at org.apache.catalina.core.ApplicationFilterChain.doFilter(ApplicationFilterChain.java:162)
	at org.wso2.carbon.identity.application.authentication.endpoint.util.filter.AuthParameterFilter.doFilter(AuthParameterFilter.java:94)
	at org.apache.catalina.core.ApplicationFilterChain.internalDoFilter(ApplicationFilterChain.java:189)
	at org.apache.catalina.core.ApplicationFilterChain.doFilter(ApplicationFilterChain.java:162)
	at org.apache.catalina.filters.HttpHeaderSecurityFilter.doFilter(HttpHeaderSecurityFilter.java:126)
	at org.apache.catalina.core.ApplicationFilterChain.internalDoFilter(ApplicationFilterChain.java:189)
	at org.apache.catalina.core.ApplicationFilterChain.doFilter(ApplicationFilterChain.java:162)
	at org.apache.catalina.core.StandardWrapperValve.invoke(StandardWrapperValve.java:197)
	at org.apache.catalina.core.StandardContextValve.invoke(StandardContextValve.java:97)
	at org.apache.catalina.authenticator.AuthenticatorBase.invoke(AuthenticatorBase.java:540)
	at org.apache.catalina.core.StandardHostValve.invoke(StandardHostValve.java:135)
	at org.apache.catalina.valves.ErrorReportValve.invoke(ErrorReportValve.java:92)
	at org.wso2.carbon.identity.context.rewrite.valve.TenantContextRewriteValve.invoke(TenantContextRewriteValve.java:119)
	at org.wso2.carbon.identity.context.rewrite.valve.OrganizationContextRewriteValve.invoke(OrganizationContextRewriteValve.java:115)
	at org.wso2.carbon.tomcat.ext.valves.SameSiteCookieValve.invoke(SameSiteCookieValve.java:38)
	at org.wso2.carbon.identity.cors.valve.CORSValve.invoke(CORSValve.java:83)
	at org.wso2.carbon.identity.authz.valve.AuthorizationValve.invoke(AuthorizationValve.java:185)
	at org.wso2.carbon.identity.auth.valve.AuthenticationValve.invoke(AuthenticationValve.java:120)
	at org.wso2.carbon.tomcat.ext.valves.CompositeValve.continueInvocation(CompositeValve.java:110)
	at org.wso2.carbon.tomcat.ext.valves.TomcatValveContainer.invokeValves(TomcatValveContainer.java:49)
	at org.wso2.carbon.tomcat.ext.valves.CompositeValve.invoke(CompositeValve.java:71)
	at org.wso2.carbon.tomcat.ext.valves.CarbonStuckThreadDetectionValve.invoke(CarbonStuckThreadDetectionValve.java:152)
	at org.apache.catalina.valves.AbstractAccessLogValve.invoke(AbstractAccessLogValve.java:687)
	at org.wso2.carbon.tomcat.ext.valves.CarbonContextCreatorValve.invoke(CarbonContextCreatorValve.java:63)
	at org.wso2.carbon.tomcat.ext.valves.RequestEncodingValve.invoke(RequestEncodingValve.java:49)
	at org.wso2.carbon.tomcat.ext.valves.RequestCorrelationIdValve.invoke(RequestCorrelationIdValve.java:137)
	at org.apache.catalina.core.StandardEngineValve.invoke(StandardEngineValve.java:78)
	at org.apache.catalina.connector.CoyoteAdapter.service(CoyoteAdapter.java:359)
	at org.apache.coyote.http11.Http11Processor.service(Http11Processor.java:399)
	at org.apache.coyote.AbstractProcessorLight.process(AbstractProcessorLight.java:65)
	at org.apache.coyote.AbstractProtocol$ConnectionHandler.process(AbstractProtocol.java:889)
	at org.apache.tomcat.util.net.NioEndpoint$SocketProcessor.doRun(NioEndpoint.java:1735)
	at org.apache.tomcat.util.net.SocketProcessorBase.run(SocketProcessorBase.java:49)
	at org.apache.tomcat.util.threads.ThreadPoolExecutor.runWorker(ThreadPoolExecutor.java:1191)
	at org.apache.tomcat.util.threads.ThreadPoolExecutor$Worker.run(ThreadPoolExecutor.java:659)
	at org.apache.tomcat.util.threads.TaskThread$WrappingRunnable.run(TaskThread.java:61)
	at java.base/java.lang.Thread.run(Thread.java:834)

TID: [-1234] [authenticationendpoint] [2025-03-27 19:50:55,934] [5c8e0cbf-4078-41c0-99f2-7ca0b8d9d671] ERROR {org.apache.catalina.core.ContainerBase.[Catalina].[localhost].[/authenticationendpoint].[retry.do]} - Servlet.service() for servlet [retry.do] in context with path [/authenticationendpoint] threw exception [An exception occurred processing [retry.jsp] at line [58]

55:     String statusMsgAuthParam = null;
56: 
57:     if (StringUtils.isNotEmpty(errorKey)) {
58:         AuthenticationRequestWrapper authRequest = (AuthenticationRequestWrapper) request;
59:         statAuthParam = authRequest.getAuthParameter(Constants.STATUS);
60:         statusMsgAuthParam = authRequest.getAuthParameter(Constants.STATUS_MSG);
61:     }


Stacktrace:] with root cause java.lang.NoClassDefFoundError: org/wso2/carbon/identity/application/authentication/endpoint/util/client/model/AuthenticationRequestWrapper
	at org.apache.jsp.retry_jsp._jspService(retry_jsp.java:893)
	at org.apache.jasper.runtime.HttpJspBase.service(HttpJspBase.java:70)
	at javax.servlet.http.HttpServlet.service(HttpServlet.java:764)
	at org.apache.jasper.servlet.JspServletWrapper.service(JspServletWrapper.java:466)
	at org.apache.jasper.servlet.JspServlet.serviceJspFile(JspServlet.java:379)
	at org.apache.jasper.servlet.JspServlet.service(JspServlet.java:327)
	at javax.servlet.http.HttpServlet.service(HttpServlet.java:764)
	at org.apache.catalina.core.ApplicationFilterChain.internalDoFilter(ApplicationFilterChain.java:227)
	at org.apache.catalina.core.ApplicationFilterChain.doFilter(ApplicationFilterChain.java:162)
	at org.apache.tomcat.websocket.server.WsFilter.doFilter(WsFilter.java:53)
	at org.apache.catalina.core.ApplicationFilterChain.internalDoFilter(ApplicationFilterChain.java:189)
	at org.apache.catalina.core.ApplicationFilterChain.doFilter(ApplicationFilterChain.java:162)
	at org.wso2.carbon.identity.custom.header.filter.CustomHeaderFilter.doFilter(CustomHeaderFilter.java:32)
	at org.apache.catalina.core.ApplicationFilterChain.internalDoFilter(ApplicationFilterChain.java:189)
	at org.apache.catalina.core.ApplicationFilterChain.doFilter(ApplicationFilterChain.java:162)
	at org.apache.catalina.filters.HttpHeaderSecurityFilter.doFilter(HttpHeaderSecurityFilter.java:126)
	at org.apache.catalina.core.ApplicationFilterChain.internalDoFilter(ApplicationFilterChain.java:189)
	at org.apache.catalina.core.ApplicationFilterChain.doFilter(ApplicationFilterChain.java:162)
	at org.wso2.carbon.tomcat.ext.filter.ContentTypeBasedCachePreventionFilter.doFilter(ContentTypeBasedCachePreventionFilter.java:51)
	at org.apache.catalina.core.ApplicationFilterChain.internalDoFilter(ApplicationFilterChain.java:189)
	at org.apache.catalina.core.ApplicationFilterChain.doFilter(ApplicationFilterChain.java:162)
	at org.wso2.carbon.identity.application.authentication.endpoint.util.filter.AuthenticationEndpointFilter.doFilter(AuthenticationEndpointFilter.java:190)
	at org.apache.catalina.core.ApplicationFilterChain.internalDoFilter(ApplicationFilterChain.java:189)
	at org.apache.catalina.core.ApplicationFilterChain.doFilter(ApplicationFilterChain.java:162)
	at org.wso2.carbon.identity.application.authentication.endpoint.util.filter.AuthParameterFilter.doFilter(AuthParameterFilter.java:94)
	at org.apache.catalina.core.ApplicationFilterChain.internalDoFilter(ApplicationFilterChain.java:189)
	at org.apache.catalina.core.ApplicationFilterChain.doFilter(ApplicationFilterChain.java:162)
	at org.apache.catalina.filters.HttpHeaderSecurityFilter.doFilter(HttpHeaderSecurityFilter.java:126)
	at org.apache.catalina.core.ApplicationFilterChain.internalDoFilter(ApplicationFilterChain.java:189)
	at org.apache.catalina.core.ApplicationFilterChain.doFilter(ApplicationFilterChain.java:162)
	at org.apache.catalina.core.StandardWrapperValve.invoke(StandardWrapperValve.java:197)
	at org.apache.catalina.core.StandardContextValve.invoke(StandardContextValve.java:97)
	at org.apache.catalina.authenticator.AuthenticatorBase.invoke(AuthenticatorBase.java:540)
	at org.apache.catalina.core.StandardHostValve.invoke(StandardHostValve.java:135)
	at org.apache.catalina.valves.ErrorReportValve.invoke(ErrorReportValve.java:92)
	at org.wso2.carbon.identity.context.rewrite.valve.TenantContextRewriteValve.invoke(TenantContextRewriteValve.java:119)
	at org.wso2.carbon.identity.context.rewrite.valve.OrganizationContextRewriteValve.invoke(OrganizationContextRewriteValve.java:115)
	at org.wso2.carbon.tomcat.ext.valves.SameSiteCookieValve.invoke(SameSiteCookieValve.java:38)
	at org.wso2.carbon.identity.cors.valve.CORSValve.invoke(CORSValve.java:83)
	at org.wso2.carbon.identity.authz.valve.AuthorizationValve.invoke(AuthorizationValve.java:185)
	at org.wso2.carbon.identity.auth.valve.AuthenticationValve.invoke(AuthenticationValve.java:120)
	at org.wso2.carbon.tomcat.ext.valves.CompositeValve.continueInvocation(CompositeValve.java:110)
	at org.wso2.carbon.tomcat.ext.valves.TomcatValveContainer.invokeValves(TomcatValveContainer.java:49)
	at org.wso2.carbon.tomcat.ext.valves.CompositeValve.invoke(CompositeValve.java:71)
	at org.wso2.carbon.tomcat.ext.valves.CarbonStuckThreadDetectionValve.invoke(CarbonStuckThreadDetectionValve.java:152)
	at org.apache.catalina.valves.AbstractAccessLogValve.invoke(AbstractAccessLogValve.java:687)
	at org.wso2.carbon.tomcat.ext.valves.CarbonContextCreatorValve.invoke(CarbonContextCreatorValve.java:63)
	at org.wso2.carbon.tomcat.ext.valves.RequestEncodingValve.invoke(RequestEncodingValve.java:49)
	at org.wso2.carbon.tomcat.ext.valves.RequestCorrelationIdValve.invoke(RequestCorrelationIdValve.java:137)
	at org.apache.catalina.core.StandardEngineValve.invoke(StandardEngineValve.java:78)
	at org.apache.catalina.connector.CoyoteAdapter.service(CoyoteAdapter.java:359)
	at org.apache.coyote.http11.Http11Processor.service(Http11Processor.java:399)
	at org.apache.coyote.AbstractProcessorLight.process(AbstractProcessorLight.java:65)
	at org.apache.coyote.AbstractProtocol$ConnectionHandler.process(AbstractProtocol.java:889)
	at org.apache.tomcat.util.net.NioEndpoint$SocketProcessor.doRun(NioEndpoint.java:1735)
	at org.apache.tomcat.util.net.SocketProcessorBase.run(SocketProcessorBase.java:49)
	at org.apache.tomcat.util.threads.ThreadPoolExecutor.runWorker(ThreadPoolExecutor.java:1191)
	at org.apache.tomcat.util.threads.ThreadPoolExecutor$Worker.run(ThreadPoolExecutor.java:659)
	at org.apache.tomcat.util.threads.TaskThread$WrappingRunnable.run(TaskThread.java:61)
	at java.base/java.lang.Thread.run(Thread.java:834)

TID: [-1234] [] [2025-03-27 19:51:02,305] [fda0505f-75bc-4212-ab59-31637b9f05d7] ERROR {org.wso2.carbon.identity.application.authentication.framework.handler.request.impl.DefaultRequestCoordinator} - Redirecting to retry page as the authentication context has expired.
TID: [-1234] [authenticationendpoint] [2025-03-27 19:51:02,417] [19d1b82b-b1af-4337-96b8-994d4d048716] ERROR {org.apache.catalina.core.ContainerBase.[Catalina].[localhost].[/authenticationendpoint].[retry.do]} - Servlet.service() for servlet [retry.do] in context with path [/authenticationendpoint] threw exception [An exception occurred processing [retry.jsp] at line [58]

55:     String statusMsgAuthParam = null;
56: 
57:     if (StringUtils.isNotEmpty(errorKey)) {
58:         AuthenticationRequestWrapper authRequest = (AuthenticationRequestWrapper) request;
59:         statAuthParam = authRequest.getAuthParameter(Constants.STATUS);
60:         statusMsgAuthParam = authRequest.getAuthParameter(Constants.STATUS_MSG);
61:     }


Stacktrace:] with root cause java.lang.NoClassDefFoundError: org/wso2/carbon/identity/application/authentication/endpoint/util/client/model/AuthenticationRequestWrapper
	at org.apache.jsp.retry_jsp._jspService(retry_jsp.java:893)
	at org.apache.jasper.runtime.HttpJspBase.service(HttpJspBase.java:70)
	at javax.servlet.http.HttpServlet.service(HttpServlet.java:764)
	at org.apache.jasper.servlet.JspServletWrapper.service(JspServletWrapper.java:466)
	at org.apache.jasper.servlet.JspServlet.serviceJspFile(JspServlet.java:379)
	at org.apache.jasper.servlet.JspServlet.service(JspServlet.java:327)
	at javax.servlet.http.HttpServlet.service(HttpServlet.java:764)
	at org.apache.catalina.core.ApplicationFilterChain.internalDoFilter(ApplicationFilterChain.java:227)
	at org.apache.catalina.core.ApplicationFilterChain.doFilter(ApplicationFilterChain.java:162)
	at org.apache.tomcat.websocket.server.WsFilter.doFilter(WsFilter.java:53)
	at org.apache.catalina.core.ApplicationFilterChain.internalDoFilter(ApplicationFilterChain.java:189)
	at org.apache.catalina.core.ApplicationFilterChain.doFilter(ApplicationFilterChain.java:162)
	at org.wso2.carbon.identity.custom.header.filter.CustomHeaderFilter.doFilter(CustomHeaderFilter.java:32)
	at org.apache.catalina.core.ApplicationFilterChain.internalDoFilter(ApplicationFilterChain.java:189)
	at org.apache.catalina.core.ApplicationFilterChain.doFilter(ApplicationFilterChain.java:162)
	at org.apache.catalina.filters.HttpHeaderSecurityFilter.doFilter(HttpHeaderSecurityFilter.java:126)
	at org.apache.catalina.core.ApplicationFilterChain.internalDoFilter(ApplicationFilterChain.java:189)
	at org.apache.catalina.core.ApplicationFilterChain.doFilter(ApplicationFilterChain.java:162)
	at org.wso2.carbon.tomcat.ext.filter.ContentTypeBasedCachePreventionFilter.doFilter(ContentTypeBasedCachePreventionFilter.java:51)
	at org.apache.catalina.core.ApplicationFilterChain.internalDoFilter(ApplicationFilterChain.java:189)
	at org.apache.catalina.core.ApplicationFilterChain.doFilter(ApplicationFilterChain.java:162)
	at org.wso2.carbon.identity.application.authentication.endpoint.util.filter.AuthenticationEndpointFilter.doFilter(AuthenticationEndpointFilter.java:190)
	at org.apache.catalina.core.ApplicationFilterChain.internalDoFilter(ApplicationFilterChain.java:189)
	at org.apache.catalina.core.ApplicationFilterChain.doFilter(ApplicationFilterChain.java:162)
	at org.wso2.carbon.identity.application.authentication.endpoint.util.filter.AuthParameterFilter.doFilter(AuthParameterFilter.java:94)
	at org.apache.catalina.core.ApplicationFilterChain.internalDoFilter(ApplicationFilterChain.java:189)
	at org.apache.catalina.core.ApplicationFilterChain.doFilter(ApplicationFilterChain.java:162)
	at org.apache.catalina.filters.HttpHeaderSecurityFilter.doFilter(HttpHeaderSecurityFilter.java:126)
	at org.apache.catalina.core.ApplicationFilterChain.internalDoFilter(ApplicationFilterChain.java:189)
	at org.apache.catalina.core.ApplicationFilterChain.doFilter(ApplicationFilterChain.java:162)
	at org.apache.catalina.core.StandardWrapperValve.invoke(StandardWrapperValve.java:197)
	at org.apache.catalina.core.StandardContextValve.invoke(StandardContextValve.java:97)
	at org.apache.catalina.authenticator.AuthenticatorBase.invoke(AuthenticatorBase.java:540)
	at org.apache.catalina.core.StandardHostValve.invoke(StandardHostValve.java:135)
	at org.apache.catalina.valves.ErrorReportValve.invoke(ErrorReportValve.java:92)
	at org.wso2.carbon.identity.context.rewrite.valve.TenantContextRewriteValve.invoke(TenantContextRewriteValve.java:119)
	at org.wso2.carbon.identity.context.rewrite.valve.OrganizationContextRewriteValve.invoke(OrganizationContextRewriteValve.java:115)
	at org.wso2.carbon.tomcat.ext.valves.SameSiteCookieValve.invoke(SameSiteCookieValve.java:38)
	at org.wso2.carbon.identity.cors.valve.CORSValve.invoke(CORSValve.java:83)
	at org.wso2.carbon.identity.authz.valve.AuthorizationValve.invoke(AuthorizationValve.java:185)
	at org.wso2.carbon.identity.auth.valve.AuthenticationValve.invoke(AuthenticationValve.java:120)
	at org.wso2.carbon.tomcat.ext.valves.CompositeValve.continueInvocation(CompositeValve.java:110)
	at org.wso2.carbon.tomcat.ext.valves.TomcatValveContainer.invokeValves(TomcatValveContainer.java:49)
	at org.wso2.carbon.tomcat.ext.valves.CompositeValve.invoke(CompositeValve.java:71)
	at org.wso2.carbon.tomcat.ext.valves.CarbonStuckThreadDetectionValve.invoke(CarbonStuckThreadDetectionValve.java:152)
	at org.apache.catalina.valves.AbstractAccessLogValve.invoke(AbstractAccessLogValve.java:687)
	at org.wso2.carbon.tomcat.ext.valves.CarbonContextCreatorValve.invoke(CarbonContextCreatorValve.java:63)
	at org.wso2.carbon.tomcat.ext.valves.RequestEncodingValve.invoke(RequestEncodingValve.java:49)
	at org.wso2.carbon.tomcat.ext.valves.RequestCorrelationIdValve.invoke(RequestCorrelationIdValve.java:137)
	at org.apache.catalina.core.StandardEngineValve.invoke(StandardEngineValve.java:78)
	at org.apache.catalina.connector.CoyoteAdapter.service(CoyoteAdapter.java:359)
	at org.apache.coyote.http11.Http11Processor.service(Http11Processor.java:399)
	at org.apache.coyote.AbstractProcessorLight.process(AbstractProcessorLight.java:65)
	at org.apache.coyote.AbstractProtocol$ConnectionHandler.process(AbstractProtocol.java:889)
	at org.apache.tomcat.util.net.NioEndpoint$SocketProcessor.doRun(NioEndpoint.java:1735)
	at org.apache.tomcat.util.net.SocketProcessorBase.run(SocketProcessorBase.java:49)
	at org.apache.tomcat.util.threads.ThreadPoolExecutor.runWorker(ThreadPoolExecutor.java:1191)
	at org.apache.tomcat.util.threads.ThreadPoolExecutor$Worker.run(ThreadPoolExecutor.java:659)
	at org.apache.tomcat.util.threads.TaskThread$WrappingRunnable.run(TaskThread.java:61)
	at java.base/java.lang.Thread.run(Thread.java:834)

